+ set -e
+ cat /etc/os-release
NAME="Fedora Linux"
VERSION="40 (Container Image)"
ID=fedora
VERSION_ID=40
VERSION_CODENAME=""
PLATFORM_ID="platform:f40"
PRETTY_NAME="Fedora Linux 40 (Container Image)"
ANSI_COLOR="0;38;2;60;110;180"
LOGO=fedora-logo-icon
CPE_NAME="cpe:/o:fedoraproject:fedora:40"
DEFAULT_HOSTNAME="fedora"
HOME_URL="https://fedoraproject.org/"
DOCUMENTATION_URL="https://docs.fedoraproject.org/en-US/fedora/f40/system-administrators-guide/"
SUPPORT_URL="https://ask.fedoraproject.org/"
BUG_REPORT_URL="https://bugzilla.redhat.com/"
REDHAT_BUGZILLA_PRODUCT="Fedora"
REDHAT_BUGZILLA_PRODUCT_VERSION=40
REDHAT_SUPPORT_PRODUCT="Fedora"
REDHAT_SUPPORT_PRODUCT_VERSION=40
SUPPORT_END=2025-05-13
VARIANT="Container Image"
VARIANT_ID=container
+ env
KUBERNETES_SERVICE_PORT_HTTPS=443
KUBERNETES_SERVICE_PORT=443
MINIO_PORT_9001_TCP_ADDR=10.43.178.233
ARGO_TEMPLATE={"name":"build-template","inputs":{"parameters":[{"name":"image","value":"nbesdev/build-cpython:fedora-amd64"},{"name":"build_script","value":"build_022.sh"}]},"outputs":{},"metadata":{"labels":{"build-cpython-id":"build_022.sh"}},"container":{"name":"","image":"nbesdev/build-cpython:fedora-amd64","command":["./build_022.sh"],"resources":{"limits":{"memory":"13Gi"}},"imagePullPolicy":"Always"},"archiveLocation":{"archiveLogs":true,"s3":{"endpoint":"minio:9000","bucket":"my-bucket","insecure":true,"accessKeySecret":{"name":"my-minio-cred","key":"accesskey"},"secretKeySecret":{"name":"my-minio-cred","key":"secretkey"},"key":"build-cpython-qgg42/build-cpython-qgg42-build-template-2386301142"}},"activeDeadlineSeconds":10800}
HOSTNAME=build-cpython-qgg42-build-template-2386301142
MINIO_PORT_9001_TCP=tcp://10.43.178.233:9001
MINIO_SERVICE_PORT_DASHBOARD=9001
ARGO_INCLUDE_SCRIPT_OUTPUT=false
DISTTAG=f40container
ARGO_SERVER_PORT_2746_TCP_PROTO=tcp
PWD=/src
MINIO_SERVICE_PORT=9000
HTTPBIN_SERVICE_HOST=10.43.121.18
HTTPBIN_SERVICE_PORT_API=9100
FBR=f40
HTTPBIN_PORT_9100_TCP=tcp://10.43.121.18:9100
ARGO_SERVER_PORT_2746_TCP=tcp://10.43.100.220:2746
MINIO_PORT=tcp://10.43.178.233:9000
HOME=/root
KUBERNETES_PORT_443_TCP=tcp://10.43.0.1:443
HTTPBIN_SERVICE_PORT=9100
FGC=f40
HTTPBIN_PORT_9100_TCP_PROTO=tcp
MINIO_PORT_9001_TCP_PORT=9001
ARGO_CONTAINER_NAME=main
ARGO_PROGRESS_FILE=/var/run/argo/progress
ARGO_SERVER_SERVICE_PORT_WEB=2746
ARGO_SERVER_PORT_2746_TCP_PORT=2746
ARGO_DEADLINE=0001-01-01T00:00:00Z
HTTPBIN_PORT=tcp://10.43.121.18:9100
MINIO_PORT_9000_TCP_ADDR=10.43.178.233
MINIO_SERVICE_PORT_API=9000
MINIO_PORT_9000_TCP_PROTO=tcp
MINIO_PORT_9001_TCP_PROTO=tcp
MINIO_PORT_9000_TCP=tcp://10.43.178.233:9000
ARGO_NODE_ID=build-cpython-qgg42-2386301142
ARGO_SERVER_SERVICE_PORT=2746
ARGO_SERVER_SERVICE_HOST=10.43.100.220
MINIO_SERVICE_HOST=10.43.178.233
HTTPBIN_PORT_9100_TCP_ADDR=10.43.121.18
SHLVL=1
KUBERNETES_PORT_443_TCP_PROTO=tcp
ARGO_PROGRESS_FILE_TICK_DURATION=3s
KUBERNETES_PORT_443_TCP_ADDR=10.43.0.1
HTTPBIN_PORT_9100_TCP_PORT=9100
KUBERNETES_SERVICE_HOST=10.43.0.1
KUBERNETES_PORT=tcp://10.43.0.1:443
KUBERNETES_PORT_443_TCP_PORT=443
ARGO_SERVER_PORT=tcp://10.43.100.220:2746
PATH=/usr/local/sbin:/usr/local/bin:/usr/sbin:/usr/bin:/sbin:/bin
ARGO_SERVER_PORT_2746_TCP_ADDR=10.43.100.220
ARGO_PROGRESS_PATCH_TICK_DURATION=1m0s
MINIO_PORT_9000_TCP_PORT=9000
_=/usr/bin/env
+ rm /usr/bin/ld
+ ln -s /usr/bin/ld.lld /usr/bin/ld
+ export CC=clang
+ CC=clang
+ export CXX=clang++
+ CXX=clang++
+ cd /src/Python-3.12.4
+ set +e
+ ./configure --with-assertions --with-pydebug
checking build system type... x86_64-pc-linux-gnu
checking host system type... x86_64-pc-linux-gnu
checking for Python interpreter freezing... ./_bootstrap_python
checking for python3.12... python3.12
checking Python for regen version... Python 3.12.4
checking for pkg-config... /usr/bin/pkg-config
checking pkg-config is at least version 0.9.0... yes
checking for --enable-universalsdk... no
checking for --with-universal-archs... no
checking MACHDEP... "linux"
checking for gcc... clang
checking whether the C compiler works... yes
checking for C compiler default output file name... a.out
checking for suffix of executables... 
checking whether we are cross compiling... no
checking for suffix of object files... o
checking whether the compiler supports GNU C... yes
checking whether clang accepts -g... yes
checking for clang option to enable C11 features... none needed
checking how to run the C preprocessor... clang -E
checking for grep that handles long lines and -e... /usr/bin/grep
checking for a sed that does not truncate output... /usr/bin/sed
checking for egrep... /usr/bin/grep -E
checking for CC compiler name... clang
checking for stdio.h... yes
checking for stdlib.h... yes
checking for string.h... yes
checking for inttypes.h... yes
checking for stdint.h... yes
checking for strings.h... yes
checking for sys/stat.h... yes
checking for sys/types.h... yes
checking for unistd.h... yes
checking for wchar.h... yes
checking for minix/config.h... no
checking whether it is safe to define __EXTENSIONS__... yes
checking whether _XOPEN_SOURCE should be defined... no
checking for the platform triplet based on compiler characteristics... x86_64-linux-gnu
checking for multiarch... 
checking for PEP 11 support tier... x86_64-pc-linux-gnu/clang has tier 2 (supported)
checking for -Wl,--no-as-needed... yes
checking for the Android API level... not Android
checking for --with-emscripten-target... 
checking for --enable-wasm-dynamic-linking... missing
checking for --enable-wasm-pthreads... missing
checking for --with-suffix... 
checking for case-insensitive build directory... no
checking LIBRARY... libpython$(VERSION)$(ABIFLAGS).a
checking LINKCC... $(PURIFY) $(CC)
checking EXPORTSYMS... 
checking for GNU ld... yes
checking for --enable-shared... no
checking for --with-static-libpython... yes
checking for --enable-profiling... no
checking LDLIBRARY... checking HOSTRUNNER... 
libpython$(VERSION)$(ABIFLAGS).a
checking for ar... ar
checking for a BSD-compatible install... /usr/bin/install -c
checking for a race-free mkdir -p... /usr/bin/mkdir -p
checking for --with-pydebug... yes
checking for --with-trace-refs... no
checking for --enable-pystats... no
checking for --with-assertions... yes
checking for --enable-optimizations... no
checking PROFILE_TASK... -m test --pgo --timeout=$(TESTTIMEOUT)
./configure: line 8274: which: command not found
checking for --with-lto... no
checking for llvm-profdata... /usr/bin/llvm-profdata
checking for --enable-bolt... no
checking BOLT_INSTRUMENT_FLAGS... 
checking BOLT_APPLY_FLAGS...  -update-debug-sections -reorder-blocks=ext-tsp -reorder-functions=hfsort+ -split-functions -icf=1 -inline-all -split-eh -reorder-functions-use-hot-size -peepholes=none -jump-tables=aggressive -inline-ap -indirect-call-promotion=all -dyno-stats -use-gnu-stack -frame-opt=hot 
checking if clang supports -fstrict-overflow and -fno-strict-overflow... yes
checking for --with-strict-overflow... no
checking if clang supports -Og optimization level... yes
checking if we can add -Wextra... yes
checking whether clang -fno-strict-aliasing accepts and needs -fno-strict-aliasing... no
checking if we can disable clang unused-parameter warning... yes
checking if we can disable clang int-conversion warning... yes
checking if we can disable clang missing-field-initializers warning... yes
checking if we can enable clang sign-compare warning... yes
checking if we can enable clang unreachable-code warning... yes
checking if we can enable clang strict-prototypes warning... yes
checking if we can make implicit function declaration an error in clang -Werror=implicit-function-declaration... yes
checking if we can use visibility in clang -fvisibility=hidden... yes
checking whether pthreads are available without options... yes
checking whether clang++ also accepts flags for thread support... no
checking for alloca.h... yes
checking for asm/types.h... yes
checking for bluetooth.h... no
checking for conio.h... no
checking for crypt.h... yes
checking for direct.h... no
checking for dlfcn.h... yes
checking for endian.h... yes
checking for errno.h... yes
checking for fcntl.h... yes
checking for grp.h... yes
checking for ieeefp.h... no
checking for io.h... no
checking for langinfo.h... yes
checking for libintl.h... yes
checking for libutil.h... no
checking for linux/auxvec.h... yes
checking for sys/auxv.h... yes
checking for linux/fs.h... yes
checking for linux/limits.h... yes
checking for linux/memfd.h... yes
checking for linux/random.h... yes
checking for linux/soundcard.h... yes
checking for linux/tipc.h... yes
checking for linux/wait.h... yes
checking for netdb.h... yes
checking for net/ethernet.h... yes
checking for netinet/in.h... yes
checking for netpacket/packet.h... yes
checking for poll.h... yes
checking for process.h... no
checking for pthread.h... yes
checking for pty.h... yes
checking for sched.h... yes
checking for setjmp.h... yes
checking for shadow.h... yes
checking for signal.h... yes
checking for spawn.h... yes
checking for stropts.h... no
checking for sys/audioio.h... no
checking for sys/bsdtty.h... no
checking for sys/devpoll.h... no
checking for sys/endian.h... no
checking for sys/epoll.h... yes
checking for sys/event.h... no
checking for sys/eventfd.h... yes
checking for sys/file.h... yes
checking for sys/ioctl.h... yes
checking for sys/kern_control.h... no
checking for sys/loadavg.h... no
checking for sys/lock.h... no
checking for sys/memfd.h... no
checking for sys/mkdev.h... no
checking for sys/mman.h... yes
checking for sys/modem.h... no
checking for sys/param.h... yes
checking for sys/poll.h... yes
checking for sys/random.h... yes
checking for sys/resource.h... yes
checking for sys/select.h... yes
checking for sys/sendfile.h... yes
checking for sys/socket.h... yes
checking for sys/soundcard.h... yes
checking for sys/stat.h... (cached) yes
checking for sys/statvfs.h... yes
checking for sys/sys_domain.h... no
checking for sys/syscall.h... yes
checking for sys/sysmacros.h... yes
checking for sys/termio.h... no
checking for sys/time.h... yes
checking for sys/times.h... yes
checking for sys/types.h... (cached) yes
checking for sys/uio.h... yes
checking for sys/un.h... yes
checking for sys/utsname.h... yes
checking for sys/wait.h... yes
checking for sys/xattr.h... yes
checking for sysexits.h... yes
checking for syslog.h... yes
checking for termios.h... yes
checking for util.h... no
checking for utime.h... yes
checking for utmp.h... yes
checking for dirent.h that defines DIR... yes
checking for library containing opendir... none required
checking for sys/mkdev.h... (cached) no
checking for sys/sysmacros.h... (cached) yes
checking for bluetooth/bluetooth.h... no
checking for net/if.h... yes
checking for linux/netlink.h... yes
checking for linux/qrtr.h... yes
checking for linux/vm_sockets.h... yes
checking for linux/can.h... yes
checking for linux/can/bcm.h... yes
checking for linux/can/j1939.h... yes
checking for linux/can/raw.h... yes
checking for netcan/can.h... no
checking for clock_t in time.h... yes
checking for makedev... yes
checking for le64toh... yes
checking for mode_t... yes
checking for off_t... yes
checking for pid_t... yes
checking for size_t... yes
checking for uid_t in sys/types.h... yes
checking for ssize_t... yes
checking for __uint128_t... yes
checking size of int... 4
checking size of long... 8
checking alignment of long... 8
checking size of long long... 8
checking size of void *... 8
checking size of short... 2
checking size of float... 4
checking size of double... 8
checking size of fpos_t... 16
checking size of size_t... 8
checking alignment of size_t... 8
checking size of pid_t... 4
checking size of uintptr_t... 8
checking alignment of max_align_t... 16
checking for long double... yes
checking size of long double... 16
checking size of _Bool... 1
checking size of off_t... 8
checking whether to enable large file support... no
checking size of time_t... 8
checking for pthread_t... yes
checking size of pthread_t... 8
checking size of pthread_key_t... 4
checking whether pthread_key_t is compatible with int... yes
checking for --enable-framework... no
checking for --with-dsymutil... no
checking for dyld... no
checking for --with-address-sanitizer... no
checking for --with-memory-sanitizer... no
checking for --with-undefined-behavior-sanitizer... no
checking for --with-thread-sanitizer... no
checking the extension of shared libraries... .so
checking LDSHARED... $(CC) -shared
checking BLDSHARED flags... $(CC) -shared
checking CCSHARED... -fPIC
checking LINKFORSHARED... -Xlinker -export-dynamic
checking CFLAGSFORSHARED... 
checking SHLIBS... $(LIBS)
checking perf trampoline... yes
checking for sendfile in -lsendfile... no
checking for dlopen in -ldl... yes
checking for shl_load in -ldld... no
checking for uuid.h... no
checking for uuid >= 2.20... no
checking for uuid/uuid.h... no
checking for uuid/uuid.h... (cached) no
checking for library containing sem_init... none required
checking for textdomain in -lintl... no
checking aligned memory access is required... no
checking for --with-hash-algorithm... default
checking for --with-tzpath... "/usr/share/zoneinfo:/usr/lib/zoneinfo:/usr/share/lib/zoneinfo:/etc/zoneinfo"
checking for t_open in -lnsl... no
checking for socket in -lsocket... no
checking for --with-libs... no
checking for --with-system-expat... no
checking for libffi... yes
checking for ffi_prep_cif_var... yes
checking for ffi_prep_closure_loc... yes
checking for ffi_closure_alloc... yes
checking for --with-system-libmpdec... no
checking for --with-decimal-contextvar... yes
checking for decimal libmpdec machine... uint128
checking for libnsl... no
checking for library containing yp_match... no
checking for sqlite3 >= 3.7.15... no
checking for sqlite3.h... no
checking for --enable-loadable-sqlite-extensions... no
checking for tcl >= 8.5.12 tk >= 8.5.12... yes
checking for gdbm.h... no
checking for ndbm.h... no
checking for ndbm presence and linker args...  ()
checking for gdbm/ndbm.h... no
checking for gdbm-ndbm.h... no
checking for db.h... no
checking for --with-dbmliborder... gdbm:ndbm:bdb
checking for _dbm module CFLAGS and LIBS...  
checking if PTHREAD_SCOPE_SYSTEM is supported... yes
checking for pthread_sigmask... yes
checking for pthread_getcpuclockid... yes
checking if --enable-ipv6 is specified... yes
checking if RFC2553 API is available... yes
checking ipv6 stack type... linux-glibc
checking CAN_RAW_FD_FRAMES... yes
checking for CAN_RAW_JOIN_FILTERS... yes
checking for --with-doc-strings... yes
checking for --with-pymalloc... yes
checking for --with-freelists... yes
checking for --with-c-locale-coercion... yes
checking for --with-valgrind... no
checking for --with-dtrace... no
checking for dlopen... yes
checking DYNLOADFILE... dynload_shlib.o
checking MACHDEP_OBJS... none
checking for accept4... yes
checking for alarm... yes
checking for bind_textdomain_codeset... yes
checking for chmod... yes
checking for chown... yes
checking for clock... yes
checking for close_range... yes
checking for confstr... yes
checking for copy_file_range... yes
checking for ctermid... yes
checking for dup... yes
checking for dup3... yes
checking for execv... yes
checking for explicit_bzero... yes
checking for explicit_memset... no
checking for faccessat... yes
checking for fchmod... yes
checking for fchmodat... yes
checking for fchown... yes
checking for fchownat... yes
checking for fdopendir... yes
checking for fdwalk... no
checking for fexecve... yes
checking for fork... yes
checking for fork1... no
checking for fpathconf... yes
checking for fstatat... yes
checking for ftime... yes
checking for ftruncate... yes
checking for futimens... yes
checking for futimes... yes
checking for futimesat... yes
checking for gai_strerror... yes
checking for getegid... yes
checking for getentropy... yes
checking for geteuid... yes
checking for getgid... yes
checking for getgrgid... yes
checking for getgrgid_r... yes
checking for getgrnam_r... yes
checking for getgrouplist... yes
checking for getgroups... yes
checking for gethostname... yes
checking for getitimer... yes
checking for getloadavg... yes
checking for getlogin... yes
checking for getpeername... yes
checking for getpgid... yes
checking for getpid... yes
checking for getppid... yes
checking for getpriority... yes
checking for _getpty... no
checking for getpwent... yes
checking for getpwnam_r... yes
checking for getpwuid... yes
checking for getpwuid_r... yes
checking for getresgid... yes
checking for getresuid... yes
checking for getrusage... yes
checking for getsid... yes
checking for getspent... yes
checking for getspnam... yes
checking for getuid... yes
checking for getwd... yes
checking for if_nameindex... yes
checking for initgroups... yes
checking for kill... yes
checking for killpg... yes
checking for lchown... yes
checking for linkat... yes
checking for lockf... yes
checking for lstat... yes
checking for lutimes... yes
checking for madvise... yes
checking for mbrtowc... yes
checking for memrchr... yes
checking for mkdirat... yes
checking for mkfifo... yes
checking for mkfifoat... yes
checking for mknod... yes
checking for mknodat... yes
checking for mktime... yes
checking for mmap... yes
checking for mremap... yes
checking for nice... yes
checking for openat... yes
checking for opendir... yes
checking for pathconf... yes
checking for pause... yes
checking for pipe... yes
checking for pipe2... yes
checking for plock... no
checking for poll... yes
checking for posix_fadvise... yes
checking for posix_fallocate... yes
checking for posix_spawn... yes
checking for posix_spawnp... yes
checking for pread... yes
checking for preadv... yes
checking for preadv2... yes
checking for pthread_condattr_setclock... yes
checking for pthread_init... no
checking for pthread_kill... yes
checking for pwrite... yes
checking for pwritev... yes
checking for pwritev2... yes
checking for readlink... yes
checking for readlinkat... yes
checking for readv... yes
checking for realpath... yes
checking for renameat... yes
checking for rtpSpawn... no
checking for sched_get_priority_max... yes
checking for sched_rr_get_interval... yes
checking for sched_setaffinity... yes
checking for sched_setparam... yes
checking for sched_setscheduler... yes
checking for sem_clockwait... yes
checking for sem_getvalue... yes
checking for sem_open... yes
checking for sem_timedwait... yes
checking for sem_unlink... yes
checking for sendfile... yes
checking for setegid... yes
checking for seteuid... yes
checking for setgid... yes
checking for sethostname... yes
checking for setitimer... yes
checking for setlocale... yes
checking for setpgid... yes
checking for setpgrp... yes
checking for setpriority... yes
checking for setregid... yes
checking for setresgid... yes
checking for setresuid... yes
checking for setreuid... yes
checking for setsid... yes
checking for setuid... yes
checking for setvbuf... yes
checking for shutdown... yes
checking for sigaction... yes
checking for sigaltstack... yes
checking for sigfillset... yes
checking for siginterrupt... yes
checking for sigpending... yes
checking for sigrelse... yes
checking for sigtimedwait... yes
checking for sigwait... yes
checking for sigwaitinfo... yes
checking for snprintf... yes
checking for splice... yes
checking for strftime... yes
checking for strlcpy... yes
checking for strsignal... yes
checking for symlinkat... yes
checking for sync... yes
checking for sysconf... yes
checking for system... yes
checking for tcgetpgrp... yes
checking for tcsetpgrp... yes
checking for tempnam... yes
checking for timegm... yes
checking for times... yes
checking for tmpfile... yes
checking for tmpnam... yes
checking for tmpnam_r... yes
checking for truncate... yes
checking for ttyname... yes
checking for umask... yes
checking for uname... yes
checking for unlinkat... yes
checking for utimensat... yes
checking for utimes... yes
checking for vfork... yes
checking for wait... yes
checking for wait3... yes
checking for wait4... yes
checking for waitid... yes
checking for waitpid... yes
checking for wcscoll... yes
checking for wcsftime... yes
checking for wcsxfrm... yes
checking for wmemcmp... yes
checking for writev... yes
checking for clang options needed to detect all undeclared functions... none needed
checking whether dirfd is declared... yes
checking for chroot... yes
checking for link... yes
checking for symlink... yes
checking for fchdir... yes
checking for fsync... yes
checking for fdatasync... yes
checking for epoll_create... yes
checking for epoll_create1... yes
checking for kqueue... no
checking for prlimit... yes
checking for _dyld_shared_cache_contains_path... no
checking for memfd_create... yes
checking for eventfd... yes
checking for ctermid_r... no
checking for flock declaration... yes
checking for flock... yes
checking for getpagesize... yes
checking for broken unsetenv... no
checking for true... true
checking for inet_aton in -lc... yes
checking for chflags... no
checking for lchflags... no
checking for zlib >= 1.2.0... yes
checking for bzip2... yes
checking for liblzma... yes
checking for hstrerror... yes
checking for getservbyname... yes
checking for getservbyport... yes
checking for gethostbyname... yes
checking for gethostbyaddr... yes
checking for getprotobyname... yes
checking for inet_aton... yes
checking for inet_ntoa... yes
checking for inet_pton... yes
checking for getpeername... (cached) yes
checking for getsockname... yes
checking for accept... yes
checking for bind... yes
checking for connect... yes
checking for listen... yes
checking for recvfrom... yes
checking for sendto... yes
checking for setsockopt... yes
checking for socket... yes
checking for setgroups... yes
checking for openpty... yes
checking for library containing login_tty... none required
checking for forkpty... yes
checking for fseek64... no
checking for fseeko... yes
checking for fstatvfs... yes
checking for ftell64... no
checking for ftello... yes
checking for statvfs... yes
checking for dup2... yes
checking for getpgrp... yes
checking for setpgrp... (cached) yes
checking for setns... yes
checking for unshare... yes
checking for libxcrypt >= 3.1.1... yes
checking for crypt or crypt_r... yes
checking for clock_gettime... yes
checking for clock_getres... yes
checking for clock_settime... yes
checking for clock_nanosleep... yes
checking for nanosleep... yes
checking for major, minor, and makedev... yes
checking for getaddrinfo... yes
checking getaddrinfo bug... no
checking for getnameinfo... yes
checking whether struct tm is in sys/time.h or time.h... time.h
checking for struct tm.tm_zone... yes
checking for struct stat.st_rdev... yes
checking for struct stat.st_blksize... yes
checking for struct stat.st_flags... no
checking for struct stat.st_gen... no
checking for struct stat.st_birthtime... no
checking for struct stat.st_blocks... yes
checking for struct passwd.pw_gecos... yes
checking for struct passwd.pw_passwd... yes
checking for siginfo_t.si_band... yes
checking for time.h that defines altzone... no
checking for addrinfo... yes
checking for sockaddr_storage... yes
checking for sockaddr_alg... yes
checking for an ANSI C-conforming const... yes
checking for working signed char... yes
checking for prototypes... yes
checking for socketpair... yes
checking if sockaddr has sa_len member... no
checking for gethostbyname_r... yes
checking gethostbyname_r with 6 args... yes
checking for __fpu_control... yes
checking for --with-libm=STRING... default LIBM="-lm"
checking for --with-libc=STRING... default LIBC=""
checking for x64 gcc inline assembler... yes
checking whether float word ordering is bigendian... no
checking whether we can use gcc inline assembler to get and set x87 control word... yes
checking whether we can use gcc inline assembler to get and set mc68881 fpcr... no
checking for x87-style double rounding... no
checking for acosh... yes
checking for asinh... yes
checking for atanh... yes
checking for erf... yes
checking for erfc... yes
checking for expm1... yes
checking for log1p... yes
checking for log2... yes
checking whether POSIX semaphores are enabled... yes
checking for broken sem_getvalue... no
checking whether RTLD_LAZY is declared... yes
checking whether RTLD_NOW is declared... yes
checking whether RTLD_GLOBAL is declared... yes
checking whether RTLD_LOCAL is declared... yes
checking whether RTLD_NODELETE is declared... yes
checking whether RTLD_NOLOAD is declared... yes
checking whether RTLD_DEEPBIND is declared... yes
checking whether RTLD_MEMBER is declared... no
checking digit size for Python's longs... no value specified
checking for wchar.h... (cached) yes
checking size of wchar_t... 4
checking whether wchar_t is signed... yes
checking whether wchar_t is usable... no
checking whether byte ordering is bigendian... no
checking ABIFLAGS... d
checking SOABI... cpython-312d-x86_64-linux-gnu
checking LDVERSION... $(VERSION)$(ABIFLAGS)
checking for --with-platlibdir... no
checking for --with-wheel-pkg-dir... no
checking whether right shift extends the sign bit... yes
checking for getc_unlocked() and friends... yes
checking for readline... no
checking for readline/readline.h... no
checking how to link readline... no
checking for broken nice()... no
checking for broken poll()... no
checking for working tzset()... yes
checking for tv_nsec in struct stat... yes
checking for tv_nsec2 in struct stat... no
checking for curses.h... no
checking for ncurses.h... no
checking curses module flags... no
checking for panel.h... no
checking panel flags... no
checking for term.h... no
checking whether mvwdelch is an expression... no
checking whether WINDOW has _flags... no
checking for curses function is_pad... no
checking for curses function is_term_resized... no
checking for curses function resize_term... no
checking for curses function resizeterm... no
checking for curses function immedok... no
checking for curses function syncok... no
checking for curses function wchgat... no
checking for curses function filter... no
checking for curses function has_key... no
checking for curses function typeahead... no
checking for curses function use_env... no
configure: checking for device files
checking for /dev/ptmx... yes
checking for /dev/ptc... no
checking for socklen_t... yes
checking for broken mbstowcs... no
checking for --with-computed-gotos... no value specified
checking whether clang supports computed gotos... yes
checking for build directories... done
checking for -O2... yes
checking for glibc _FORTIFY_SOURCE/memmove bug... no
checking for stdatomic.h... yes
checking for builtin __atomic_load_n and __atomic_store_n functions... yes
checking for ensurepip... upgrade
checking if the dirent structure of a d_type field... yes
checking for the Linux getrandom() syscall... yes
checking for the getrandom() function... yes
checking for library containing shm_open... none required
checking for shm_open... yes
checking for shm_unlink... yes
checking for pkg-config... /usr/bin/pkg-config
checking whether compiling and linking against OpenSSL works... yes
checking for --with-openssl-rpath... 
checking whether OpenSSL provides required ssl module APIs... yes
checking whether OpenSSL provides required hashlib module APIs... yes
checking for --with-ssl-default-suites... python
checking for --with-builtin-hashlib-hashes... md5,sha1,sha2,sha3,blake2
checking for libb2... no
checking for --disable-test-modules... yes
checking for stdlib extension module _multiprocessing... yes
checking for stdlib extension module _posixshmem... yes
checking for stdlib extension module fcntl... yes
checking for stdlib extension module mmap... yes
checking for stdlib extension module _socket... yes
checking for stdlib extension module grp... yes
checking for stdlib extension module ossaudiodev... yes
checking for stdlib extension module pwd... yes
checking for stdlib extension module resource... yes
checking for stdlib extension module _scproxy... n/a
checking for stdlib extension module spwd... yes
checking for stdlib extension module syslog... yes
checking for stdlib extension module termios... yes
checking for stdlib extension module pyexpat... yes
checking for stdlib extension module _elementtree... yes
checking for stdlib extension module _md5... yes
checking for stdlib extension module _sha1... yes
checking for stdlib extension module _sha2... yes
checking for stdlib extension module _sha3... yes
checking for stdlib extension module _blake2... yes
checking for stdlib extension module _crypt... yes
checking for stdlib extension module _ctypes... yes
checking for stdlib extension module _curses... missing
checking for stdlib extension module _curses_panel... missing
checking for stdlib extension module _decimal... yes
checking for stdlib extension module _dbm... missing
checking for stdlib extension module _gdbm... missing
checking for stdlib extension module nis... missing
checking for stdlib extension module readline... missing
checking for stdlib extension module _sqlite3... disabled
checking for stdlib extension module _tkinter... yes
checking for stdlib extension module _uuid... missing
checking for stdlib extension module zlib... yes
checking for stdlib extension module _bz2... yes
checking for stdlib extension module _lzma... yes
checking for stdlib extension module _ssl... yes
checking for stdlib extension module _hashlib... yes
checking for stdlib extension module _testcapi... yes
checking for stdlib extension module _testclinic... yes
checking for stdlib extension module _testinternalcapi... yes
checking for stdlib extension module _testbuffer... yes
checking for stdlib extension module _testimportmultiple... yes
checking for stdlib extension module _testmultiphase... yes
checking for stdlib extension module xxsubtype... yes
checking for stdlib extension module _xxtestfuzz... yes
checking for stdlib extension module _ctypes_test... yes
checking for stdlib extension module xxlimited... yes
checking for stdlib extension module xxlimited_35... yes
configure: creating ./config.status
config.status: creating Makefile.pre
config.status: creating Misc/python.pc
config.status: creating Misc/python-embed.pc
config.status: creating Misc/python-config.sh
config.status: creating Modules/Setup.bootstrap
config.status: creating Modules/Setup.stdlib
config.status: creating Modules/ld_so_aix
config.status: creating pyconfig.h
configure: creating Modules/Setup.local
configure: creating Makefile
+ make
clang -c -fno-strict-overflow -Wsign-compare -fno-omit-frame-pointer -mno-omit-leaf-frame-pointer -g -Og -Wall    -std=c11 -Wextra -Wno-unused-parameter -Wno-missing-field-initializers -Wstrict-prototypes -Werror=implicit-function-declaration -fvisibility=hidden  -I./Include/internal  -I. -I./Include    -DPy_BUILD_CORE -o Programs/python.o ./Programs/python.c
clang -c -fno-strict-overflow -Wsign-compare -fno-omit-frame-pointer -mno-omit-leaf-frame-pointer -g -Og -Wall    -std=c11 -Wextra -Wno-unused-parameter -Wno-missing-field-initializers -Wstrict-prototypes -Werror=implicit-function-declaration -fvisibility=hidden  -I./Include/internal  -I. -I./Include    -DPy_BUILD_CORE -o Parser/token.o Parser/token.c
clang -c -fno-strict-overflow -Wsign-compare -fno-omit-frame-pointer -mno-omit-leaf-frame-pointer -g -Og -Wall    -std=c11 -Wextra -Wno-unused-parameter -Wno-missing-field-initializers -Wstrict-prototypes -Werror=implicit-function-declaration -fvisibility=hidden  -I./Include/internal  -I. -I./Include    -DPy_BUILD_CORE -o Parser/pegen.o Parser/pegen.c
clang -c -fno-strict-overflow -Wsign-compare -fno-omit-frame-pointer -mno-omit-leaf-frame-pointer -g -Og -Wall    -std=c11 -Wextra -Wno-unused-parameter -Wno-missing-field-initializers -Wstrict-prototypes -Werror=implicit-function-declaration -fvisibility=hidden  -I./Include/internal  -I. -I./Include    -DPy_BUILD_CORE -o Parser/pegen_errors.o Parser/pegen_errors.c
clang -c -fno-strict-overflow -Wsign-compare -fno-omit-frame-pointer -mno-omit-leaf-frame-pointer -g -Og -Wall    -std=c11 -Wextra -Wno-unused-parameter -Wno-missing-field-initializers -Wstrict-prototypes -Werror=implicit-function-declaration -fvisibility=hidden  -I./Include/internal  -I. -I./Include    -DPy_BUILD_CORE -o Parser/action_helpers.o Parser/action_helpers.c
clang -c -fno-strict-overflow -Wsign-compare -fno-omit-frame-pointer -mno-omit-leaf-frame-pointer -g -Og -Wall    -std=c11 -Wextra -Wno-unused-parameter -Wno-missing-field-initializers -Wstrict-prototypes -Werror=implicit-function-declaration -fvisibility=hidden  -I./Include/internal  -I. -I./Include    -DPy_BUILD_CORE -o Parser/parser.o Parser/parser.c
clang -c -fno-strict-overflow -Wsign-compare -fno-omit-frame-pointer -mno-omit-leaf-frame-pointer -g -Og -Wall    -std=c11 -Wextra -Wno-unused-parameter -Wno-missing-field-initializers -Wstrict-prototypes -Werror=implicit-function-declaration -fvisibility=hidden  -I./Include/internal  -I. -I./Include    -DPy_BUILD_CORE -o Parser/string_parser.o Parser/string_parser.c
clang -c -fno-strict-overflow -Wsign-compare -fno-omit-frame-pointer -mno-omit-leaf-frame-pointer -g -Og -Wall    -std=c11 -Wextra -Wno-unused-parameter -Wno-missing-field-initializers -Wstrict-prototypes -Werror=implicit-function-declaration -fvisibility=hidden  -I./Include/internal  -I. -I./Include    -DPy_BUILD_CORE -o Parser/peg_api.o Parser/peg_api.c
clang -c -fno-strict-overflow -Wsign-compare -fno-omit-frame-pointer -mno-omit-leaf-frame-pointer -g -Og -Wall    -std=c11 -Wextra -Wno-unused-parameter -Wno-missing-field-initializers -Wstrict-prototypes -Werror=implicit-function-declaration -fvisibility=hidden  -I./Include/internal  -I. -I./Include    -DPy_BUILD_CORE -o Parser/myreadline.o Parser/myreadline.c
clang -c -fno-strict-overflow -Wsign-compare -fno-omit-frame-pointer -mno-omit-leaf-frame-pointer -g -Og -Wall    -std=c11 -Wextra -Wno-unused-parameter -Wno-missing-field-initializers -Wstrict-prototypes -Werror=implicit-function-declaration -fvisibility=hidden  -I./Include/internal  -I. -I./Include    -DPy_BUILD_CORE -o Parser/tokenizer.o Parser/tokenizer.c
clang -c -fno-strict-overflow -Wsign-compare -fno-omit-frame-pointer -mno-omit-leaf-frame-pointer -g -Og -Wall    -std=c11 -Wextra -Wno-unused-parameter -Wno-missing-field-initializers -Wstrict-prototypes -Werror=implicit-function-declaration -fvisibility=hidden  -I./Include/internal  -I. -I./Include    -DPy_BUILD_CORE -o Objects/abstract.o Objects/abstract.c
clang -c -fno-strict-overflow -Wsign-compare -fno-omit-frame-pointer -mno-omit-leaf-frame-pointer -g -Og -Wall    -std=c11 -Wextra -Wno-unused-parameter -Wno-missing-field-initializers -Wstrict-prototypes -Werror=implicit-function-declaration -fvisibility=hidden  -I./Include/internal  -I. -I./Include    -DPy_BUILD_CORE -o Objects/boolobject.o Objects/boolobject.c
clang -c -fno-strict-overflow -Wsign-compare -fno-omit-frame-pointer -mno-omit-leaf-frame-pointer -g -Og -Wall    -std=c11 -Wextra -Wno-unused-parameter -Wno-missing-field-initializers -Wstrict-prototypes -Werror=implicit-function-declaration -fvisibility=hidden  -I./Include/internal  -I. -I./Include    -DPy_BUILD_CORE -o Objects/bytes_methods.o Objects/bytes_methods.c
clang -c -fno-strict-overflow -Wsign-compare -fno-omit-frame-pointer -mno-omit-leaf-frame-pointer -g -Og -Wall    -std=c11 -Wextra -Wno-unused-parameter -Wno-missing-field-initializers -Wstrict-prototypes -Werror=implicit-function-declaration -fvisibility=hidden  -I./Include/internal  -I. -I./Include    -DPy_BUILD_CORE -o Objects/bytearrayobject.o Objects/bytearrayobject.c
clang -c -fno-strict-overflow -Wsign-compare -fno-omit-frame-pointer -mno-omit-leaf-frame-pointer -g -Og -Wall    -std=c11 -Wextra -Wno-unused-parameter -Wno-missing-field-initializers -Wstrict-prototypes -Werror=implicit-function-declaration -fvisibility=hidden  -I./Include/internal  -I. -I./Include    -DPy_BUILD_CORE -o Objects/bytesobject.o Objects/bytesobject.c
clang -c -fno-strict-overflow -Wsign-compare -fno-omit-frame-pointer -mno-omit-leaf-frame-pointer -g -Og -Wall    -std=c11 -Wextra -Wno-unused-parameter -Wno-missing-field-initializers -Wstrict-prototypes -Werror=implicit-function-declaration -fvisibility=hidden  -I./Include/internal  -I. -I./Include    -DPy_BUILD_CORE -o Objects/call.o Objects/call.c
clang -c -fno-strict-overflow -Wsign-compare -fno-omit-frame-pointer -mno-omit-leaf-frame-pointer -g -Og -Wall    -std=c11 -Wextra -Wno-unused-parameter -Wno-missing-field-initializers -Wstrict-prototypes -Werror=implicit-function-declaration -fvisibility=hidden  -I./Include/internal  -I. -I./Include    -DPy_BUILD_CORE -o Objects/capsule.o Objects/capsule.c
clang -c -fno-strict-overflow -Wsign-compare -fno-omit-frame-pointer -mno-omit-leaf-frame-pointer -g -Og -Wall    -std=c11 -Wextra -Wno-unused-parameter -Wno-missing-field-initializers -Wstrict-prototypes -Werror=implicit-function-declaration -fvisibility=hidden  -I./Include/internal  -I. -I./Include    -DPy_BUILD_CORE -o Objects/cellobject.o Objects/cellobject.c
clang -c -fno-strict-overflow -Wsign-compare -fno-omit-frame-pointer -mno-omit-leaf-frame-pointer -g -Og -Wall    -std=c11 -Wextra -Wno-unused-parameter -Wno-missing-field-initializers -Wstrict-prototypes -Werror=implicit-function-declaration -fvisibility=hidden  -I./Include/internal  -I. -I./Include    -DPy_BUILD_CORE -o Objects/classobject.o Objects/classobject.c
clang -c -fno-strict-overflow -Wsign-compare -fno-omit-frame-pointer -mno-omit-leaf-frame-pointer -g -Og -Wall    -std=c11 -Wextra -Wno-unused-parameter -Wno-missing-field-initializers -Wstrict-prototypes -Werror=implicit-function-declaration -fvisibility=hidden  -I./Include/internal  -I. -I./Include    -DPy_BUILD_CORE -o Objects/codeobject.o Objects/codeobject.c
clang -c -fno-strict-overflow -Wsign-compare -fno-omit-frame-pointer -mno-omit-leaf-frame-pointer -g -Og -Wall    -std=c11 -Wextra -Wno-unused-parameter -Wno-missing-field-initializers -Wstrict-prototypes -Werror=implicit-function-declaration -fvisibility=hidden  -I./Include/internal  -I. -I./Include    -DPy_BUILD_CORE -o Objects/complexobject.o Objects/complexobject.c
clang -c -fno-strict-overflow -Wsign-compare -fno-omit-frame-pointer -mno-omit-leaf-frame-pointer -g -Og -Wall    -std=c11 -Wextra -Wno-unused-parameter -Wno-missing-field-initializers -Wstrict-prototypes -Werror=implicit-function-declaration -fvisibility=hidden  -I./Include/internal  -I. -I./Include    -DPy_BUILD_CORE -o Objects/descrobject.o Objects/descrobject.c
clang -c -fno-strict-overflow -Wsign-compare -fno-omit-frame-pointer -mno-omit-leaf-frame-pointer -g -Og -Wall    -std=c11 -Wextra -Wno-unused-parameter -Wno-missing-field-initializers -Wstrict-prototypes -Werror=implicit-function-declaration -fvisibility=hidden  -I./Include/internal  -I. -I./Include    -DPy_BUILD_CORE -o Objects/enumobject.o Objects/enumobject.c
clang -c -fno-strict-overflow -Wsign-compare -fno-omit-frame-pointer -mno-omit-leaf-frame-pointer -g -Og -Wall    -std=c11 -Wextra -Wno-unused-parameter -Wno-missing-field-initializers -Wstrict-prototypes -Werror=implicit-function-declaration -fvisibility=hidden  -I./Include/internal  -I. -I./Include    -DPy_BUILD_CORE -o Objects/exceptions.o Objects/exceptions.c
clang -c -fno-strict-overflow -Wsign-compare -fno-omit-frame-pointer -mno-omit-leaf-frame-pointer -g -Og -Wall    -std=c11 -Wextra -Wno-unused-parameter -Wno-missing-field-initializers -Wstrict-prototypes -Werror=implicit-function-declaration -fvisibility=hidden  -I./Include/internal  -I. -I./Include    -DPy_BUILD_CORE -o Objects/genericaliasobject.o Objects/genericaliasobject.c
clang -c -fno-strict-overflow -Wsign-compare -fno-omit-frame-pointer -mno-omit-leaf-frame-pointer -g -Og -Wall    -std=c11 -Wextra -Wno-unused-parameter -Wno-missing-field-initializers -Wstrict-prototypes -Werror=implicit-function-declaration -fvisibility=hidden  -I./Include/internal  -I. -I./Include    -DPy_BUILD_CORE -o Objects/genobject.o Objects/genobject.c
clang -c -fno-strict-overflow -Wsign-compare -fno-omit-frame-pointer -mno-omit-leaf-frame-pointer -g -Og -Wall    -std=c11 -Wextra -Wno-unused-parameter -Wno-missing-field-initializers -Wstrict-prototypes -Werror=implicit-function-declaration -fvisibility=hidden  -I./Include/internal  -I. -I./Include    -DPy_BUILD_CORE -o Objects/fileobject.o Objects/fileobject.c
clang -c -fno-strict-overflow -Wsign-compare -fno-omit-frame-pointer -mno-omit-leaf-frame-pointer -g -Og -Wall    -std=c11 -Wextra -Wno-unused-parameter -Wno-missing-field-initializers -Wstrict-prototypes -Werror=implicit-function-declaration -fvisibility=hidden  -I./Include/internal  -I. -I./Include    -DPy_BUILD_CORE -o Objects/floatobject.o Objects/floatobject.c
clang -c -fno-strict-overflow -Wsign-compare -fno-omit-frame-pointer -mno-omit-leaf-frame-pointer -g -Og -Wall    -std=c11 -Wextra -Wno-unused-parameter -Wno-missing-field-initializers -Wstrict-prototypes -Werror=implicit-function-declaration -fvisibility=hidden  -I./Include/internal  -I. -I./Include    -DPy_BUILD_CORE -o Objects/frameobject.o Objects/frameobject.c
clang -c -fno-strict-overflow -Wsign-compare -fno-omit-frame-pointer -mno-omit-leaf-frame-pointer -g -Og -Wall    -std=c11 -Wextra -Wno-unused-parameter -Wno-missing-field-initializers -Wstrict-prototypes -Werror=implicit-function-declaration -fvisibility=hidden  -I./Include/internal  -I. -I./Include    -DPy_BUILD_CORE -o Objects/funcobject.o Objects/funcobject.c
clang -c -fno-strict-overflow -Wsign-compare -fno-omit-frame-pointer -mno-omit-leaf-frame-pointer -g -Og -Wall    -std=c11 -Wextra -Wno-unused-parameter -Wno-missing-field-initializers -Wstrict-prototypes -Werror=implicit-function-declaration -fvisibility=hidden  -I./Include/internal  -I. -I./Include    -DPy_BUILD_CORE -o Objects/interpreteridobject.o Objects/interpreteridobject.c
clang -c -fno-strict-overflow -Wsign-compare -fno-omit-frame-pointer -mno-omit-leaf-frame-pointer -g -Og -Wall    -std=c11 -Wextra -Wno-unused-parameter -Wno-missing-field-initializers -Wstrict-prototypes -Werror=implicit-function-declaration -fvisibility=hidden  -I./Include/internal  -I. -I./Include    -DPy_BUILD_CORE -o Objects/iterobject.o Objects/iterobject.c
clang -c -fno-strict-overflow -Wsign-compare -fno-omit-frame-pointer -mno-omit-leaf-frame-pointer -g -Og -Wall    -std=c11 -Wextra -Wno-unused-parameter -Wno-missing-field-initializers -Wstrict-prototypes -Werror=implicit-function-declaration -fvisibility=hidden  -I./Include/internal  -I. -I./Include    -DPy_BUILD_CORE -o Objects/listobject.o Objects/listobject.c
clang -c -fno-strict-overflow -Wsign-compare -fno-omit-frame-pointer -mno-omit-leaf-frame-pointer -g -Og -Wall    -std=c11 -Wextra -Wno-unused-parameter -Wno-missing-field-initializers -Wstrict-prototypes -Werror=implicit-function-declaration -fvisibility=hidden  -I./Include/internal  -I. -I./Include    -DPy_BUILD_CORE -o Objects/longobject.o Objects/longobject.c
clang -c -fno-strict-overflow -Wsign-compare -fno-omit-frame-pointer -mno-omit-leaf-frame-pointer -g -Og -Wall    -std=c11 -Wextra -Wno-unused-parameter -Wno-missing-field-initializers -Wstrict-prototypes -Werror=implicit-function-declaration -fvisibility=hidden  -I./Include/internal  -I. -I./Include    -DPy_BUILD_CORE -o Objects/dictobject.o Objects/dictobject.c
clang -c -fno-strict-overflow -Wsign-compare -fno-omit-frame-pointer -mno-omit-leaf-frame-pointer -g -Og -Wall    -std=c11 -Wextra -Wno-unused-parameter -Wno-missing-field-initializers -Wstrict-prototypes -Werror=implicit-function-declaration -fvisibility=hidden  -I./Include/internal  -I. -I./Include    -DPy_BUILD_CORE -o Objects/odictobject.o Objects/odictobject.c
clang -c -fno-strict-overflow -Wsign-compare -fno-omit-frame-pointer -mno-omit-leaf-frame-pointer -g -Og -Wall    -std=c11 -Wextra -Wno-unused-parameter -Wno-missing-field-initializers -Wstrict-prototypes -Werror=implicit-function-declaration -fvisibility=hidden  -I./Include/internal  -I. -I./Include    -DPy_BUILD_CORE -o Objects/memoryobject.o Objects/memoryobject.c
clang -c -fno-strict-overflow -Wsign-compare -fno-omit-frame-pointer -mno-omit-leaf-frame-pointer -g -Og -Wall    -std=c11 -Wextra -Wno-unused-parameter -Wno-missing-field-initializers -Wstrict-prototypes -Werror=implicit-function-declaration -fvisibility=hidden  -I./Include/internal  -I. -I./Include    -DPy_BUILD_CORE -o Objects/methodobject.o Objects/methodobject.c
clang -c -fno-strict-overflow -Wsign-compare -fno-omit-frame-pointer -mno-omit-leaf-frame-pointer -g -Og -Wall    -std=c11 -Wextra -Wno-unused-parameter -Wno-missing-field-initializers -Wstrict-prototypes -Werror=implicit-function-declaration -fvisibility=hidden  -I./Include/internal  -I. -I./Include    -DPy_BUILD_CORE -o Objects/moduleobject.o Objects/moduleobject.c
clang -c -fno-strict-overflow -Wsign-compare -fno-omit-frame-pointer -mno-omit-leaf-frame-pointer -g -Og -Wall    -std=c11 -Wextra -Wno-unused-parameter -Wno-missing-field-initializers -Wstrict-prototypes -Werror=implicit-function-declaration -fvisibility=hidden  -I./Include/internal  -I. -I./Include    -DPy_BUILD_CORE -o Objects/namespaceobject.o Objects/namespaceobject.c
clang -c -fno-strict-overflow -Wsign-compare -fno-omit-frame-pointer -mno-omit-leaf-frame-pointer -g -Og -Wall    -std=c11 -Wextra -Wno-unused-parameter -Wno-missing-field-initializers -Wstrict-prototypes -Werror=implicit-function-declaration -fvisibility=hidden  -I./Include/internal  -I. -I./Include    -DPy_BUILD_CORE -o Objects/object.o Objects/object.c
clang -c -fno-strict-overflow -Wsign-compare -fno-omit-frame-pointer -mno-omit-leaf-frame-pointer -g -Og -Wall    -std=c11 -Wextra -Wno-unused-parameter -Wno-missing-field-initializers -Wstrict-prototypes -Werror=implicit-function-declaration -fvisibility=hidden  -I./Include/internal  -I. -I./Include    -DPy_BUILD_CORE -o Objects/obmalloc.o Objects/obmalloc.c
clang -c -fno-strict-overflow -Wsign-compare -fno-omit-frame-pointer -mno-omit-leaf-frame-pointer -g -Og -Wall    -std=c11 -Wextra -Wno-unused-parameter -Wno-missing-field-initializers -Wstrict-prototypes -Werror=implicit-function-declaration -fvisibility=hidden  -I./Include/internal  -I. -I./Include    -DPy_BUILD_CORE -o Objects/picklebufobject.o Objects/picklebufobject.c
clang -c -fno-strict-overflow -Wsign-compare -fno-omit-frame-pointer -mno-omit-leaf-frame-pointer -g -Og -Wall    -std=c11 -Wextra -Wno-unused-parameter -Wno-missing-field-initializers -Wstrict-prototypes -Werror=implicit-function-declaration -fvisibility=hidden  -I./Include/internal  -I. -I./Include    -DPy_BUILD_CORE -o Objects/rangeobject.o Objects/rangeobject.c
clang -c -fno-strict-overflow -Wsign-compare -fno-omit-frame-pointer -mno-omit-leaf-frame-pointer -g -Og -Wall    -std=c11 -Wextra -Wno-unused-parameter -Wno-missing-field-initializers -Wstrict-prototypes -Werror=implicit-function-declaration -fvisibility=hidden  -I./Include/internal  -I. -I./Include    -DPy_BUILD_CORE -o Objects/setobject.o Objects/setobject.c
clang -c -fno-strict-overflow -Wsign-compare -fno-omit-frame-pointer -mno-omit-leaf-frame-pointer -g -Og -Wall    -std=c11 -Wextra -Wno-unused-parameter -Wno-missing-field-initializers -Wstrict-prototypes -Werror=implicit-function-declaration -fvisibility=hidden  -I./Include/internal  -I. -I./Include    -DPy_BUILD_CORE -o Objects/sliceobject.o Objects/sliceobject.c
clang -c -fno-strict-overflow -Wsign-compare -fno-omit-frame-pointer -mno-omit-leaf-frame-pointer -g -Og -Wall    -std=c11 -Wextra -Wno-unused-parameter -Wno-missing-field-initializers -Wstrict-prototypes -Werror=implicit-function-declaration -fvisibility=hidden  -I./Include/internal  -I. -I./Include    -DPy_BUILD_CORE -o Objects/structseq.o Objects/structseq.c
clang -c -fno-strict-overflow -Wsign-compare -fno-omit-frame-pointer -mno-omit-leaf-frame-pointer -g -Og -Wall    -std=c11 -Wextra -Wno-unused-parameter -Wno-missing-field-initializers -Wstrict-prototypes -Werror=implicit-function-declaration -fvisibility=hidden  -I./Include/internal  -I. -I./Include    -DPy_BUILD_CORE -o Objects/tupleobject.o Objects/tupleobject.c
clang -c -fno-strict-overflow -Wsign-compare -fno-omit-frame-pointer -mno-omit-leaf-frame-pointer -g -Og -Wall    -std=c11 -Wextra -Wno-unused-parameter -Wno-missing-field-initializers -Wstrict-prototypes -Werror=implicit-function-declaration -fvisibility=hidden  -I./Include/internal  -I. -I./Include    -DPy_BUILD_CORE -o Objects/typeobject.o Objects/typeobject.c
clang -c -fno-strict-overflow -Wsign-compare -fno-omit-frame-pointer -mno-omit-leaf-frame-pointer -g -Og -Wall    -std=c11 -Wextra -Wno-unused-parameter -Wno-missing-field-initializers -Wstrict-prototypes -Werror=implicit-function-declaration -fvisibility=hidden  -I./Include/internal  -I. -I./Include    -DPy_BUILD_CORE -o Objects/typevarobject.o Objects/typevarobject.c
clang -c -fno-strict-overflow -Wsign-compare -fno-omit-frame-pointer -mno-omit-leaf-frame-pointer -g -Og -Wall    -std=c11 -Wextra -Wno-unused-parameter -Wno-missing-field-initializers -Wstrict-prototypes -Werror=implicit-function-declaration -fvisibility=hidden  -I./Include/internal  -I. -I./Include    -DPy_BUILD_CORE -o Objects/unicodeobject.o Objects/unicodeobject.c
clang -c -fno-strict-overflow -Wsign-compare -fno-omit-frame-pointer -mno-omit-leaf-frame-pointer -g -Og -Wall    -std=c11 -Wextra -Wno-unused-parameter -Wno-missing-field-initializers -Wstrict-prototypes -Werror=implicit-function-declaration -fvisibility=hidden  -I./Include/internal  -I. -I./Include    -DPy_BUILD_CORE -o Objects/unicodectype.o Objects/unicodectype.c
clang -c -fno-strict-overflow -Wsign-compare -fno-omit-frame-pointer -mno-omit-leaf-frame-pointer -g -Og -Wall    -std=c11 -Wextra -Wno-unused-parameter -Wno-missing-field-initializers -Wstrict-prototypes -Werror=implicit-function-declaration -fvisibility=hidden  -I./Include/internal  -I. -I./Include    -DPy_BUILD_CORE -o Objects/unionobject.o Objects/unionobject.c
clang -c -fno-strict-overflow -Wsign-compare -fno-omit-frame-pointer -mno-omit-leaf-frame-pointer -g -Og -Wall    -std=c11 -Wextra -Wno-unused-parameter -Wno-missing-field-initializers -Wstrict-prototypes -Werror=implicit-function-declaration -fvisibility=hidden  -I./Include/internal  -I. -I./Include    -DPy_BUILD_CORE -o Objects/weakrefobject.o Objects/weakrefobject.c
clang -c -fno-strict-overflow -Wsign-compare -fno-omit-frame-pointer -mno-omit-leaf-frame-pointer -g -Og -Wall    -std=c11 -Wextra -Wno-unused-parameter -Wno-missing-field-initializers -Wstrict-prototypes -Werror=implicit-function-declaration -fvisibility=hidden  -I./Include/internal  -I. -I./Include    -DPy_BUILD_CORE -o Python/asm_trampoline.o Python/asm_trampoline.S
clang -c -fno-strict-overflow -Wsign-compare -fno-omit-frame-pointer -mno-omit-leaf-frame-pointer -g -Og -Wall    -std=c11 -Wextra -Wno-unused-parameter -Wno-missing-field-initializers -Wstrict-prototypes -Werror=implicit-function-declaration -fvisibility=hidden  -I./Include/internal  -I. -I./Include    -DPy_BUILD_CORE -o Python/_warnings.o Python/_warnings.c
clang -c -fno-strict-overflow -Wsign-compare -fno-omit-frame-pointer -mno-omit-leaf-frame-pointer -g -Og -Wall    -std=c11 -Wextra -Wno-unused-parameter -Wno-missing-field-initializers -Wstrict-prototypes -Werror=implicit-function-declaration -fvisibility=hidden  -I./Include/internal  -I. -I./Include    -DPy_BUILD_CORE -o Python/Python-ast.o Python/Python-ast.c
clang -c -fno-strict-overflow -Wsign-compare -fno-omit-frame-pointer -mno-omit-leaf-frame-pointer -g -Og -Wall    -std=c11 -Wextra -Wno-unused-parameter -Wno-missing-field-initializers -Wstrict-prototypes -Werror=implicit-function-declaration -fvisibility=hidden  -I./Include/internal  -I. -I./Include    -DPy_BUILD_CORE -o Python/Python-tokenize.o Python/Python-tokenize.c
clang -c -fno-strict-overflow -Wsign-compare -fno-omit-frame-pointer -mno-omit-leaf-frame-pointer -g -Og -Wall    -std=c11 -Wextra -Wno-unused-parameter -Wno-missing-field-initializers -Wstrict-prototypes -Werror=implicit-function-declaration -fvisibility=hidden  -I./Include/internal  -I. -I./Include    -DPy_BUILD_CORE -o Python/asdl.o Python/asdl.c
clang -c -fno-strict-overflow -Wsign-compare -fno-omit-frame-pointer -mno-omit-leaf-frame-pointer -g -Og -Wall    -std=c11 -Wextra -Wno-unused-parameter -Wno-missing-field-initializers -Wstrict-prototypes -Werror=implicit-function-declaration -fvisibility=hidden  -I./Include/internal  -I. -I./Include    -DPy_BUILD_CORE -o Python/assemble.o Python/assemble.c
clang -c -fno-strict-overflow -Wsign-compare -fno-omit-frame-pointer -mno-omit-leaf-frame-pointer -g -Og -Wall    -std=c11 -Wextra -Wno-unused-parameter -Wno-missing-field-initializers -Wstrict-prototypes -Werror=implicit-function-declaration -fvisibility=hidden  -I./Include/internal  -I. -I./Include    -DPy_BUILD_CORE -o Python/ast.o Python/ast.c
clang -c -fno-strict-overflow -Wsign-compare -fno-omit-frame-pointer -mno-omit-leaf-frame-pointer -g -Og -Wall    -std=c11 -Wextra -Wno-unused-parameter -Wno-missing-field-initializers -Wstrict-prototypes -Werror=implicit-function-declaration -fvisibility=hidden  -I./Include/internal  -I. -I./Include    -DPy_BUILD_CORE -o Python/ast_opt.o Python/ast_opt.c
clang -c -fno-strict-overflow -Wsign-compare -fno-omit-frame-pointer -mno-omit-leaf-frame-pointer -g -Og -Wall    -std=c11 -Wextra -Wno-unused-parameter -Wno-missing-field-initializers -Wstrict-prototypes -Werror=implicit-function-declaration -fvisibility=hidden  -I./Include/internal  -I. -I./Include    -DPy_BUILD_CORE -o Python/ast_unparse.o Python/ast_unparse.c
clang -c -fno-strict-overflow -Wsign-compare -fno-omit-frame-pointer -mno-omit-leaf-frame-pointer -g -Og -Wall    -std=c11 -Wextra -Wno-unused-parameter -Wno-missing-field-initializers -Wstrict-prototypes -Werror=implicit-function-declaration -fvisibility=hidden  -I./Include/internal  -I. -I./Include    -DPy_BUILD_CORE -o Python/bltinmodule.o Python/bltinmodule.c
clang -c -fno-strict-overflow -Wsign-compare -fno-omit-frame-pointer -mno-omit-leaf-frame-pointer -g -Og -Wall    -std=c11 -Wextra -Wno-unused-parameter -Wno-missing-field-initializers -Wstrict-prototypes -Werror=implicit-function-declaration -fvisibility=hidden  -I./Include/internal  -I. -I./Include    -DPy_BUILD_CORE -o Python/ceval.o Python/ceval.c
clang -c -fno-strict-overflow -Wsign-compare -fno-omit-frame-pointer -mno-omit-leaf-frame-pointer -g -Og -Wall    -std=c11 -Wextra -Wno-unused-parameter -Wno-missing-field-initializers -Wstrict-prototypes -Werror=implicit-function-declaration -fvisibility=hidden  -I./Include/internal  -I. -I./Include    -DPy_BUILD_CORE -o Python/codecs.o Python/codecs.c
clang -c -fno-strict-overflow -Wsign-compare -fno-omit-frame-pointer -mno-omit-leaf-frame-pointer -g -Og -Wall    -std=c11 -Wextra -Wno-unused-parameter -Wno-missing-field-initializers -Wstrict-prototypes -Werror=implicit-function-declaration -fvisibility=hidden  -I./Include/internal  -I. -I./Include    -DPy_BUILD_CORE -o Python/compile.o Python/compile.c
clang -c -fno-strict-overflow -Wsign-compare -fno-omit-frame-pointer -mno-omit-leaf-frame-pointer -g -Og -Wall    -std=c11 -Wextra -Wno-unused-parameter -Wno-missing-field-initializers -Wstrict-prototypes -Werror=implicit-function-declaration -fvisibility=hidden  -I./Include/internal  -I. -I./Include    -DPy_BUILD_CORE -o Python/context.o Python/context.c
clang -c -fno-strict-overflow -Wsign-compare -fno-omit-frame-pointer -mno-omit-leaf-frame-pointer -g -Og -Wall    -std=c11 -Wextra -Wno-unused-parameter -Wno-missing-field-initializers -Wstrict-prototypes -Werror=implicit-function-declaration -fvisibility=hidden  -I./Include/internal  -I. -I./Include    -DPy_BUILD_CORE -o Python/dynamic_annotations.o Python/dynamic_annotations.c
clang -c -fno-strict-overflow -Wsign-compare -fno-omit-frame-pointer -mno-omit-leaf-frame-pointer -g -Og -Wall    -std=c11 -Wextra -Wno-unused-parameter -Wno-missing-field-initializers -Wstrict-prototypes -Werror=implicit-function-declaration -fvisibility=hidden  -I./Include/internal  -I. -I./Include    -DPy_BUILD_CORE -o Python/errors.o Python/errors.c
clang -c -fno-strict-overflow -Wsign-compare -fno-omit-frame-pointer -mno-omit-leaf-frame-pointer -g -Og -Wall    -std=c11 -Wextra -Wno-unused-parameter -Wno-missing-field-initializers -Wstrict-prototypes -Werror=implicit-function-declaration -fvisibility=hidden  -I./Include/internal  -I. -I./Include    -DPy_BUILD_CORE -o Python/flowgraph.o Python/flowgraph.c
clang -c -fno-strict-overflow -Wsign-compare -fno-omit-frame-pointer -mno-omit-leaf-frame-pointer -g -Og -Wall    -std=c11 -Wextra -Wno-unused-parameter -Wno-missing-field-initializers -Wstrict-prototypes -Werror=implicit-function-declaration -fvisibility=hidden  -I./Include/internal  -I. -I./Include    -DPy_BUILD_CORE -o Python/frame.o Python/frame.c
clang -c -fno-strict-overflow -Wsign-compare -fno-omit-frame-pointer -mno-omit-leaf-frame-pointer -g -Og -Wall    -std=c11 -Wextra -Wno-unused-parameter -Wno-missing-field-initializers -Wstrict-prototypes -Werror=implicit-function-declaration -fvisibility=hidden  -I./Include/internal  -I. -I./Include    -DPy_BUILD_CORE -o Python/frozenmain.o Python/frozenmain.c
clang -c -fno-strict-overflow -Wsign-compare -fno-omit-frame-pointer -mno-omit-leaf-frame-pointer -g -Og -Wall    -std=c11 -Wextra -Wno-unused-parameter -Wno-missing-field-initializers -Wstrict-prototypes -Werror=implicit-function-declaration -fvisibility=hidden  -I./Include/internal  -I. -I./Include    -DPy_BUILD_CORE -o Python/future.o Python/future.c
clang -c -fno-strict-overflow -Wsign-compare -fno-omit-frame-pointer -mno-omit-leaf-frame-pointer -g -Og -Wall    -std=c11 -Wextra -Wno-unused-parameter -Wno-missing-field-initializers -Wstrict-prototypes -Werror=implicit-function-declaration -fvisibility=hidden  -I./Include/internal  -I. -I./Include    -DPy_BUILD_CORE -o Python/getargs.o Python/getargs.c
clang -c -fno-strict-overflow -Wsign-compare -fno-omit-frame-pointer -mno-omit-leaf-frame-pointer -g -Og -Wall    -std=c11 -Wextra -Wno-unused-parameter -Wno-missing-field-initializers -Wstrict-prototypes -Werror=implicit-function-declaration -fvisibility=hidden  -I./Include/internal  -I. -I./Include    -DPy_BUILD_CORE -o Python/getcompiler.o Python/getcompiler.c
clang -c -fno-strict-overflow -Wsign-compare -fno-omit-frame-pointer -mno-omit-leaf-frame-pointer -g -Og -Wall    -std=c11 -Wextra -Wno-unused-parameter -Wno-missing-field-initializers -Wstrict-prototypes -Werror=implicit-function-declaration -fvisibility=hidden  -I./Include/internal  -I. -I./Include    -DPy_BUILD_CORE -o Python/getcopyright.o Python/getcopyright.c
clang -c -fno-strict-overflow -Wsign-compare -fno-omit-frame-pointer -mno-omit-leaf-frame-pointer -g -Og -Wall    -std=c11 -Wextra -Wno-unused-parameter -Wno-missing-field-initializers -Wstrict-prototypes -Werror=implicit-function-declaration -fvisibility=hidden  -I./Include/internal  -I. -I./Include    -DPy_BUILD_CORE -DPLATFORM='"linux"' -o Python/getplatform.o ./Python/getplatform.c
clang -c -fno-strict-overflow -Wsign-compare -fno-omit-frame-pointer -mno-omit-leaf-frame-pointer -g -Og -Wall    -std=c11 -Wextra -Wno-unused-parameter -Wno-missing-field-initializers -Wstrict-prototypes -Werror=implicit-function-declaration -fvisibility=hidden  -I./Include/internal  -I. -I./Include    -DPy_BUILD_CORE -o Python/getversion.o Python/getversion.c
clang -c -fno-strict-overflow -Wsign-compare -fno-omit-frame-pointer -mno-omit-leaf-frame-pointer -g -Og -Wall    -std=c11 -Wextra -Wno-unused-parameter -Wno-missing-field-initializers -Wstrict-prototypes -Werror=implicit-function-declaration -fvisibility=hidden  -I./Include/internal  -I. -I./Include    -DPy_BUILD_CORE -o Python/ceval_gil.o Python/ceval_gil.c
clang -c -fno-strict-overflow -Wsign-compare -fno-omit-frame-pointer -mno-omit-leaf-frame-pointer -g -Og -Wall    -std=c11 -Wextra -Wno-unused-parameter -Wno-missing-field-initializers -Wstrict-prototypes -Werror=implicit-function-declaration -fvisibility=hidden  -I./Include/internal  -I. -I./Include    -DPy_BUILD_CORE -o Python/hamt.o Python/hamt.c
clang -c -fno-strict-overflow -Wsign-compare -fno-omit-frame-pointer -mno-omit-leaf-frame-pointer -g -Og -Wall    -std=c11 -Wextra -Wno-unused-parameter -Wno-missing-field-initializers -Wstrict-prototypes -Werror=implicit-function-declaration -fvisibility=hidden  -I./Include/internal  -I. -I./Include    -DPy_BUILD_CORE -o Python/hashtable.o Python/hashtable.c
clang -c -fno-strict-overflow -Wsign-compare -fno-omit-frame-pointer -mno-omit-leaf-frame-pointer -g -Og -Wall    -std=c11 -Wextra -Wno-unused-parameter -Wno-missing-field-initializers -Wstrict-prototypes -Werror=implicit-function-declaration -fvisibility=hidden  -I./Include/internal  -I. -I./Include    -DPy_BUILD_CORE -o Python/import.o Python/import.c
clang -c -fno-strict-overflow -Wsign-compare -fno-omit-frame-pointer -mno-omit-leaf-frame-pointer -g -Og -Wall    -std=c11 -Wextra -Wno-unused-parameter -Wno-missing-field-initializers -Wstrict-prototypes -Werror=implicit-function-declaration -fvisibility=hidden  -I./Include/internal  -I. -I./Include    -DPy_BUILD_CORE -I. -o Python/importdl.o ./Python/importdl.c
clang -c -fno-strict-overflow -Wsign-compare -fno-omit-frame-pointer -mno-omit-leaf-frame-pointer -g -Og -Wall    -std=c11 -Wextra -Wno-unused-parameter -Wno-missing-field-initializers -Wstrict-prototypes -Werror=implicit-function-declaration -fvisibility=hidden  -I./Include/internal  -I. -I./Include    -DPy_BUILD_CORE -o Python/initconfig.o Python/initconfig.c
clang -c -fno-strict-overflow -Wsign-compare -fno-omit-frame-pointer -mno-omit-leaf-frame-pointer -g -Og -Wall    -std=c11 -Wextra -Wno-unused-parameter -Wno-missing-field-initializers -Wstrict-prototypes -Werror=implicit-function-declaration -fvisibility=hidden  -I./Include/internal  -I. -I./Include    -DPy_BUILD_CORE -o Python/instrumentation.o Python/instrumentation.c
clang -c -fno-strict-overflow -Wsign-compare -fno-omit-frame-pointer -mno-omit-leaf-frame-pointer -g -Og -Wall    -std=c11 -Wextra -Wno-unused-parameter -Wno-missing-field-initializers -Wstrict-prototypes -Werror=implicit-function-declaration -fvisibility=hidden  -I./Include/internal  -I. -I./Include    -DPy_BUILD_CORE -o Python/intrinsics.o Python/intrinsics.c
clang -c -fno-strict-overflow -Wsign-compare -fno-omit-frame-pointer -mno-omit-leaf-frame-pointer -g -Og -Wall    -std=c11 -Wextra -Wno-unused-parameter -Wno-missing-field-initializers -Wstrict-prototypes -Werror=implicit-function-declaration -fvisibility=hidden  -I./Include/internal  -I. -I./Include    -DPy_BUILD_CORE -o Python/legacy_tracing.o Python/legacy_tracing.c
clang -c -fno-strict-overflow -Wsign-compare -fno-omit-frame-pointer -mno-omit-leaf-frame-pointer -g -Og -Wall    -std=c11 -Wextra -Wno-unused-parameter -Wno-missing-field-initializers -Wstrict-prototypes -Werror=implicit-function-declaration -fvisibility=hidden  -I./Include/internal  -I. -I./Include    -DPy_BUILD_CORE -o Python/marshal.o Python/marshal.c
clang -c -fno-strict-overflow -Wsign-compare -fno-omit-frame-pointer -mno-omit-leaf-frame-pointer -g -Og -Wall    -std=c11 -Wextra -Wno-unused-parameter -Wno-missing-field-initializers -Wstrict-prototypes -Werror=implicit-function-declaration -fvisibility=hidden  -I./Include/internal  -I. -I./Include    -DPy_BUILD_CORE -o Python/modsupport.o Python/modsupport.c
clang -c -fno-strict-overflow -Wsign-compare -fno-omit-frame-pointer -mno-omit-leaf-frame-pointer -g -Og -Wall    -std=c11 -Wextra -Wno-unused-parameter -Wno-missing-field-initializers -Wstrict-prototypes -Werror=implicit-function-declaration -fvisibility=hidden  -I./Include/internal  -I. -I./Include    -DPy_BUILD_CORE -o Python/mysnprintf.o Python/mysnprintf.c
clang -c -fno-strict-overflow -Wsign-compare -fno-omit-frame-pointer -mno-omit-leaf-frame-pointer -g -Og -Wall    -std=c11 -Wextra -Wno-unused-parameter -Wno-missing-field-initializers -Wstrict-prototypes -Werror=implicit-function-declaration -fvisibility=hidden  -I./Include/internal  -I. -I./Include    -DPy_BUILD_CORE -o Python/mystrtoul.o Python/mystrtoul.c
clang -c -fno-strict-overflow -Wsign-compare -fno-omit-frame-pointer -mno-omit-leaf-frame-pointer -g -Og -Wall    -std=c11 -Wextra -Wno-unused-parameter -Wno-missing-field-initializers -Wstrict-prototypes -Werror=implicit-function-declaration -fvisibility=hidden  -I./Include/internal  -I. -I./Include    -DPy_BUILD_CORE -o Python/pathconfig.o Python/pathconfig.c
clang -c -fno-strict-overflow -Wsign-compare -fno-omit-frame-pointer -mno-omit-leaf-frame-pointer -g -Og -Wall    -std=c11 -Wextra -Wno-unused-parameter -Wno-missing-field-initializers -Wstrict-prototypes -Werror=implicit-function-declaration -fvisibility=hidden  -I./Include/internal  -I. -I./Include    -DPy_BUILD_CORE -o Python/preconfig.o Python/preconfig.c
clang -c -fno-strict-overflow -Wsign-compare -fno-omit-frame-pointer -mno-omit-leaf-frame-pointer -g -Og -Wall    -std=c11 -Wextra -Wno-unused-parameter -Wno-missing-field-initializers -Wstrict-prototypes -Werror=implicit-function-declaration -fvisibility=hidden  -I./Include/internal  -I. -I./Include    -DPy_BUILD_CORE -o Python/pyarena.o Python/pyarena.c
clang -c -fno-strict-overflow -Wsign-compare -fno-omit-frame-pointer -mno-omit-leaf-frame-pointer -g -Og -Wall    -std=c11 -Wextra -Wno-unused-parameter -Wno-missing-field-initializers -Wstrict-prototypes -Werror=implicit-function-declaration -fvisibility=hidden  -I./Include/internal  -I. -I./Include    -DPy_BUILD_CORE -o Python/pyctype.o Python/pyctype.c
clang -c -fno-strict-overflow -Wsign-compare -fno-omit-frame-pointer -mno-omit-leaf-frame-pointer -g -Og -Wall    -std=c11 -Wextra -Wno-unused-parameter -Wno-missing-field-initializers -Wstrict-prototypes -Werror=implicit-function-declaration -fvisibility=hidden  -I./Include/internal  -I. -I./Include    -DPy_BUILD_CORE -o Python/pyfpe.o Python/pyfpe.c
clang -c -fno-strict-overflow -Wsign-compare -fno-omit-frame-pointer -mno-omit-leaf-frame-pointer -g -Og -Wall    -std=c11 -Wextra -Wno-unused-parameter -Wno-missing-field-initializers -Wstrict-prototypes -Werror=implicit-function-declaration -fvisibility=hidden  -I./Include/internal  -I. -I./Include    -DPy_BUILD_CORE -o Python/pyhash.o Python/pyhash.c
clang -c -fno-strict-overflow -Wsign-compare -fno-omit-frame-pointer -mno-omit-leaf-frame-pointer -g -Og -Wall    -std=c11 -Wextra -Wno-unused-parameter -Wno-missing-field-initializers -Wstrict-prototypes -Werror=implicit-function-declaration -fvisibility=hidden  -I./Include/internal  -I. -I./Include    -DPy_BUILD_CORE -o Python/pylifecycle.o Python/pylifecycle.c
clang -c -fno-strict-overflow -Wsign-compare -fno-omit-frame-pointer -mno-omit-leaf-frame-pointer -g -Og -Wall    -std=c11 -Wextra -Wno-unused-parameter -Wno-missing-field-initializers -Wstrict-prototypes -Werror=implicit-function-declaration -fvisibility=hidden  -I./Include/internal  -I. -I./Include    -DPy_BUILD_CORE -o Python/pymath.o Python/pymath.c
clang -c -fno-strict-overflow -Wsign-compare -fno-omit-frame-pointer -mno-omit-leaf-frame-pointer -g -Og -Wall    -std=c11 -Wextra -Wno-unused-parameter -Wno-missing-field-initializers -Wstrict-prototypes -Werror=implicit-function-declaration -fvisibility=hidden  -I./Include/internal  -I. -I./Include    -DPy_BUILD_CORE -o Python/pystate.o Python/pystate.c
clang -c -fno-strict-overflow -Wsign-compare -fno-omit-frame-pointer -mno-omit-leaf-frame-pointer -g -Og -Wall    -std=c11 -Wextra -Wno-unused-parameter -Wno-missing-field-initializers -Wstrict-prototypes -Werror=implicit-function-declaration -fvisibility=hidden  -I./Include/internal  -I. -I./Include    -DPy_BUILD_CORE -o Python/pythonrun.o Python/pythonrun.c
clang -c -fno-strict-overflow -Wsign-compare -fno-omit-frame-pointer -mno-omit-leaf-frame-pointer -g -Og -Wall    -std=c11 -Wextra -Wno-unused-parameter -Wno-missing-field-initializers -Wstrict-prototypes -Werror=implicit-function-declaration -fvisibility=hidden  -I./Include/internal  -I. -I./Include    -DPy_BUILD_CORE -o Python/pytime.o Python/pytime.c
clang -c -fno-strict-overflow -Wsign-compare -fno-omit-frame-pointer -mno-omit-leaf-frame-pointer -g -Og -Wall    -std=c11 -Wextra -Wno-unused-parameter -Wno-missing-field-initializers -Wstrict-prototypes -Werror=implicit-function-declaration -fvisibility=hidden  -I./Include/internal  -I. -I./Include    -DPy_BUILD_CORE -o Python/bootstrap_hash.o Python/bootstrap_hash.c
clang -c -fno-strict-overflow -Wsign-compare -fno-omit-frame-pointer -mno-omit-leaf-frame-pointer -g -Og -Wall    -std=c11 -Wextra -Wno-unused-parameter -Wno-missing-field-initializers -Wstrict-prototypes -Werror=implicit-function-declaration -fvisibility=hidden  -I./Include/internal  -I. -I./Include    -DPy_BUILD_CORE -o Python/specialize.o Python/specialize.c
clang -c -fno-strict-overflow -Wsign-compare -fno-omit-frame-pointer -mno-omit-leaf-frame-pointer -g -Og -Wall    -std=c11 -Wextra -Wno-unused-parameter -Wno-missing-field-initializers -Wstrict-prototypes -Werror=implicit-function-declaration -fvisibility=hidden  -I./Include/internal  -I. -I./Include    -DPy_BUILD_CORE -o Python/structmember.o Python/structmember.c
clang -c -fno-strict-overflow -Wsign-compare -fno-omit-frame-pointer -mno-omit-leaf-frame-pointer -g -Og -Wall    -std=c11 -Wextra -Wno-unused-parameter -Wno-missing-field-initializers -Wstrict-prototypes -Werror=implicit-function-declaration -fvisibility=hidden  -I./Include/internal  -I. -I./Include    -DPy_BUILD_CORE -o Python/symtable.o Python/symtable.c
clang -c -fno-strict-overflow -Wsign-compare -fno-omit-frame-pointer -mno-omit-leaf-frame-pointer -g -Og -Wall    -std=c11 -Wextra -Wno-unused-parameter -Wno-missing-field-initializers -Wstrict-prototypes -Werror=implicit-function-declaration -fvisibility=hidden  -I./Include/internal  -I. -I./Include    -DPy_BUILD_CORE \
	-DABIFLAGS='"d"' \
	-DMULTIARCH=\"x86_64-linux-gnu\" \
	-o Python/sysmodule.o ./Python/sysmodule.c
clang -c -fno-strict-overflow -Wsign-compare -fno-omit-frame-pointer -mno-omit-leaf-frame-pointer -g -Og -Wall    -std=c11 -Wextra -Wno-unused-parameter -Wno-missing-field-initializers -Wstrict-prototypes -Werror=implicit-function-declaration -fvisibility=hidden  -I./Include/internal  -I. -I./Include    -DPy_BUILD_CORE -o Python/thread.o Python/thread.c
clang -c -fno-strict-overflow -Wsign-compare -fno-omit-frame-pointer -mno-omit-leaf-frame-pointer -g -Og -Wall    -std=c11 -Wextra -Wno-unused-parameter -Wno-missing-field-initializers -Wstrict-prototypes -Werror=implicit-function-declaration -fvisibility=hidden  -I./Include/internal  -I. -I./Include    -DPy_BUILD_CORE -o Python/traceback.o Python/traceback.c
clang -c -fno-strict-overflow -Wsign-compare -fno-omit-frame-pointer -mno-omit-leaf-frame-pointer -g -Og -Wall    -std=c11 -Wextra -Wno-unused-parameter -Wno-missing-field-initializers -Wstrict-prototypes -Werror=implicit-function-declaration -fvisibility=hidden  -I./Include/internal  -I. -I./Include    -DPy_BUILD_CORE -o Python/tracemalloc.o Python/tracemalloc.c
clang -c -fno-strict-overflow -Wsign-compare -fno-omit-frame-pointer -mno-omit-leaf-frame-pointer -g -Og -Wall    -std=c11 -Wextra -Wno-unused-parameter -Wno-missing-field-initializers -Wstrict-prototypes -Werror=implicit-function-declaration -fvisibility=hidden  -I./Include/internal  -I. -I./Include    -DPy_BUILD_CORE -o Python/getopt.o Python/getopt.c
clang -c -fno-strict-overflow -Wsign-compare -fno-omit-frame-pointer -mno-omit-leaf-frame-pointer -g -Og -Wall    -std=c11 -Wextra -Wno-unused-parameter -Wno-missing-field-initializers -Wstrict-prototypes -Werror=implicit-function-declaration -fvisibility=hidden  -I./Include/internal  -I. -I./Include    -DPy_BUILD_CORE -o Python/pystrcmp.o Python/pystrcmp.c
clang -c -fno-strict-overflow -Wsign-compare -fno-omit-frame-pointer -mno-omit-leaf-frame-pointer -g -Og -Wall    -std=c11 -Wextra -Wno-unused-parameter -Wno-missing-field-initializers -Wstrict-prototypes -Werror=implicit-function-declaration -fvisibility=hidden  -I./Include/internal  -I. -I./Include    -DPy_BUILD_CORE -o Python/pystrtod.o Python/pystrtod.c
clang -c -fno-strict-overflow -Wsign-compare -fno-omit-frame-pointer -mno-omit-leaf-frame-pointer -g -Og -Wall    -std=c11 -Wextra -Wno-unused-parameter -Wno-missing-field-initializers -Wstrict-prototypes -Werror=implicit-function-declaration -fvisibility=hidden  -I./Include/internal  -I. -I./Include    -DPy_BUILD_CORE -o Python/pystrhex.o Python/pystrhex.c
clang -c -fno-strict-overflow -Wsign-compare -fno-omit-frame-pointer -mno-omit-leaf-frame-pointer -g -Og -Wall    -std=c11 -Wextra -Wno-unused-parameter -Wno-missing-field-initializers -Wstrict-prototypes -Werror=implicit-function-declaration -fvisibility=hidden  -I./Include/internal  -I. -I./Include    -DPy_BUILD_CORE -fno-strict-aliasing -o Python/dtoa.o Python/dtoa.c
clang -c -fno-strict-overflow -Wsign-compare -fno-omit-frame-pointer -mno-omit-leaf-frame-pointer -g -Og -Wall    -std=c11 -Wextra -Wno-unused-parameter -Wno-missing-field-initializers -Wstrict-prototypes -Werror=implicit-function-declaration -fvisibility=hidden  -I./Include/internal  -I. -I./Include    -DPy_BUILD_CORE -o Python/formatter_unicode.o Python/formatter_unicode.c
clang -c -fno-strict-overflow -Wsign-compare -fno-omit-frame-pointer -mno-omit-leaf-frame-pointer -g -Og -Wall    -std=c11 -Wextra -Wno-unused-parameter -Wno-missing-field-initializers -Wstrict-prototypes -Werror=implicit-function-declaration -fvisibility=hidden  -I./Include/internal  -I. -I./Include    -DPy_BUILD_CORE -o Python/fileutils.o Python/fileutils.c
clang -c -fno-strict-overflow -Wsign-compare -fno-omit-frame-pointer -mno-omit-leaf-frame-pointer -g -Og -Wall    -std=c11 -Wextra -Wno-unused-parameter -Wno-missing-field-initializers -Wstrict-prototypes -Werror=implicit-function-declaration -fvisibility=hidden  -I./Include/internal  -I. -I./Include    -DPy_BUILD_CORE -o Python/suggestions.o Python/suggestions.c
clang -c -fno-strict-overflow -Wsign-compare -fno-omit-frame-pointer -mno-omit-leaf-frame-pointer -g -Og -Wall    -std=c11 -Wextra -Wno-unused-parameter -Wno-missing-field-initializers -Wstrict-prototypes -Werror=implicit-function-declaration -fvisibility=hidden  -I./Include/internal  -I. -I./Include    -DPy_BUILD_CORE -o Python/perf_trampoline.o Python/perf_trampoline.c
clang -c -fno-strict-overflow -Wsign-compare -fno-omit-frame-pointer -mno-omit-leaf-frame-pointer -g -Og -Wall    -std=c11 -Wextra -Wno-unused-parameter -Wno-missing-field-initializers -Wstrict-prototypes -Werror=implicit-function-declaration -fvisibility=hidden  -I./Include/internal  -I. -I./Include    -DPy_BUILD_CORE \
	-DSOABI='"cpython-312d-x86_64-linux-gnu"' \
	-o Python/dynload_shlib.o ./Python/dynload_shlib.c
clang -c -fno-strict-overflow -Wsign-compare -fno-omit-frame-pointer -mno-omit-leaf-frame-pointer -g -Og -Wall    -std=c11 -Wextra -Wno-unused-parameter -Wno-missing-field-initializers -Wstrict-prototypes -Werror=implicit-function-declaration -fvisibility=hidden  -I./Include/internal  -I. -I./Include    -DPy_BUILD_CORE -o Modules/config.o Modules/config.c
clang -c -fno-strict-overflow -Wsign-compare -fno-omit-frame-pointer -mno-omit-leaf-frame-pointer -g -Og -Wall    -std=c11 -Wextra -Wno-unused-parameter -Wno-missing-field-initializers -Wstrict-prototypes -Werror=implicit-function-declaration -fvisibility=hidden  -I./Include/internal  -I. -I./Include    -DPy_BUILD_CORE -o Modules/main.o Modules/main.c
clang -c -fno-strict-overflow -Wsign-compare -fno-omit-frame-pointer -mno-omit-leaf-frame-pointer -g -Og -Wall    -std=c11 -Wextra -Wno-unused-parameter -Wno-missing-field-initializers -Wstrict-prototypes -Werror=implicit-function-declaration -fvisibility=hidden  -I./Include/internal  -I. -I./Include    -DPy_BUILD_CORE -o Modules/gcmodule.o Modules/gcmodule.c
clang  -fno-strict-overflow -Wsign-compare -fno-omit-frame-pointer -mno-omit-leaf-frame-pointer -g -Og -Wall    -std=c11 -Wextra -Wno-unused-parameter -Wno-missing-field-initializers -Wstrict-prototypes -Werror=implicit-function-declaration -fvisibility=hidden  -I./Include/internal  -I. -I./Include    -DPy_BUILD_CORE_BUILTIN -c ./Modules/atexitmodule.c -o Modules/atexitmodule.o
clang  -fno-strict-overflow -Wsign-compare -fno-omit-frame-pointer -mno-omit-leaf-frame-pointer -g -Og -Wall    -std=c11 -Wextra -Wno-unused-parameter -Wno-missing-field-initializers -Wstrict-prototypes -Werror=implicit-function-declaration -fvisibility=hidden  -I./Include/internal  -I. -I./Include    -DPy_BUILD_CORE_BUILTIN -c ./Modules/faulthandler.c -o Modules/faulthandler.o
clang  -fno-strict-overflow -Wsign-compare -fno-omit-frame-pointer -mno-omit-leaf-frame-pointer -g -Og -Wall    -std=c11 -Wextra -Wno-unused-parameter -Wno-missing-field-initializers -Wstrict-prototypes -Werror=implicit-function-declaration -fvisibility=hidden  -I./Include/internal  -I. -I./Include    -DPy_BUILD_CORE_BUILTIN -c ./Modules/posixmodule.c -o Modules/posixmodule.o
clang  -fno-strict-overflow -Wsign-compare -fno-omit-frame-pointer -mno-omit-leaf-frame-pointer -g -Og -Wall    -std=c11 -Wextra -Wno-unused-parameter -Wno-missing-field-initializers -Wstrict-prototypes -Werror=implicit-function-declaration -fvisibility=hidden  -I./Include/internal  -I. -I./Include    -DPy_BUILD_CORE_BUILTIN -c ./Modules/signalmodule.c -o Modules/signalmodule.o
clang  -fno-strict-overflow -Wsign-compare -fno-omit-frame-pointer -mno-omit-leaf-frame-pointer -g -Og -Wall    -std=c11 -Wextra -Wno-unused-parameter -Wno-missing-field-initializers -Wstrict-prototypes -Werror=implicit-function-declaration -fvisibility=hidden  -I./Include/internal  -I. -I./Include    -DPy_BUILD_CORE_BUILTIN -c ./Modules/_tracemalloc.c -o Modules/_tracemalloc.o
clang  -fno-strict-overflow -Wsign-compare -fno-omit-frame-pointer -mno-omit-leaf-frame-pointer -g -Og -Wall    -std=c11 -Wextra -Wno-unused-parameter -Wno-missing-field-initializers -Wstrict-prototypes -Werror=implicit-function-declaration -fvisibility=hidden  -I./Include/internal  -I. -I./Include    -DPy_BUILD_CORE_BUILTIN -c ./Modules/_codecsmodule.c -o Modules/_codecsmodule.o
clang  -fno-strict-overflow -Wsign-compare -fno-omit-frame-pointer -mno-omit-leaf-frame-pointer -g -Og -Wall    -std=c11 -Wextra -Wno-unused-parameter -Wno-missing-field-initializers -Wstrict-prototypes -Werror=implicit-function-declaration -fvisibility=hidden  -I./Include/internal  -I. -I./Include    -DPy_BUILD_CORE_BUILTIN -c ./Modules/_collectionsmodule.c -o Modules/_collectionsmodule.o
clang  -fno-strict-overflow -Wsign-compare -fno-omit-frame-pointer -mno-omit-leaf-frame-pointer -g -Og -Wall    -std=c11 -Wextra -Wno-unused-parameter -Wno-missing-field-initializers -Wstrict-prototypes -Werror=implicit-function-declaration -fvisibility=hidden  -I./Include/internal  -I. -I./Include    -DPy_BUILD_CORE_BUILTIN -c ./Modules/errnomodule.c -o Modules/errnomodule.o
clang -I./Modules/_io -fno-strict-overflow -Wsign-compare -fno-omit-frame-pointer -mno-omit-leaf-frame-pointer -g -Og -Wall    -std=c11 -Wextra -Wno-unused-parameter -Wno-missing-field-initializers -Wstrict-prototypes -Werror=implicit-function-declaration -fvisibility=hidden  -I./Include/internal  -I. -I./Include    -DPy_BUILD_CORE_BUILTIN -c ./Modules/_io/_iomodule.c -o Modules/_io/_iomodule.o
clang -I./Modules/_io -fno-strict-overflow -Wsign-compare -fno-omit-frame-pointer -mno-omit-leaf-frame-pointer -g -Og -Wall    -std=c11 -Wextra -Wno-unused-parameter -Wno-missing-field-initializers -Wstrict-prototypes -Werror=implicit-function-declaration -fvisibility=hidden  -I./Include/internal  -I. -I./Include    -DPy_BUILD_CORE_BUILTIN -c ./Modules/_io/iobase.c -o Modules/_io/iobase.o
clang -I./Modules/_io -fno-strict-overflow -Wsign-compare -fno-omit-frame-pointer -mno-omit-leaf-frame-pointer -g -Og -Wall    -std=c11 -Wextra -Wno-unused-parameter -Wno-missing-field-initializers -Wstrict-prototypes -Werror=implicit-function-declaration -fvisibility=hidden  -I./Include/internal  -I. -I./Include    -DPy_BUILD_CORE_BUILTIN -c ./Modules/_io/fileio.c -o Modules/_io/fileio.o
clang -I./Modules/_io -fno-strict-overflow -Wsign-compare -fno-omit-frame-pointer -mno-omit-leaf-frame-pointer -g -Og -Wall    -std=c11 -Wextra -Wno-unused-parameter -Wno-missing-field-initializers -Wstrict-prototypes -Werror=implicit-function-declaration -fvisibility=hidden  -I./Include/internal  -I. -I./Include    -DPy_BUILD_CORE_BUILTIN -c ./Modules/_io/bytesio.c -o Modules/_io/bytesio.o
clang -I./Modules/_io -fno-strict-overflow -Wsign-compare -fno-omit-frame-pointer -mno-omit-leaf-frame-pointer -g -Og -Wall    -std=c11 -Wextra -Wno-unused-parameter -Wno-missing-field-initializers -Wstrict-prototypes -Werror=implicit-function-declaration -fvisibility=hidden  -I./Include/internal  -I. -I./Include    -DPy_BUILD_CORE_BUILTIN -c ./Modules/_io/bufferedio.c -o Modules/_io/bufferedio.o
clang -I./Modules/_io -fno-strict-overflow -Wsign-compare -fno-omit-frame-pointer -mno-omit-leaf-frame-pointer -g -Og -Wall    -std=c11 -Wextra -Wno-unused-parameter -Wno-missing-field-initializers -Wstrict-prototypes -Werror=implicit-function-declaration -fvisibility=hidden  -I./Include/internal  -I. -I./Include    -DPy_BUILD_CORE_BUILTIN -c ./Modules/_io/textio.c -o Modules/_io/textio.o
clang -I./Modules/_io -fno-strict-overflow -Wsign-compare -fno-omit-frame-pointer -mno-omit-leaf-frame-pointer -g -Og -Wall    -std=c11 -Wextra -Wno-unused-parameter -Wno-missing-field-initializers -Wstrict-prototypes -Werror=implicit-function-declaration -fvisibility=hidden  -I./Include/internal  -I. -I./Include    -DPy_BUILD_CORE_BUILTIN -c ./Modules/_io/stringio.c -o Modules/_io/stringio.o
clang  -fno-strict-overflow -Wsign-compare -fno-omit-frame-pointer -mno-omit-leaf-frame-pointer -g -Og -Wall    -std=c11 -Wextra -Wno-unused-parameter -Wno-missing-field-initializers -Wstrict-prototypes -Werror=implicit-function-declaration -fvisibility=hidden  -I./Include/internal  -I. -I./Include    -DPy_BUILD_CORE_BUILTIN -c ./Modules/itertoolsmodule.c -o Modules/itertoolsmodule.o
clang  -fno-strict-overflow -Wsign-compare -fno-omit-frame-pointer -mno-omit-leaf-frame-pointer -g -Og -Wall    -std=c11 -Wextra -Wno-unused-parameter -Wno-missing-field-initializers -Wstrict-prototypes -Werror=implicit-function-declaration -fvisibility=hidden  -I./Include/internal  -I. -I./Include    -DPy_BUILD_CORE_BUILTIN -c ./Modules/_sre/sre.c -o Modules/_sre/sre.o
clang  -fno-strict-overflow -Wsign-compare -fno-omit-frame-pointer -mno-omit-leaf-frame-pointer -g -Og -Wall    -std=c11 -Wextra -Wno-unused-parameter -Wno-missing-field-initializers -Wstrict-prototypes -Werror=implicit-function-declaration -fvisibility=hidden  -I./Include/internal  -I. -I./Include    -DPy_BUILD_CORE_BUILTIN -c ./Modules/_threadmodule.c -o Modules/_threadmodule.o
clang  -fno-strict-overflow -Wsign-compare -fno-omit-frame-pointer -mno-omit-leaf-frame-pointer -g -Og -Wall    -std=c11 -Wextra -Wno-unused-parameter -Wno-missing-field-initializers -Wstrict-prototypes -Werror=implicit-function-declaration -fvisibility=hidden  -I./Include/internal  -I. -I./Include    -DPy_BUILD_CORE_BUILTIN -c ./Modules/timemodule.c -o Modules/timemodule.o
clang  -fno-strict-overflow -Wsign-compare -fno-omit-frame-pointer -mno-omit-leaf-frame-pointer -g -Og -Wall    -std=c11 -Wextra -Wno-unused-parameter -Wno-missing-field-initializers -Wstrict-prototypes -Werror=implicit-function-declaration -fvisibility=hidden  -I./Include/internal  -I. -I./Include    -DPy_BUILD_CORE_BUILTIN -c ./Modules/_typingmodule.c -o Modules/_typingmodule.o
clang  -fno-strict-overflow -Wsign-compare -fno-omit-frame-pointer -mno-omit-leaf-frame-pointer -g -Og -Wall    -std=c11 -Wextra -Wno-unused-parameter -Wno-missing-field-initializers -Wstrict-prototypes -Werror=implicit-function-declaration -fvisibility=hidden  -I./Include/internal  -I. -I./Include    -DPy_BUILD_CORE_BUILTIN -c ./Modules/_weakref.c -o Modules/_weakref.o
clang  -fno-strict-overflow -Wsign-compare -fno-omit-frame-pointer -mno-omit-leaf-frame-pointer -g -Og -Wall    -std=c11 -Wextra -Wno-unused-parameter -Wno-missing-field-initializers -Wstrict-prototypes -Werror=implicit-function-declaration -fvisibility=hidden  -I./Include/internal  -I. -I./Include    -DPy_BUILD_CORE_BUILTIN -c ./Modules/_abc.c -o Modules/_abc.o
clang  -fno-strict-overflow -Wsign-compare -fno-omit-frame-pointer -mno-omit-leaf-frame-pointer -g -Og -Wall    -std=c11 -Wextra -Wno-unused-parameter -Wno-missing-field-initializers -Wstrict-prototypes -Werror=implicit-function-declaration -fvisibility=hidden  -I./Include/internal  -I. -I./Include    -DPy_BUILD_CORE_BUILTIN -c ./Modules/_functoolsmodule.c -o Modules/_functoolsmodule.o
clang  -fno-strict-overflow -Wsign-compare -fno-omit-frame-pointer -mno-omit-leaf-frame-pointer -g -Og -Wall    -std=c11 -Wextra -Wno-unused-parameter -Wno-missing-field-initializers -Wstrict-prototypes -Werror=implicit-function-declaration -fvisibility=hidden  -I./Include/internal  -I. -I./Include    -DPy_BUILD_CORE_BUILTIN -c ./Modules/_localemodule.c -o Modules/_localemodule.o
clang  -fno-strict-overflow -Wsign-compare -fno-omit-frame-pointer -mno-omit-leaf-frame-pointer -g -Og -Wall    -std=c11 -Wextra -Wno-unused-parameter -Wno-missing-field-initializers -Wstrict-prototypes -Werror=implicit-function-declaration -fvisibility=hidden  -I./Include/internal  -I. -I./Include    -DPy_BUILD_CORE_BUILTIN -c ./Modules/_operator.c -o Modules/_operator.o
clang  -fno-strict-overflow -Wsign-compare -fno-omit-frame-pointer -mno-omit-leaf-frame-pointer -g -Og -Wall    -std=c11 -Wextra -Wno-unused-parameter -Wno-missing-field-initializers -Wstrict-prototypes -Werror=implicit-function-declaration -fvisibility=hidden  -I./Include/internal  -I. -I./Include    -DPy_BUILD_CORE_BUILTIN -c ./Modules/_stat.c -o Modules/_stat.o
clang  -fno-strict-overflow -Wsign-compare -fno-omit-frame-pointer -mno-omit-leaf-frame-pointer -g -Og -Wall    -std=c11 -Wextra -Wno-unused-parameter -Wno-missing-field-initializers -Wstrict-prototypes -Werror=implicit-function-declaration -fvisibility=hidden  -I./Include/internal  -I. -I./Include    -DPy_BUILD_CORE_BUILTIN -c ./Modules/symtablemodule.c -o Modules/symtablemodule.o
clang  -fno-strict-overflow -Wsign-compare -fno-omit-frame-pointer -mno-omit-leaf-frame-pointer -g -Og -Wall    -std=c11 -Wextra -Wno-unused-parameter -Wno-missing-field-initializers -Wstrict-prototypes -Werror=implicit-function-declaration -fvisibility=hidden  -I./Include/internal  -I. -I./Include    -DPy_BUILD_CORE_BUILTIN -c ./Modules/pwdmodule.c -o Modules/pwdmodule.o
clang -c -fno-strict-overflow -Wsign-compare -fno-omit-frame-pointer -mno-omit-leaf-frame-pointer -g -Og -Wall    -std=c11 -Wextra -Wno-unused-parameter -Wno-missing-field-initializers -Wstrict-prototypes -Werror=implicit-function-declaration -fvisibility=hidden  -I./Include/internal  -I. -I./Include    -DPy_BUILD_CORE \
      -DGITVERSION="\"`LC_ALL=C `\"" \
      -DGITTAG="\"`LC_ALL=C `\"" \
      -DGITBRANCH="\"`LC_ALL=C `\"" \
      -o Modules/getbuildinfo.o ./Modules/getbuildinfo.c
clang -c -fno-strict-overflow -Wsign-compare -fno-omit-frame-pointer -mno-omit-leaf-frame-pointer -g -Og -Wall    -std=c11 -Wextra -Wno-unused-parameter -Wno-missing-field-initializers -Wstrict-prototypes -Werror=implicit-function-declaration -fvisibility=hidden  -I./Include/internal  -I. -I./Include    -DPy_BUILD_CORE -o Programs/_freeze_module.o Programs/_freeze_module.c
clang -c -fno-strict-overflow -Wsign-compare -fno-omit-frame-pointer -mno-omit-leaf-frame-pointer -g -Og -Wall    -std=c11 -Wextra -Wno-unused-parameter -Wno-missing-field-initializers -Wstrict-prototypes -Werror=implicit-function-declaration -fvisibility=hidden  -I./Include/internal  -I. -I./Include    -DPy_BUILD_CORE -o Modules/getpath_noop.o Modules/getpath_noop.c
clang     -o Programs/_freeze_module Programs/_freeze_module.o Modules/getpath_noop.o Modules/getbuildinfo.o Parser/token.o  Parser/pegen.o Parser/pegen_errors.o Parser/action_helpers.o Parser/parser.o Parser/string_parser.o Parser/peg_api.o Parser/myreadline.o Parser/tokenizer.o Objects/abstract.o Objects/boolobject.o Objects/bytes_methods.o Objects/bytearrayobject.o Objects/bytesobject.o Objects/call.o Objects/capsule.o Objects/cellobject.o Objects/classobject.o Objects/codeobject.o Objects/complexobject.o Objects/descrobject.o Objects/enumobject.o Objects/exceptions.o Objects/genericaliasobject.o Objects/genobject.o Objects/fileobject.o Objects/floatobject.o Objects/frameobject.o Objects/funcobject.o Objects/interpreteridobject.o Objects/iterobject.o Objects/listobject.o Objects/longobject.o Objects/dictobject.o Objects/odictobject.o Objects/memoryobject.o Objects/methodobject.o Objects/moduleobject.o Objects/namespaceobject.o Objects/object.o Objects/obmalloc.o Objects/picklebufobject.o Objects/rangeobject.o Objects/setobject.o Objects/sliceobject.o Objects/structseq.o Objects/tupleobject.o Objects/typeobject.o Objects/typevarobject.o Objects/unicodeobject.o Objects/unicodectype.o Objects/unionobject.o Objects/weakrefobject.o Python/asm_trampoline.o Python/_warnings.o Python/Python-ast.o Python/Python-tokenize.o Python/asdl.o Python/assemble.o Python/ast.o Python/ast_opt.o Python/ast_unparse.o Python/bltinmodule.o Python/ceval.o Python/codecs.o Python/compile.o Python/context.o Python/dynamic_annotations.o Python/errors.o Python/flowgraph.o Python/frame.o Python/frozenmain.o Python/future.o Python/getargs.o Python/getcompiler.o Python/getcopyright.o Python/getplatform.o Python/getversion.o Python/ceval_gil.o Python/hamt.o Python/hashtable.o Python/import.o Python/importdl.o Python/initconfig.o Python/instrumentation.o Python/intrinsics.o Python/legacy_tracing.o Python/marshal.o Python/modsupport.o Python/mysnprintf.o Python/mystrtoul.o Python/pathconfig.o Python/preconfig.o Python/pyarena.o Python/pyctype.o Python/pyfpe.o Python/pyhash.o Python/pylifecycle.o Python/pymath.o Python/pystate.o Python/pythonrun.o Python/pytime.o Python/bootstrap_hash.o Python/specialize.o Python/structmember.o Python/symtable.o Python/sysmodule.o Python/thread.o Python/traceback.o Python/tracemalloc.o Python/getopt.o Python/pystrcmp.o Python/pystrtod.o Python/pystrhex.o Python/dtoa.o Python/formatter_unicode.o Python/fileutils.o Python/suggestions.o Python/perf_trampoline.o Python/dynload_shlib.o     Modules/config.o Modules/main.o Modules/gcmodule.o Modules/atexitmodule.o  Modules/faulthandler.o  Modules/posixmodule.o  Modules/signalmodule.o  Modules/_tracemalloc.o  Modules/_codecsmodule.o  Modules/_collectionsmodule.o  Modules/errnomodule.o  Modules/_io/_iomodule.o Modules/_io/iobase.o Modules/_io/fileio.o Modules/_io/bytesio.o Modules/_io/bufferedio.o Modules/_io/textio.o Modules/_io/stringio.o  Modules/itertoolsmodule.o  Modules/_sre/sre.o  Modules/_threadmodule.o  Modules/timemodule.o  Modules/_typingmodule.o  Modules/_weakref.o  Modules/_abc.o  Modules/_functoolsmodule.o  Modules/_localemodule.o  Modules/_operator.o  Modules/_stat.o  Modules/symtablemodule.o  Modules/pwdmodule.o -ldl                         -lm 
./Programs/_freeze_module importlib._bootstrap ./Lib/importlib/_bootstrap.py Python/frozen_modules/importlib._bootstrap.h
./Programs/_freeze_module importlib._bootstrap_external ./Lib/importlib/_bootstrap_external.py Python/frozen_modules/importlib._bootstrap_external.h
./Programs/_freeze_module zipimport ./Lib/zipimport.py Python/frozen_modules/zipimport.h
clang -c -fno-strict-overflow -Wsign-compare -fno-omit-frame-pointer -mno-omit-leaf-frame-pointer -g -Og -Wall    -std=c11 -Wextra -Wno-unused-parameter -Wno-missing-field-initializers -Wstrict-prototypes -Werror=implicit-function-declaration -fvisibility=hidden  -I./Include/internal  -I. -I./Include    -DPy_BUILD_CORE -o Programs/_bootstrap_python.o Programs/_bootstrap_python.c
./Programs/_freeze_module getpath ./Modules/getpath.py Python/frozen_modules/getpath.h
clang -c -fno-strict-overflow -Wsign-compare -fno-omit-frame-pointer -mno-omit-leaf-frame-pointer -g -Og -Wall    -std=c11 -Wextra -Wno-unused-parameter -Wno-missing-field-initializers -Wstrict-prototypes -Werror=implicit-function-declaration -fvisibility=hidden  -I./Include/internal  -I. -I./Include    -DPy_BUILD_CORE -DPYTHONPATH='""' \
	-DPREFIX='"/usr/local"' \
	-DEXEC_PREFIX='"/usr/local"' \
	-DVERSION='"3.12"' \
	-DVPATH='""' \
	-DPLATLIBDIR='"lib"' \
	-DPYTHONFRAMEWORK='""' \
	-o Modules/getpath.o ./Modules/getpath.c
clang     -o _bootstrap_python Modules/getbuildinfo.o Parser/token.o  Parser/pegen.o Parser/pegen_errors.o Parser/action_helpers.o Parser/parser.o Parser/string_parser.o Parser/peg_api.o Parser/myreadline.o Parser/tokenizer.o Objects/abstract.o Objects/boolobject.o Objects/bytes_methods.o Objects/bytearrayobject.o Objects/bytesobject.o Objects/call.o Objects/capsule.o Objects/cellobject.o Objects/classobject.o Objects/codeobject.o Objects/complexobject.o Objects/descrobject.o Objects/enumobject.o Objects/exceptions.o Objects/genericaliasobject.o Objects/genobject.o Objects/fileobject.o Objects/floatobject.o Objects/frameobject.o Objects/funcobject.o Objects/interpreteridobject.o Objects/iterobject.o Objects/listobject.o Objects/longobject.o Objects/dictobject.o Objects/odictobject.o Objects/memoryobject.o Objects/methodobject.o Objects/moduleobject.o Objects/namespaceobject.o Objects/object.o Objects/obmalloc.o Objects/picklebufobject.o Objects/rangeobject.o Objects/setobject.o Objects/sliceobject.o Objects/structseq.o Objects/tupleobject.o Objects/typeobject.o Objects/typevarobject.o Objects/unicodeobject.o Objects/unicodectype.o Objects/unionobject.o Objects/weakrefobject.o Python/asm_trampoline.o Python/_warnings.o Python/Python-ast.o Python/Python-tokenize.o Python/asdl.o Python/assemble.o Python/ast.o Python/ast_opt.o Python/ast_unparse.o Python/bltinmodule.o Python/ceval.o Python/codecs.o Python/compile.o Python/context.o Python/dynamic_annotations.o Python/errors.o Python/flowgraph.o Python/frame.o Python/frozenmain.o Python/future.o Python/getargs.o Python/getcompiler.o Python/getcopyright.o Python/getplatform.o Python/getversion.o Python/ceval_gil.o Python/hamt.o Python/hashtable.o Python/import.o Python/importdl.o Python/initconfig.o Python/instrumentation.o Python/intrinsics.o Python/legacy_tracing.o Python/marshal.o Python/modsupport.o Python/mysnprintf.o Python/mystrtoul.o Python/pathconfig.o Python/preconfig.o Python/pyarena.o Python/pyctype.o Python/pyfpe.o Python/pyhash.o Python/pylifecycle.o Python/pymath.o Python/pystate.o Python/pythonrun.o Python/pytime.o Python/bootstrap_hash.o Python/specialize.o Python/structmember.o Python/symtable.o Python/sysmodule.o Python/thread.o Python/traceback.o Python/tracemalloc.o Python/getopt.o Python/pystrcmp.o Python/pystrtod.o Python/pystrhex.o Python/dtoa.o Python/formatter_unicode.o Python/fileutils.o Python/suggestions.o Python/perf_trampoline.o Python/dynload_shlib.o     Modules/config.o Modules/main.o Modules/gcmodule.o Modules/atexitmodule.o  Modules/faulthandler.o  Modules/posixmodule.o  Modules/signalmodule.o  Modules/_tracemalloc.o  Modules/_codecsmodule.o  Modules/_collectionsmodule.o  Modules/errnomodule.o  Modules/_io/_iomodule.o Modules/_io/iobase.o Modules/_io/fileio.o Modules/_io/bytesio.o Modules/_io/bufferedio.o Modules/_io/textio.o Modules/_io/stringio.o  Modules/itertoolsmodule.o  Modules/_sre/sre.o  Modules/_threadmodule.o  Modules/timemodule.o  Modules/_typingmodule.o  Modules/_weakref.o  Modules/_abc.o  Modules/_functoolsmodule.o  Modules/_localemodule.o  Modules/_operator.o  Modules/_stat.o  Modules/symtablemodule.o  Modules/pwdmodule.o \
	Programs/_bootstrap_python.o Modules/getpath.o -ldl                         -lm 
./_bootstrap_python ./Programs/_freeze_module.py abc ./Lib/abc.py Python/frozen_modules/abc.h
./_bootstrap_python ./Programs/_freeze_module.py codecs ./Lib/codecs.py Python/frozen_modules/codecs.h
./_bootstrap_python ./Programs/_freeze_module.py io ./Lib/io.py Python/frozen_modules/io.h
./_bootstrap_python ./Programs/_freeze_module.py _collections_abc ./Lib/_collections_abc.py Python/frozen_modules/_collections_abc.h
./_bootstrap_python ./Programs/_freeze_module.py _sitebuiltins ./Lib/_sitebuiltins.py Python/frozen_modules/_sitebuiltins.h
./_bootstrap_python ./Programs/_freeze_module.py genericpath ./Lib/genericpath.py Python/frozen_modules/genericpath.h
./_bootstrap_python ./Programs/_freeze_module.py ntpath ./Lib/ntpath.py Python/frozen_modules/ntpath.h
./_bootstrap_python ./Programs/_freeze_module.py posixpath ./Lib/posixpath.py Python/frozen_modules/posixpath.h
./_bootstrap_python ./Programs/_freeze_module.py os ./Lib/os.py Python/frozen_modules/os.h
./_bootstrap_python ./Programs/_freeze_module.py site ./Lib/site.py Python/frozen_modules/site.h
./_bootstrap_python ./Programs/_freeze_module.py stat ./Lib/stat.py Python/frozen_modules/stat.h
./_bootstrap_python ./Programs/_freeze_module.py importlib.util ./Lib/importlib/util.py Python/frozen_modules/importlib.util.h
./_bootstrap_python ./Programs/_freeze_module.py importlib.machinery ./Lib/importlib/machinery.py Python/frozen_modules/importlib.machinery.h
./_bootstrap_python ./Programs/_freeze_module.py runpy ./Lib/runpy.py Python/frozen_modules/runpy.h
./_bootstrap_python ./Programs/_freeze_module.py __hello__ ./Lib/__hello__.py Python/frozen_modules/__hello__.h
./_bootstrap_python ./Programs/_freeze_module.py __phello__ ./Lib/__phello__/__init__.py Python/frozen_modules/__phello__.h
./_bootstrap_python ./Programs/_freeze_module.py __phello__.ham ./Lib/__phello__/ham/__init__.py Python/frozen_modules/__phello__.ham.h
./_bootstrap_python ./Programs/_freeze_module.py __phello__.ham.eggs ./Lib/__phello__/ham/eggs.py Python/frozen_modules/__phello__.ham.eggs.h
./_bootstrap_python ./Programs/_freeze_module.py __phello__.spam ./Lib/__phello__/spam.py Python/frozen_modules/__phello__.spam.h
./_bootstrap_python ./Programs/_freeze_module.py frozen_only ./Tools/freeze/flag.py Python/frozen_modules/frozen_only.h
./_bootstrap_python ./Tools/build/deepfreeze.py \
Python/frozen_modules/importlib._bootstrap.h:importlib._bootstrap \
Python/frozen_modules/importlib._bootstrap_external.h:importlib._bootstrap_external \
Python/frozen_modules/zipimport.h:zipimport \
Python/frozen_modules/abc.h:abc \
Python/frozen_modules/codecs.h:codecs \
Python/frozen_modules/io.h:io \
Python/frozen_modules/_collections_abc.h:_collections_abc \
Python/frozen_modules/_sitebuiltins.h:_sitebuiltins \
Python/frozen_modules/genericpath.h:genericpath \
Python/frozen_modules/ntpath.h:ntpath \
Python/frozen_modules/posixpath.h:posixpath \
Python/frozen_modules/os.h:os \
Python/frozen_modules/site.h:site \
Python/frozen_modules/stat.h:stat \
Python/frozen_modules/importlib.util.h:importlib.util \
Python/frozen_modules/importlib.machinery.h:importlib.machinery \
Python/frozen_modules/runpy.h:runpy \
Python/frozen_modules/__hello__.h:__hello__ \
Python/frozen_modules/__phello__.h:__phello__ \
Python/frozen_modules/__phello__.ham.h:__phello__.ham \
Python/frozen_modules/__phello__.ham.eggs.h:__phello__.ham.eggs \
Python/frozen_modules/__phello__.spam.h:__phello__.spam \
Python/frozen_modules/frozen_only.h:frozen_only \
-o Python/deepfreeze/deepfreeze.c
clang -c -fno-strict-overflow -Wsign-compare -fno-omit-frame-pointer -mno-omit-leaf-frame-pointer -g -Og -Wall    -std=c11 -Wextra -Wno-unused-parameter -Wno-missing-field-initializers -Wstrict-prototypes -Werror=implicit-function-declaration -fvisibility=hidden  -I./Include/internal  -I. -I./Include    -DPy_BUILD_CORE -o Python/deepfreeze/deepfreeze.o Python/deepfreeze/deepfreeze.c
clang -c -fno-strict-overflow -Wsign-compare -fno-omit-frame-pointer -mno-omit-leaf-frame-pointer -g -Og -Wall    -std=c11 -Wextra -Wno-unused-parameter -Wno-missing-field-initializers -Wstrict-prototypes -Werror=implicit-function-declaration -fvisibility=hidden  -I./Include/internal  -I. -I./Include    -DPy_BUILD_CORE -o Python/frozen.o Python/frozen.c
rm -f libpython3.12d.a
ar rcs libpython3.12d.a Modules/getbuildinfo.o Parser/token.o  Parser/pegen.o Parser/pegen_errors.o Parser/action_helpers.o Parser/parser.o Parser/string_parser.o Parser/peg_api.o Parser/myreadline.o Parser/tokenizer.o Objects/abstract.o Objects/boolobject.o Objects/bytes_methods.o Objects/bytearrayobject.o Objects/bytesobject.o Objects/call.o Objects/capsule.o Objects/cellobject.o Objects/classobject.o Objects/codeobject.o Objects/complexobject.o Objects/descrobject.o Objects/enumobject.o Objects/exceptions.o Objects/genericaliasobject.o Objects/genobject.o Objects/fileobject.o Objects/floatobject.o Objects/frameobject.o Objects/funcobject.o Objects/interpreteridobject.o Objects/iterobject.o Objects/listobject.o Objects/longobject.o Objects/dictobject.o Objects/odictobject.o Objects/memoryobject.o Objects/methodobject.o Objects/moduleobject.o Objects/namespaceobject.o Objects/object.o Objects/obmalloc.o Objects/picklebufobject.o Objects/rangeobject.o Objects/setobject.o Objects/sliceobject.o Objects/structseq.o Objects/tupleobject.o Objects/typeobject.o Objects/typevarobject.o Objects/unicodeobject.o Objects/unicodectype.o Objects/unionobject.o Objects/weakrefobject.o Python/asm_trampoline.o Python/_warnings.o Python/Python-ast.o Python/Python-tokenize.o Python/asdl.o Python/assemble.o Python/ast.o Python/ast_opt.o Python/ast_unparse.o Python/bltinmodule.o Python/ceval.o Python/codecs.o Python/compile.o Python/context.o Python/dynamic_annotations.o Python/errors.o Python/flowgraph.o Python/frame.o Python/frozenmain.o Python/future.o Python/getargs.o Python/getcompiler.o Python/getcopyright.o Python/getplatform.o Python/getversion.o Python/ceval_gil.o Python/hamt.o Python/hashtable.o Python/import.o Python/importdl.o Python/initconfig.o Python/instrumentation.o Python/intrinsics.o Python/legacy_tracing.o Python/marshal.o Python/modsupport.o Python/mysnprintf.o Python/mystrtoul.o Python/pathconfig.o Python/preconfig.o Python/pyarena.o Python/pyctype.o Python/pyfpe.o Python/pyhash.o Python/pylifecycle.o Python/pymath.o Python/pystate.o Python/pythonrun.o Python/pytime.o Python/bootstrap_hash.o Python/specialize.o Python/structmember.o Python/symtable.o Python/sysmodule.o Python/thread.o Python/traceback.o Python/tracemalloc.o Python/getopt.o Python/pystrcmp.o Python/pystrtod.o Python/pystrhex.o Python/dtoa.o Python/formatter_unicode.o Python/fileutils.o Python/suggestions.o Python/perf_trampoline.o Python/dynload_shlib.o     Modules/config.o Modules/main.o Modules/gcmodule.o Modules/atexitmodule.o  Modules/faulthandler.o  Modules/posixmodule.o  Modules/signalmodule.o  Modules/_tracemalloc.o  Modules/_codecsmodule.o  Modules/_collectionsmodule.o  Modules/errnomodule.o  Modules/_io/_iomodule.o Modules/_io/iobase.o Modules/_io/fileio.o Modules/_io/bytesio.o Modules/_io/bufferedio.o Modules/_io/textio.o Modules/_io/stringio.o  Modules/itertoolsmodule.o  Modules/_sre/sre.o  Modules/_threadmodule.o  Modules/timemodule.o  Modules/_typingmodule.o  Modules/_weakref.o  Modules/_abc.o  Modules/_functoolsmodule.o  Modules/_localemodule.o  Modules/_operator.o  Modules/_stat.o  Modules/symtablemodule.o  Modules/pwdmodule.o Python/deepfreeze/deepfreeze.o Modules/getpath.o Python/frozen.o
clang     -Xlinker -export-dynamic -o python Programs/python.o Modules/getbuildinfo.o Parser/token.o  Parser/pegen.o Parser/pegen_errors.o Parser/action_helpers.o Parser/parser.o Parser/string_parser.o Parser/peg_api.o Parser/myreadline.o Parser/tokenizer.o Objects/abstract.o Objects/boolobject.o Objects/bytes_methods.o Objects/bytearrayobject.o Objects/bytesobject.o Objects/call.o Objects/capsule.o Objects/cellobject.o Objects/classobject.o Objects/codeobject.o Objects/complexobject.o Objects/descrobject.o Objects/enumobject.o Objects/exceptions.o Objects/genericaliasobject.o Objects/genobject.o Objects/fileobject.o Objects/floatobject.o Objects/frameobject.o Objects/funcobject.o Objects/interpreteridobject.o Objects/iterobject.o Objects/listobject.o Objects/longobject.o Objects/dictobject.o Objects/odictobject.o Objects/memoryobject.o Objects/methodobject.o Objects/moduleobject.o Objects/namespaceobject.o Objects/object.o Objects/obmalloc.o Objects/picklebufobject.o Objects/rangeobject.o Objects/setobject.o Objects/sliceobject.o Objects/structseq.o Objects/tupleobject.o Objects/typeobject.o Objects/typevarobject.o Objects/unicodeobject.o Objects/unicodectype.o Objects/unionobject.o Objects/weakrefobject.o Python/asm_trampoline.o Python/_warnings.o Python/Python-ast.o Python/Python-tokenize.o Python/asdl.o Python/assemble.o Python/ast.o Python/ast_opt.o Python/ast_unparse.o Python/bltinmodule.o Python/ceval.o Python/codecs.o Python/compile.o Python/context.o Python/dynamic_annotations.o Python/errors.o Python/flowgraph.o Python/frame.o Python/frozenmain.o Python/future.o Python/getargs.o Python/getcompiler.o Python/getcopyright.o Python/getplatform.o Python/getversion.o Python/ceval_gil.o Python/hamt.o Python/hashtable.o Python/import.o Python/importdl.o Python/initconfig.o Python/instrumentation.o Python/intrinsics.o Python/legacy_tracing.o Python/marshal.o Python/modsupport.o Python/mysnprintf.o Python/mystrtoul.o Python/pathconfig.o Python/preconfig.o Python/pyarena.o Python/pyctype.o Python/pyfpe.o Python/pyhash.o Python/pylifecycle.o Python/pymath.o Python/pystate.o Python/pythonrun.o Python/pytime.o Python/bootstrap_hash.o Python/specialize.o Python/structmember.o Python/symtable.o Python/sysmodule.o Python/thread.o Python/traceback.o Python/tracemalloc.o Python/getopt.o Python/pystrcmp.o Python/pystrtod.o Python/pystrhex.o Python/dtoa.o Python/formatter_unicode.o Python/fileutils.o Python/suggestions.o Python/perf_trampoline.o Python/dynload_shlib.o     Modules/config.o Modules/main.o Modules/gcmodule.o Modules/atexitmodule.o  Modules/faulthandler.o  Modules/posixmodule.o  Modules/signalmodule.o  Modules/_tracemalloc.o  Modules/_codecsmodule.o  Modules/_collectionsmodule.o  Modules/errnomodule.o  Modules/_io/_iomodule.o Modules/_io/iobase.o Modules/_io/fileio.o Modules/_io/bytesio.o Modules/_io/bufferedio.o Modules/_io/textio.o Modules/_io/stringio.o  Modules/itertoolsmodule.o  Modules/_sre/sre.o  Modules/_threadmodule.o  Modules/timemodule.o  Modules/_typingmodule.o  Modules/_weakref.o  Modules/_abc.o  Modules/_functoolsmodule.o  Modules/_localemodule.o  Modules/_operator.o  Modules/_stat.o  Modules/symtablemodule.o  Modules/pwdmodule.o Python/deepfreeze/deepfreeze.o Modules/getpath.o Python/frozen.o -ldl                         -lm 
./python -E -S -m sysconfig --generate-posix-vars ;\
if test $? -ne 0 ; then \
	echo "generate-posix-vars failed" ; \
	rm -f ./pybuilddir.txt ; \
	exit 1 ; \
fi
./python -E -c 'import sys ; from sysconfig import get_platform ; print("%s-%d.%d" % (get_platform(), *sys.version_info[:2]))' >platform
clang  -fno-strict-overflow -Wsign-compare -fno-omit-frame-pointer -mno-omit-leaf-frame-pointer -g -Og -Wall    -std=c11 -Wextra -Wno-unused-parameter -Wno-missing-field-initializers -Wstrict-prototypes -Werror=implicit-function-declaration -fvisibility=hidden  -I./Include/internal  -I. -I./Include    -fPIC -c ./Modules/arraymodule.c -o Modules/arraymodule.o
clang -shared      Modules/arraymodule.o   -o Modules/array.cpython-312d-x86_64-linux-gnu.so
clang  -fno-strict-overflow -Wsign-compare -fno-omit-frame-pointer -mno-omit-leaf-frame-pointer -g -Og -Wall    -std=c11 -Wextra -Wno-unused-parameter -Wno-missing-field-initializers -Wstrict-prototypes -Werror=implicit-function-declaration -fvisibility=hidden  -I./Include/internal  -I. -I./Include    -fPIC -c ./Modules/_asynciomodule.c -o Modules/_asynciomodule.o
clang -shared      Modules/_asynciomodule.o   -o Modules/_asyncio.cpython-312d-x86_64-linux-gnu.so
clang  -fno-strict-overflow -Wsign-compare -fno-omit-frame-pointer -mno-omit-leaf-frame-pointer -g -Og -Wall    -std=c11 -Wextra -Wno-unused-parameter -Wno-missing-field-initializers -Wstrict-prototypes -Werror=implicit-function-declaration -fvisibility=hidden  -I./Include/internal  -I. -I./Include    -fPIC -c ./Modules/_bisectmodule.c -o Modules/_bisectmodule.o
clang -shared      Modules/_bisectmodule.o   -o Modules/_bisect.cpython-312d-x86_64-linux-gnu.so
clang  -fno-strict-overflow -Wsign-compare -fno-omit-frame-pointer -mno-omit-leaf-frame-pointer -g -Og -Wall    -std=c11 -Wextra -Wno-unused-parameter -Wno-missing-field-initializers -Wstrict-prototypes -Werror=implicit-function-declaration -fvisibility=hidden  -I./Include/internal  -I. -I./Include    -fPIC -c ./Modules/_contextvarsmodule.c -o Modules/_contextvarsmodule.o
clang -shared      Modules/_contextvarsmodule.o   -o Modules/_contextvars.cpython-312d-x86_64-linux-gnu.so
clang  -fno-strict-overflow -Wsign-compare -fno-omit-frame-pointer -mno-omit-leaf-frame-pointer -g -Og -Wall    -std=c11 -Wextra -Wno-unused-parameter -Wno-missing-field-initializers -Wstrict-prototypes -Werror=implicit-function-declaration -fvisibility=hidden  -I./Include/internal  -I. -I./Include    -fPIC -c ./Modules/_csv.c -o Modules/_csv.o
clang -shared      Modules/_csv.o   -o Modules/_csv.cpython-312d-x86_64-linux-gnu.so
clang  -fno-strict-overflow -Wsign-compare -fno-omit-frame-pointer -mno-omit-leaf-frame-pointer -g -Og -Wall    -std=c11 -Wextra -Wno-unused-parameter -Wno-missing-field-initializers -Wstrict-prototypes -Werror=implicit-function-declaration -fvisibility=hidden  -I./Include/internal  -I. -I./Include    -fPIC -c ./Modules/_heapqmodule.c -o Modules/_heapqmodule.o
clang -shared      Modules/_heapqmodule.o   -o Modules/_heapq.cpython-312d-x86_64-linux-gnu.so
clang  -fno-strict-overflow -Wsign-compare -fno-omit-frame-pointer -mno-omit-leaf-frame-pointer -g -Og -Wall    -std=c11 -Wextra -Wno-unused-parameter -Wno-missing-field-initializers -Wstrict-prototypes -Werror=implicit-function-declaration -fvisibility=hidden  -I./Include/internal  -I. -I./Include    -fPIC -c ./Modules/_json.c -o Modules/_json.o
clang -shared      Modules/_json.o   -o Modules/_json.cpython-312d-x86_64-linux-gnu.so
clang  -fno-strict-overflow -Wsign-compare -fno-omit-frame-pointer -mno-omit-leaf-frame-pointer -g -Og -Wall    -std=c11 -Wextra -Wno-unused-parameter -Wno-missing-field-initializers -Wstrict-prototypes -Werror=implicit-function-declaration -fvisibility=hidden  -I./Include/internal  -I. -I./Include    -fPIC -c ./Modules/_lsprof.c -o Modules/_lsprof.o
clang  -fno-strict-overflow -Wsign-compare -fno-omit-frame-pointer -mno-omit-leaf-frame-pointer -g -Og -Wall    -std=c11 -Wextra -Wno-unused-parameter -Wno-missing-field-initializers -Wstrict-prototypes -Werror=implicit-function-declaration -fvisibility=hidden  -I./Include/internal  -I. -I./Include    -fPIC -c ./Modules/rotatingtree.c -o Modules/rotatingtree.o
clang -shared      Modules/_lsprof.o Modules/rotatingtree.o   -o Modules/_lsprof.cpython-312d-x86_64-linux-gnu.so
clang  -fno-strict-overflow -Wsign-compare -fno-omit-frame-pointer -mno-omit-leaf-frame-pointer -g -Og -Wall    -std=c11 -Wextra -Wno-unused-parameter -Wno-missing-field-initializers -Wstrict-prototypes -Werror=implicit-function-declaration -fvisibility=hidden  -I./Include/internal  -I. -I./Include    -fPIC -c ./Modules/_opcode.c -o Modules/_opcode.o
clang -shared      Modules/_opcode.o   -o Modules/_opcode.cpython-312d-x86_64-linux-gnu.so
clang  -fno-strict-overflow -Wsign-compare -fno-omit-frame-pointer -mno-omit-leaf-frame-pointer -g -Og -Wall    -std=c11 -Wextra -Wno-unused-parameter -Wno-missing-field-initializers -Wstrict-prototypes -Werror=implicit-function-declaration -fvisibility=hidden  -I./Include/internal  -I. -I./Include    -fPIC -c ./Modules/_pickle.c -o Modules/_pickle.o
clang -shared      Modules/_pickle.o   -o Modules/_pickle.cpython-312d-x86_64-linux-gnu.so
clang  -fno-strict-overflow -Wsign-compare -fno-omit-frame-pointer -mno-omit-leaf-frame-pointer -g -Og -Wall    -std=c11 -Wextra -Wno-unused-parameter -Wno-missing-field-initializers -Wstrict-prototypes -Werror=implicit-function-declaration -fvisibility=hidden  -I./Include/internal  -I. -I./Include    -fPIC -c ./Modules/_queuemodule.c -o Modules/_queuemodule.o
clang -shared      Modules/_queuemodule.o   -o Modules/_queue.cpython-312d-x86_64-linux-gnu.so
clang  -fno-strict-overflow -Wsign-compare -fno-omit-frame-pointer -mno-omit-leaf-frame-pointer -g -Og -Wall    -std=c11 -Wextra -Wno-unused-parameter -Wno-missing-field-initializers -Wstrict-prototypes -Werror=implicit-function-declaration -fvisibility=hidden  -I./Include/internal  -I. -I./Include    -fPIC -c ./Modules/_randommodule.c -o Modules/_randommodule.o
clang -shared      Modules/_randommodule.o   -o Modules/_random.cpython-312d-x86_64-linux-gnu.so
clang  -fno-strict-overflow -Wsign-compare -fno-omit-frame-pointer -mno-omit-leaf-frame-pointer -g -Og -Wall    -std=c11 -Wextra -Wno-unused-parameter -Wno-missing-field-initializers -Wstrict-prototypes -Werror=implicit-function-declaration -fvisibility=hidden  -I./Include/internal  -I. -I./Include    -fPIC -c ./Modules/_struct.c -o Modules/_struct.o
clang -shared      Modules/_struct.o   -o Modules/_struct.cpython-312d-x86_64-linux-gnu.so
clang  -fno-strict-overflow -Wsign-compare -fno-omit-frame-pointer -mno-omit-leaf-frame-pointer -g -Og -Wall    -std=c11 -Wextra -Wno-unused-parameter -Wno-missing-field-initializers -Wstrict-prototypes -Werror=implicit-function-declaration -fvisibility=hidden  -I./Include/internal  -I. -I./Include    -fPIC -c ./Modules/_xxsubinterpretersmodule.c -o Modules/_xxsubinterpretersmodule.o
clang -shared      Modules/_xxsubinterpretersmodule.o   -o Modules/_xxsubinterpreters.cpython-312d-x86_64-linux-gnu.so
clang  -fno-strict-overflow -Wsign-compare -fno-omit-frame-pointer -mno-omit-leaf-frame-pointer -g -Og -Wall    -std=c11 -Wextra -Wno-unused-parameter -Wno-missing-field-initializers -Wstrict-prototypes -Werror=implicit-function-declaration -fvisibility=hidden  -I./Include/internal  -I. -I./Include    -fPIC -c ./Modules/_xxinterpchannelsmodule.c -o Modules/_xxinterpchannelsmodule.o
clang -shared      Modules/_xxinterpchannelsmodule.o   -o Modules/_xxinterpchannels.cpython-312d-x86_64-linux-gnu.so
clang  -fno-strict-overflow -Wsign-compare -fno-omit-frame-pointer -mno-omit-leaf-frame-pointer -g -Og -Wall    -std=c11 -Wextra -Wno-unused-parameter -Wno-missing-field-initializers -Wstrict-prototypes -Werror=implicit-function-declaration -fvisibility=hidden  -I./Include/internal  -I. -I./Include    -fPIC -c ./Modules/_zoneinfo.c -o Modules/_zoneinfo.o
clang -shared      Modules/_zoneinfo.o   -o Modules/_zoneinfo.cpython-312d-x86_64-linux-gnu.so
clang  -fno-strict-overflow -Wsign-compare -fno-omit-frame-pointer -mno-omit-leaf-frame-pointer -g -Og -Wall    -std=c11 -Wextra -Wno-unused-parameter -Wno-missing-field-initializers -Wstrict-prototypes -Werror=implicit-function-declaration -fvisibility=hidden  -I./Include/internal  -I. -I./Include    -fPIC -c ./Modules/audioop.c -o Modules/audioop.o
clang -shared      Modules/audioop.o -lm  -o Modules/audioop.cpython-312d-x86_64-linux-gnu.so
clang  -fno-strict-overflow -Wsign-compare -fno-omit-frame-pointer -mno-omit-leaf-frame-pointer -g -Og -Wall    -std=c11 -Wextra -Wno-unused-parameter -Wno-missing-field-initializers -Wstrict-prototypes -Werror=implicit-function-declaration -fvisibility=hidden  -I./Include/internal  -I. -I./Include    -fPIC -c ./Modules/mathmodule.c -o Modules/mathmodule.o
clang -shared      Modules/mathmodule.o -lm  -o Modules/math.cpython-312d-x86_64-linux-gnu.so
clang  -fno-strict-overflow -Wsign-compare -fno-omit-frame-pointer -mno-omit-leaf-frame-pointer -g -Og -Wall    -std=c11 -Wextra -Wno-unused-parameter -Wno-missing-field-initializers -Wstrict-prototypes -Werror=implicit-function-declaration -fvisibility=hidden  -I./Include/internal  -I. -I./Include    -fPIC -c ./Modules/cmathmodule.c -o Modules/cmathmodule.o
clang -shared      Modules/cmathmodule.o -lm  -o Modules/cmath.cpython-312d-x86_64-linux-gnu.so
clang  -fno-strict-overflow -Wsign-compare -fno-omit-frame-pointer -mno-omit-leaf-frame-pointer -g -Og -Wall    -std=c11 -Wextra -Wno-unused-parameter -Wno-missing-field-initializers -Wstrict-prototypes -Werror=implicit-function-declaration -fvisibility=hidden  -I./Include/internal  -I. -I./Include    -fPIC -c ./Modules/_statisticsmodule.c -o Modules/_statisticsmodule.o
clang -shared      Modules/_statisticsmodule.o -lm  -o Modules/_statistics.cpython-312d-x86_64-linux-gnu.so
clang  -fno-strict-overflow -Wsign-compare -fno-omit-frame-pointer -mno-omit-leaf-frame-pointer -g -Og -Wall    -std=c11 -Wextra -Wno-unused-parameter -Wno-missing-field-initializers -Wstrict-prototypes -Werror=implicit-function-declaration -fvisibility=hidden  -I./Include/internal  -I. -I./Include    -fPIC -c ./Modules/_datetimemodule.c -o Modules/_datetimemodule.o
clang -shared      Modules/_datetimemodule.o -lm  -o Modules/_datetime.cpython-312d-x86_64-linux-gnu.so
clang -c -I./Modules/_decimal/libmpdec -DTEST_COVERAGE -DCONFIG_64=1 -DANSI=1 -DHAVE_UINT128_T=1 -fno-strict-overflow -Wsign-compare -fno-omit-frame-pointer -mno-omit-leaf-frame-pointer -g -Og -Wall    -std=c11 -Wextra -Wno-unused-parameter -Wno-missing-field-initializers -Wstrict-prototypes -Werror=implicit-function-declaration -fvisibility=hidden  -I./Include/internal  -I. -I./Include    -fPIC -o Modules/_decimal/libmpdec/basearith.o ./Modules/_decimal/libmpdec/basearith.c
clang -c -I./Modules/_decimal/libmpdec -DTEST_COVERAGE -DCONFIG_64=1 -DANSI=1 -DHAVE_UINT128_T=1 -fno-strict-overflow -Wsign-compare -fno-omit-frame-pointer -mno-omit-leaf-frame-pointer -g -Og -Wall    -std=c11 -Wextra -Wno-unused-parameter -Wno-missing-field-initializers -Wstrict-prototypes -Werror=implicit-function-declaration -fvisibility=hidden  -I./Include/internal  -I. -I./Include    -fPIC -o Modules/_decimal/libmpdec/constants.o ./Modules/_decimal/libmpdec/constants.c
clang -c -I./Modules/_decimal/libmpdec -DTEST_COVERAGE -DCONFIG_64=1 -DANSI=1 -DHAVE_UINT128_T=1 -fno-strict-overflow -Wsign-compare -fno-omit-frame-pointer -mno-omit-leaf-frame-pointer -g -Og -Wall    -std=c11 -Wextra -Wno-unused-parameter -Wno-missing-field-initializers -Wstrict-prototypes -Werror=implicit-function-declaration -fvisibility=hidden  -I./Include/internal  -I. -I./Include    -fPIC -o Modules/_decimal/libmpdec/context.o ./Modules/_decimal/libmpdec/context.c
clang -c -I./Modules/_decimal/libmpdec -DTEST_COVERAGE -DCONFIG_64=1 -DANSI=1 -DHAVE_UINT128_T=1 -fno-strict-overflow -Wsign-compare -fno-omit-frame-pointer -mno-omit-leaf-frame-pointer -g -Og -Wall    -std=c11 -Wextra -Wno-unused-parameter -Wno-missing-field-initializers -Wstrict-prototypes -Werror=implicit-function-declaration -fvisibility=hidden  -I./Include/internal  -I. -I./Include    -fPIC -o Modules/_decimal/libmpdec/convolute.o ./Modules/_decimal/libmpdec/convolute.c
clang -c -I./Modules/_decimal/libmpdec -DTEST_COVERAGE -DCONFIG_64=1 -DANSI=1 -DHAVE_UINT128_T=1 -fno-strict-overflow -Wsign-compare -fno-omit-frame-pointer -mno-omit-leaf-frame-pointer -g -Og -Wall    -std=c11 -Wextra -Wno-unused-parameter -Wno-missing-field-initializers -Wstrict-prototypes -Werror=implicit-function-declaration -fvisibility=hidden  -I./Include/internal  -I. -I./Include    -fPIC -o Modules/_decimal/libmpdec/crt.o ./Modules/_decimal/libmpdec/crt.c
clang -c -I./Modules/_decimal/libmpdec -DTEST_COVERAGE -DCONFIG_64=1 -DANSI=1 -DHAVE_UINT128_T=1 -fno-strict-overflow -Wsign-compare -fno-omit-frame-pointer -mno-omit-leaf-frame-pointer -g -Og -Wall    -std=c11 -Wextra -Wno-unused-parameter -Wno-missing-field-initializers -Wstrict-prototypes -Werror=implicit-function-declaration -fvisibility=hidden  -I./Include/internal  -I. -I./Include    -fPIC -o Modules/_decimal/libmpdec/difradix2.o ./Modules/_decimal/libmpdec/difradix2.c
clang -c -I./Modules/_decimal/libmpdec -DTEST_COVERAGE -DCONFIG_64=1 -DANSI=1 -DHAVE_UINT128_T=1 -fno-strict-overflow -Wsign-compare -fno-omit-frame-pointer -mno-omit-leaf-frame-pointer -g -Og -Wall    -std=c11 -Wextra -Wno-unused-parameter -Wno-missing-field-initializers -Wstrict-prototypes -Werror=implicit-function-declaration -fvisibility=hidden  -I./Include/internal  -I. -I./Include    -fPIC -o Modules/_decimal/libmpdec/fnt.o ./Modules/_decimal/libmpdec/fnt.c
clang -c -I./Modules/_decimal/libmpdec -DTEST_COVERAGE -DCONFIG_64=1 -DANSI=1 -DHAVE_UINT128_T=1 -fno-strict-overflow -Wsign-compare -fno-omit-frame-pointer -mno-omit-leaf-frame-pointer -g -Og -Wall    -std=c11 -Wextra -Wno-unused-parameter -Wno-missing-field-initializers -Wstrict-prototypes -Werror=implicit-function-declaration -fvisibility=hidden  -I./Include/internal  -I. -I./Include    -fPIC -o Modules/_decimal/libmpdec/fourstep.o ./Modules/_decimal/libmpdec/fourstep.c
clang -c -I./Modules/_decimal/libmpdec -DTEST_COVERAGE -DCONFIG_64=1 -DANSI=1 -DHAVE_UINT128_T=1 -fno-strict-overflow -Wsign-compare -fno-omit-frame-pointer -mno-omit-leaf-frame-pointer -g -Og -Wall    -std=c11 -Wextra -Wno-unused-parameter -Wno-missing-field-initializers -Wstrict-prototypes -Werror=implicit-function-declaration -fvisibility=hidden  -I./Include/internal  -I. -I./Include    -fPIC -o Modules/_decimal/libmpdec/io.o ./Modules/_decimal/libmpdec/io.c
clang -c -I./Modules/_decimal/libmpdec -DTEST_COVERAGE -DCONFIG_64=1 -DANSI=1 -DHAVE_UINT128_T=1 -fno-strict-overflow -Wsign-compare -fno-omit-frame-pointer -mno-omit-leaf-frame-pointer -g -Og -Wall    -std=c11 -Wextra -Wno-unused-parameter -Wno-missing-field-initializers -Wstrict-prototypes -Werror=implicit-function-declaration -fvisibility=hidden  -I./Include/internal  -I. -I./Include    -fPIC -o Modules/_decimal/libmpdec/mpalloc.o ./Modules/_decimal/libmpdec/mpalloc.c
clang -c -I./Modules/_decimal/libmpdec -DTEST_COVERAGE -DCONFIG_64=1 -DANSI=1 -DHAVE_UINT128_T=1 -fno-strict-overflow -Wsign-compare -fno-omit-frame-pointer -mno-omit-leaf-frame-pointer -g -Og -Wall    -std=c11 -Wextra -Wno-unused-parameter -Wno-missing-field-initializers -Wstrict-prototypes -Werror=implicit-function-declaration -fvisibility=hidden  -I./Include/internal  -I. -I./Include    -fPIC -o Modules/_decimal/libmpdec/mpdecimal.o ./Modules/_decimal/libmpdec/mpdecimal.c
clang -c -I./Modules/_decimal/libmpdec -DTEST_COVERAGE -DCONFIG_64=1 -DANSI=1 -DHAVE_UINT128_T=1 -fno-strict-overflow -Wsign-compare -fno-omit-frame-pointer -mno-omit-leaf-frame-pointer -g -Og -Wall    -std=c11 -Wextra -Wno-unused-parameter -Wno-missing-field-initializers -Wstrict-prototypes -Werror=implicit-function-declaration -fvisibility=hidden  -I./Include/internal  -I. -I./Include    -fPIC -o Modules/_decimal/libmpdec/numbertheory.o ./Modules/_decimal/libmpdec/numbertheory.c
clang -c -I./Modules/_decimal/libmpdec -DTEST_COVERAGE -DCONFIG_64=1 -DANSI=1 -DHAVE_UINT128_T=1 -fno-strict-overflow -Wsign-compare -fno-omit-frame-pointer -mno-omit-leaf-frame-pointer -g -Og -Wall    -std=c11 -Wextra -Wno-unused-parameter -Wno-missing-field-initializers -Wstrict-prototypes -Werror=implicit-function-declaration -fvisibility=hidden  -I./Include/internal  -I. -I./Include    -fPIC -o Modules/_decimal/libmpdec/sixstep.o ./Modules/_decimal/libmpdec/sixstep.c
clang -c -I./Modules/_decimal/libmpdec -DTEST_COVERAGE -DCONFIG_64=1 -DANSI=1 -DHAVE_UINT128_T=1 -fno-strict-overflow -Wsign-compare -fno-omit-frame-pointer -mno-omit-leaf-frame-pointer -g -Og -Wall    -std=c11 -Wextra -Wno-unused-parameter -Wno-missing-field-initializers -Wstrict-prototypes -Werror=implicit-function-declaration -fvisibility=hidden  -I./Include/internal  -I. -I./Include    -fPIC -o Modules/_decimal/libmpdec/transpose.o ./Modules/_decimal/libmpdec/transpose.c
rm -f Modules/_decimal/libmpdec/libmpdec.a
ar rcs Modules/_decimal/libmpdec/libmpdec.a Modules/_decimal/libmpdec/basearith.o Modules/_decimal/libmpdec/constants.o Modules/_decimal/libmpdec/context.o Modules/_decimal/libmpdec/convolute.o Modules/_decimal/libmpdec/crt.o Modules/_decimal/libmpdec/difradix2.o Modules/_decimal/libmpdec/fnt.o Modules/_decimal/libmpdec/fourstep.o Modules/_decimal/libmpdec/io.o Modules/_decimal/libmpdec/mpalloc.o Modules/_decimal/libmpdec/mpdecimal.o Modules/_decimal/libmpdec/numbertheory.o Modules/_decimal/libmpdec/sixstep.o Modules/_decimal/libmpdec/transpose.o
clang -I./Modules/_decimal/libmpdec -DTEST_COVERAGE -DCONFIG_64=1 -DANSI=1 -DHAVE_UINT128_T=1 -fno-strict-overflow -Wsign-compare -fno-omit-frame-pointer -mno-omit-leaf-frame-pointer -g -Og -Wall    -std=c11 -Wextra -Wno-unused-parameter -Wno-missing-field-initializers -Wstrict-prototypes -Werror=implicit-function-declaration -fvisibility=hidden  -I./Include/internal  -I. -I./Include    -fPIC -c ./Modules/_decimal/_decimal.c -o Modules/_decimal/_decimal.o
clang -shared      Modules/_decimal/_decimal.o -lm Modules/_decimal/libmpdec/libmpdec.a  -o Modules/_decimal.cpython-312d-x86_64-linux-gnu.so
clang -DUSE_ZLIB_CRC32 -DWITH_GZFILEOP -fno-strict-overflow -Wsign-compare -fno-omit-frame-pointer -mno-omit-leaf-frame-pointer -g -Og -Wall    -std=c11 -Wextra -Wno-unused-parameter -Wno-missing-field-initializers -Wstrict-prototypes -Werror=implicit-function-declaration -fvisibility=hidden  -I./Include/internal  -I. -I./Include    -fPIC -c ./Modules/binascii.c -o Modules/binascii.o
clang -shared      Modules/binascii.o -lz  -o Modules/binascii.cpython-312d-x86_64-linux-gnu.so
clang  -fno-strict-overflow -Wsign-compare -fno-omit-frame-pointer -mno-omit-leaf-frame-pointer -g -Og -Wall    -std=c11 -Wextra -Wno-unused-parameter -Wno-missing-field-initializers -Wstrict-prototypes -Werror=implicit-function-declaration -fvisibility=hidden  -I./Include/internal  -I. -I./Include    -fPIC -c ./Modules/_bz2module.c -o Modules/_bz2module.o
clang -shared      Modules/_bz2module.o -lbz2  -o Modules/_bz2.cpython-312d-x86_64-linux-gnu.so
clang  -fno-strict-overflow -Wsign-compare -fno-omit-frame-pointer -mno-omit-leaf-frame-pointer -g -Og -Wall    -std=c11 -Wextra -Wno-unused-parameter -Wno-missing-field-initializers -Wstrict-prototypes -Werror=implicit-function-declaration -fvisibility=hidden  -I./Include/internal  -I. -I./Include    -fPIC -c ./Modules/_lzmamodule.c -o Modules/_lzmamodule.o
clang -shared      Modules/_lzmamodule.o -llzma  -o Modules/_lzma.cpython-312d-x86_64-linux-gnu.so
clang -DWITH_GZFILEOP -fno-strict-overflow -Wsign-compare -fno-omit-frame-pointer -mno-omit-leaf-frame-pointer -g -Og -Wall    -std=c11 -Wextra -Wno-unused-parameter -Wno-missing-field-initializers -Wstrict-prototypes -Werror=implicit-function-declaration -fvisibility=hidden  -I./Include/internal  -I. -I./Include    -fPIC -c ./Modules/zlibmodule.c -o Modules/zlibmodule.o
clang -shared      Modules/zlibmodule.o -lz  -o Modules/zlib.cpython-312d-x86_64-linux-gnu.so
clang  -I./Modules/_hacl/include -D_BSD_SOURCE -D_DEFAULT_SOURCE -fno-strict-overflow -Wsign-compare -fno-omit-frame-pointer -mno-omit-leaf-frame-pointer -g -Og -Wall    -std=c11 -Wextra -Wno-unused-parameter -Wno-missing-field-initializers -Wstrict-prototypes -Werror=implicit-function-declaration -fvisibility=hidden  -I./Include/internal  -I. -I./Include    -fPIC -c ./Modules/md5module.c -o Modules/md5module.o
clang  -I./Modules/_hacl/include -D_BSD_SOURCE -D_DEFAULT_SOURCE -fno-strict-overflow -Wsign-compare -fno-omit-frame-pointer -mno-omit-leaf-frame-pointer -g -Og -Wall    -std=c11 -Wextra -Wno-unused-parameter -Wno-missing-field-initializers -Wstrict-prototypes -Werror=implicit-function-declaration -fvisibility=hidden  -I./Include/internal  -I. -I./Include    -fPIC -c ./Modules/_hacl/Hacl_Hash_MD5.c -o Modules/_hacl/Hacl_Hash_MD5.o
clang -shared      Modules/md5module.o Modules/_hacl/Hacl_Hash_MD5.o   -o Modules/_md5.cpython-312d-x86_64-linux-gnu.so
clang  -I./Modules/_hacl/include -D_BSD_SOURCE -D_DEFAULT_SOURCE -fno-strict-overflow -Wsign-compare -fno-omit-frame-pointer -mno-omit-leaf-frame-pointer -g -Og -Wall    -std=c11 -Wextra -Wno-unused-parameter -Wno-missing-field-initializers -Wstrict-prototypes -Werror=implicit-function-declaration -fvisibility=hidden  -I./Include/internal  -I. -I./Include    -fPIC -c ./Modules/sha1module.c -o Modules/sha1module.o
clang  -I./Modules/_hacl/include -D_BSD_SOURCE -D_DEFAULT_SOURCE -fno-strict-overflow -Wsign-compare -fno-omit-frame-pointer -mno-omit-leaf-frame-pointer -g -Og -Wall    -std=c11 -Wextra -Wno-unused-parameter -Wno-missing-field-initializers -Wstrict-prototypes -Werror=implicit-function-declaration -fvisibility=hidden  -I./Include/internal  -I. -I./Include    -fPIC -c ./Modules/_hacl/Hacl_Hash_SHA1.c -o Modules/_hacl/Hacl_Hash_SHA1.o
clang -shared      Modules/sha1module.o Modules/_hacl/Hacl_Hash_SHA1.o   -o Modules/_sha1.cpython-312d-x86_64-linux-gnu.so
clang -c -I./Modules/_hacl/include -D_BSD_SOURCE -D_DEFAULT_SOURCE -fno-strict-overflow -Wsign-compare -fno-omit-frame-pointer -mno-omit-leaf-frame-pointer -g -Og -Wall    -std=c11 -Wextra -Wno-unused-parameter -Wno-missing-field-initializers -Wstrict-prototypes -Werror=implicit-function-declaration -fvisibility=hidden  -I./Include/internal  -I. -I./Include    -fPIC -o Modules/_hacl/Hacl_Hash_SHA2.o ./Modules/_hacl/Hacl_Hash_SHA2.c
rm -f Modules/_hacl/libHacl_Hash_SHA2.a
ar rcs Modules/_hacl/libHacl_Hash_SHA2.a Modules/_hacl/Hacl_Hash_SHA2.o
clang  -I./Modules/_hacl/include -fno-strict-overflow -Wsign-compare -fno-omit-frame-pointer -mno-omit-leaf-frame-pointer -g -Og -Wall    -std=c11 -Wextra -Wno-unused-parameter -Wno-missing-field-initializers -Wstrict-prototypes -Werror=implicit-function-declaration -fvisibility=hidden  -I./Include/internal  -I. -I./Include    -fPIC -c ./Modules/sha2module.c -o Modules/sha2module.o
clang -shared      Modules/sha2module.o  Modules/_hacl/libHacl_Hash_SHA2.a  -o Modules/_sha2.cpython-312d-x86_64-linux-gnu.so
clang  -I./Modules/_hacl/include -D_BSD_SOURCE -D_DEFAULT_SOURCE -fno-strict-overflow -Wsign-compare -fno-omit-frame-pointer -mno-omit-leaf-frame-pointer -g -Og -Wall    -std=c11 -Wextra -Wno-unused-parameter -Wno-missing-field-initializers -Wstrict-prototypes -Werror=implicit-function-declaration -fvisibility=hidden  -I./Include/internal  -I. -I./Include    -fPIC -c ./Modules/sha3module.c -o Modules/sha3module.o
clang  -I./Modules/_hacl/include -D_BSD_SOURCE -D_DEFAULT_SOURCE -fno-strict-overflow -Wsign-compare -fno-omit-frame-pointer -mno-omit-leaf-frame-pointer -g -Og -Wall    -std=c11 -Wextra -Wno-unused-parameter -Wno-missing-field-initializers -Wstrict-prototypes -Werror=implicit-function-declaration -fvisibility=hidden  -I./Include/internal  -I. -I./Include    -fPIC -c ./Modules/_hacl/Hacl_Hash_SHA3.c -o Modules/_hacl/Hacl_Hash_SHA3.o
clang -shared      Modules/sha3module.o Modules/_hacl/Hacl_Hash_SHA3.o   -o Modules/_sha3.cpython-312d-x86_64-linux-gnu.so
clang  -fno-strict-overflow -Wsign-compare -fno-omit-frame-pointer -mno-omit-leaf-frame-pointer -g -Og -Wall    -std=c11 -Wextra -Wno-unused-parameter -Wno-missing-field-initializers -Wstrict-prototypes -Werror=implicit-function-declaration -fvisibility=hidden  -I./Include/internal  -I. -I./Include    -fPIC -c ./Modules/_blake2/blake2module.c -o Modules/_blake2/blake2module.o
clang  -fno-strict-overflow -Wsign-compare -fno-omit-frame-pointer -mno-omit-leaf-frame-pointer -g -Og -Wall    -std=c11 -Wextra -Wno-unused-parameter -Wno-missing-field-initializers -Wstrict-prototypes -Werror=implicit-function-declaration -fvisibility=hidden  -I./Include/internal  -I. -I./Include    -fPIC -c ./Modules/_blake2/blake2b_impl.c -o Modules/_blake2/blake2b_impl.o
clang  -fno-strict-overflow -Wsign-compare -fno-omit-frame-pointer -mno-omit-leaf-frame-pointer -g -Og -Wall    -std=c11 -Wextra -Wno-unused-parameter -Wno-missing-field-initializers -Wstrict-prototypes -Werror=implicit-function-declaration -fvisibility=hidden  -I./Include/internal  -I. -I./Include    -fPIC -c ./Modules/_blake2/blake2s_impl.c -o Modules/_blake2/blake2s_impl.o
clang -shared      Modules/_blake2/blake2module.o Modules/_blake2/blake2b_impl.o Modules/_blake2/blake2s_impl.o   -o Modules/_blake2.cpython-312d-x86_64-linux-gnu.so
clang -c -I./Modules/expat -fno-strict-overflow -Wsign-compare -fno-omit-frame-pointer -mno-omit-leaf-frame-pointer -g -Og -Wall    -std=c11 -Wextra -Wno-unused-parameter -Wno-missing-field-initializers -Wstrict-prototypes -Werror=implicit-function-declaration -fvisibility=hidden  -I./Include/internal  -I. -I./Include    -fPIC -o Modules/expat/xmlparse.o ./Modules/expat/xmlparse.c
clang -c -I./Modules/expat -fno-strict-overflow -Wsign-compare -fno-omit-frame-pointer -mno-omit-leaf-frame-pointer -g -Og -Wall    -std=c11 -Wextra -Wno-unused-parameter -Wno-missing-field-initializers -Wstrict-prototypes -Werror=implicit-function-declaration -fvisibility=hidden  -I./Include/internal  -I. -I./Include    -fPIC -o Modules/expat/xmlrole.o ./Modules/expat/xmlrole.c
clang -c -I./Modules/expat -fno-strict-overflow -Wsign-compare -fno-omit-frame-pointer -mno-omit-leaf-frame-pointer -g -Og -Wall    -std=c11 -Wextra -Wno-unused-parameter -Wno-missing-field-initializers -Wstrict-prototypes -Werror=implicit-function-declaration -fvisibility=hidden  -I./Include/internal  -I. -I./Include    -fPIC -o Modules/expat/xmltok.o ./Modules/expat/xmltok.c
rm -f Modules/expat/libexpat.a
ar rcs Modules/expat/libexpat.a Modules/expat/xmlparse.o Modules/expat/xmlrole.o Modules/expat/xmltok.o
clang -I./Modules/expat -fno-strict-overflow -Wsign-compare -fno-omit-frame-pointer -mno-omit-leaf-frame-pointer -g -Og -Wall    -std=c11 -Wextra -Wno-unused-parameter -Wno-missing-field-initializers -Wstrict-prototypes -Werror=implicit-function-declaration -fvisibility=hidden  -I./Include/internal  -I. -I./Include    -fPIC -c ./Modules/pyexpat.c -o Modules/pyexpat.o
clang -shared      Modules/pyexpat.o -lm Modules/expat/libexpat.a  -o Modules/pyexpat.cpython-312d-x86_64-linux-gnu.so
clang -I./Modules/expat -fno-strict-overflow -Wsign-compare -fno-omit-frame-pointer -mno-omit-leaf-frame-pointer -g -Og -Wall    -std=c11 -Wextra -Wno-unused-parameter -Wno-missing-field-initializers -Wstrict-prototypes -Werror=implicit-function-declaration -fvisibility=hidden  -I./Include/internal  -I. -I./Include    -fPIC -c ./Modules/_elementtree.c -o Modules/_elementtree.o
clang -shared      Modules/_elementtree.o   -o Modules/_elementtree.cpython-312d-x86_64-linux-gnu.so
clang  -fno-strict-overflow -Wsign-compare -fno-omit-frame-pointer -mno-omit-leaf-frame-pointer -g -Og -Wall    -std=c11 -Wextra -Wno-unused-parameter -Wno-missing-field-initializers -Wstrict-prototypes -Werror=implicit-function-declaration -fvisibility=hidden  -I./Include/internal  -I. -I./Include    -fPIC -c ./Modules/cjkcodecs/_codecs_cn.c -o Modules/cjkcodecs/_codecs_cn.o
clang -shared      Modules/cjkcodecs/_codecs_cn.o   -o Modules/_codecs_cn.cpython-312d-x86_64-linux-gnu.so
clang  -fno-strict-overflow -Wsign-compare -fno-omit-frame-pointer -mno-omit-leaf-frame-pointer -g -Og -Wall    -std=c11 -Wextra -Wno-unused-parameter -Wno-missing-field-initializers -Wstrict-prototypes -Werror=implicit-function-declaration -fvisibility=hidden  -I./Include/internal  -I. -I./Include    -fPIC -c ./Modules/cjkcodecs/_codecs_hk.c -o Modules/cjkcodecs/_codecs_hk.o
clang -shared      Modules/cjkcodecs/_codecs_hk.o   -o Modules/_codecs_hk.cpython-312d-x86_64-linux-gnu.so
clang  -fno-strict-overflow -Wsign-compare -fno-omit-frame-pointer -mno-omit-leaf-frame-pointer -g -Og -Wall    -std=c11 -Wextra -Wno-unused-parameter -Wno-missing-field-initializers -Wstrict-prototypes -Werror=implicit-function-declaration -fvisibility=hidden  -I./Include/internal  -I. -I./Include    -fPIC -c ./Modules/cjkcodecs/_codecs_iso2022.c -o Modules/cjkcodecs/_codecs_iso2022.o
clang -shared      Modules/cjkcodecs/_codecs_iso2022.o   -o Modules/_codecs_iso2022.cpython-312d-x86_64-linux-gnu.so
clang  -fno-strict-overflow -Wsign-compare -fno-omit-frame-pointer -mno-omit-leaf-frame-pointer -g -Og -Wall    -std=c11 -Wextra -Wno-unused-parameter -Wno-missing-field-initializers -Wstrict-prototypes -Werror=implicit-function-declaration -fvisibility=hidden  -I./Include/internal  -I. -I./Include    -fPIC -c ./Modules/cjkcodecs/_codecs_jp.c -o Modules/cjkcodecs/_codecs_jp.o
clang -shared      Modules/cjkcodecs/_codecs_jp.o   -o Modules/_codecs_jp.cpython-312d-x86_64-linux-gnu.so
clang  -fno-strict-overflow -Wsign-compare -fno-omit-frame-pointer -mno-omit-leaf-frame-pointer -g -Og -Wall    -std=c11 -Wextra -Wno-unused-parameter -Wno-missing-field-initializers -Wstrict-prototypes -Werror=implicit-function-declaration -fvisibility=hidden  -I./Include/internal  -I. -I./Include    -fPIC -c ./Modules/cjkcodecs/_codecs_kr.c -o Modules/cjkcodecs/_codecs_kr.o
clang -shared      Modules/cjkcodecs/_codecs_kr.o   -o Modules/_codecs_kr.cpython-312d-x86_64-linux-gnu.so
clang  -fno-strict-overflow -Wsign-compare -fno-omit-frame-pointer -mno-omit-leaf-frame-pointer -g -Og -Wall    -std=c11 -Wextra -Wno-unused-parameter -Wno-missing-field-initializers -Wstrict-prototypes -Werror=implicit-function-declaration -fvisibility=hidden  -I./Include/internal  -I. -I./Include    -fPIC -c ./Modules/cjkcodecs/_codecs_tw.c -o Modules/cjkcodecs/_codecs_tw.o
clang -shared      Modules/cjkcodecs/_codecs_tw.o   -o Modules/_codecs_tw.cpython-312d-x86_64-linux-gnu.so
clang  -fno-strict-overflow -Wsign-compare -fno-omit-frame-pointer -mno-omit-leaf-frame-pointer -g -Og -Wall    -std=c11 -Wextra -Wno-unused-parameter -Wno-missing-field-initializers -Wstrict-prototypes -Werror=implicit-function-declaration -fvisibility=hidden  -I./Include/internal  -I. -I./Include    -fPIC -c ./Modules/cjkcodecs/multibytecodec.c -o Modules/cjkcodecs/multibytecodec.o
clang -shared      Modules/cjkcodecs/multibytecodec.o   -o Modules/_multibytecodec.cpython-312d-x86_64-linux-gnu.so
clang  -fno-strict-overflow -Wsign-compare -fno-omit-frame-pointer -mno-omit-leaf-frame-pointer -g -Og -Wall    -std=c11 -Wextra -Wno-unused-parameter -Wno-missing-field-initializers -Wstrict-prototypes -Werror=implicit-function-declaration -fvisibility=hidden  -I./Include/internal  -I. -I./Include    -fPIC -c ./Modules/unicodedata.c -o Modules/unicodedata.o
clang -shared      Modules/unicodedata.o   -o Modules/unicodedata.cpython-312d-x86_64-linux-gnu.so
clang  -fno-strict-overflow -Wsign-compare -fno-omit-frame-pointer -mno-omit-leaf-frame-pointer -g -Og -Wall    -std=c11 -Wextra -Wno-unused-parameter -Wno-missing-field-initializers -Wstrict-prototypes -Werror=implicit-function-declaration -fvisibility=hidden  -I./Include/internal  -I. -I./Include    -fPIC -c ./Modules/_cryptmodule.c -o Modules/_cryptmodule.o
clang -shared      Modules/_cryptmodule.o -lcrypt  -o Modules/_crypt.cpython-312d-x86_64-linux-gnu.so
clang  -fno-strict-overflow -Wsign-compare -fno-omit-frame-pointer -mno-omit-leaf-frame-pointer -g -Og -Wall    -std=c11 -Wextra -Wno-unused-parameter -Wno-missing-field-initializers -Wstrict-prototypes -Werror=implicit-function-declaration -fvisibility=hidden  -I./Include/internal  -I. -I./Include    -fPIC -c ./Modules/fcntlmodule.c -o Modules/fcntlmodule.o
clang -shared      Modules/fcntlmodule.o   -o Modules/fcntl.cpython-312d-x86_64-linux-gnu.so
clang  -fno-strict-overflow -Wsign-compare -fno-omit-frame-pointer -mno-omit-leaf-frame-pointer -g -Og -Wall    -std=c11 -Wextra -Wno-unused-parameter -Wno-missing-field-initializers -Wstrict-prototypes -Werror=implicit-function-declaration -fvisibility=hidden  -I./Include/internal  -I. -I./Include    -fPIC -c ./Modules/grpmodule.c -o Modules/grpmodule.o
clang -shared      Modules/grpmodule.o   -o Modules/grp.cpython-312d-x86_64-linux-gnu.so
clang  -fno-strict-overflow -Wsign-compare -fno-omit-frame-pointer -mno-omit-leaf-frame-pointer -g -Og -Wall    -std=c11 -Wextra -Wno-unused-parameter -Wno-missing-field-initializers -Wstrict-prototypes -Werror=implicit-function-declaration -fvisibility=hidden  -I./Include/internal  -I. -I./Include    -fPIC -c ./Modules/mmapmodule.c -o Modules/mmapmodule.o
clang -shared      Modules/mmapmodule.o   -o Modules/mmap.cpython-312d-x86_64-linux-gnu.so
clang  -fno-strict-overflow -Wsign-compare -fno-omit-frame-pointer -mno-omit-leaf-frame-pointer -g -Og -Wall    -std=c11 -Wextra -Wno-unused-parameter -Wno-missing-field-initializers -Wstrict-prototypes -Werror=implicit-function-declaration -fvisibility=hidden  -I./Include/internal  -I. -I./Include    -fPIC -c ./Modules/ossaudiodev.c -o Modules/ossaudiodev.o
clang -shared      Modules/ossaudiodev.o   -o Modules/ossaudiodev.cpython-312d-x86_64-linux-gnu.so
clang  -fno-strict-overflow -Wsign-compare -fno-omit-frame-pointer -mno-omit-leaf-frame-pointer -g -Og -Wall    -std=c11 -Wextra -Wno-unused-parameter -Wno-missing-field-initializers -Wstrict-prototypes -Werror=implicit-function-declaration -fvisibility=hidden  -I./Include/internal  -I. -I./Include    -fPIC -c ./Modules/_posixsubprocess.c -o Modules/_posixsubprocess.o
clang -shared      Modules/_posixsubprocess.o   -o Modules/_posixsubprocess.cpython-312d-x86_64-linux-gnu.so
clang  -fno-strict-overflow -Wsign-compare -fno-omit-frame-pointer -mno-omit-leaf-frame-pointer -g -Og -Wall    -std=c11 -Wextra -Wno-unused-parameter -Wno-missing-field-initializers -Wstrict-prototypes -Werror=implicit-function-declaration -fvisibility=hidden  -I./Include/internal  -I. -I./Include    -fPIC -c ./Modules/resource.c -o Modules/resource.o
clang -shared      Modules/resource.o   -o Modules/resource.cpython-312d-x86_64-linux-gnu.so
clang  -fno-strict-overflow -Wsign-compare -fno-omit-frame-pointer -mno-omit-leaf-frame-pointer -g -Og -Wall    -std=c11 -Wextra -Wno-unused-parameter -Wno-missing-field-initializers -Wstrict-prototypes -Werror=implicit-function-declaration -fvisibility=hidden  -I./Include/internal  -I. -I./Include    -fPIC -c ./Modules/selectmodule.c -o Modules/selectmodule.o
clang -shared      Modules/selectmodule.o   -o Modules/select.cpython-312d-x86_64-linux-gnu.so
clang  -fno-strict-overflow -Wsign-compare -fno-omit-frame-pointer -mno-omit-leaf-frame-pointer -g -Og -Wall    -std=c11 -Wextra -Wno-unused-parameter -Wno-missing-field-initializers -Wstrict-prototypes -Werror=implicit-function-declaration -fvisibility=hidden  -I./Include/internal  -I. -I./Include    -fPIC -c ./Modules/socketmodule.c -o Modules/socketmodule.o
clang -shared      Modules/socketmodule.o   -o Modules/_socket.cpython-312d-x86_64-linux-gnu.so
clang  -fno-strict-overflow -Wsign-compare -fno-omit-frame-pointer -mno-omit-leaf-frame-pointer -g -Og -Wall    -std=c11 -Wextra -Wno-unused-parameter -Wno-missing-field-initializers -Wstrict-prototypes -Werror=implicit-function-declaration -fvisibility=hidden  -I./Include/internal  -I. -I./Include    -fPIC -c ./Modules/spwdmodule.c -o Modules/spwdmodule.o
clang -shared      Modules/spwdmodule.o   -o Modules/spwd.cpython-312d-x86_64-linux-gnu.so
clang  -fno-strict-overflow -Wsign-compare -fno-omit-frame-pointer -mno-omit-leaf-frame-pointer -g -Og -Wall    -std=c11 -Wextra -Wno-unused-parameter -Wno-missing-field-initializers -Wstrict-prototypes -Werror=implicit-function-declaration -fvisibility=hidden  -I./Include/internal  -I. -I./Include    -fPIC -c ./Modules/syslogmodule.c -o Modules/syslogmodule.o
clang -shared      Modules/syslogmodule.o   -o Modules/syslog.cpython-312d-x86_64-linux-gnu.so
clang  -fno-strict-overflow -Wsign-compare -fno-omit-frame-pointer -mno-omit-leaf-frame-pointer -g -Og -Wall    -std=c11 -Wextra -Wno-unused-parameter -Wno-missing-field-initializers -Wstrict-prototypes -Werror=implicit-function-declaration -fvisibility=hidden  -I./Include/internal  -I. -I./Include    -fPIC -c ./Modules/termios.c -o Modules/termios.o
clang -shared      Modules/termios.o   -o Modules/termios.cpython-312d-x86_64-linux-gnu.so
clang -I./Modules/_multiprocessing -fno-strict-overflow -Wsign-compare -fno-omit-frame-pointer -mno-omit-leaf-frame-pointer -g -Og -Wall    -std=c11 -Wextra -Wno-unused-parameter -Wno-missing-field-initializers -Wstrict-prototypes -Werror=implicit-function-declaration -fvisibility=hidden  -I./Include/internal  -I. -I./Include    -fPIC -c ./Modules/_multiprocessing/posixshmem.c -o Modules/_multiprocessing/posixshmem.o
clang -shared      Modules/_multiprocessing/posixshmem.o   -o Modules/_posixshmem.cpython-312d-x86_64-linux-gnu.so
clang -I./Modules/_multiprocessing -fno-strict-overflow -Wsign-compare -fno-omit-frame-pointer -mno-omit-leaf-frame-pointer -g -Og -Wall    -std=c11 -Wextra -Wno-unused-parameter -Wno-missing-field-initializers -Wstrict-prototypes -Werror=implicit-function-declaration -fvisibility=hidden  -I./Include/internal  -I. -I./Include    -fPIC -c ./Modules/_multiprocessing/multiprocessing.c -o Modules/_multiprocessing/multiprocessing.o
clang -I./Modules/_multiprocessing -fno-strict-overflow -Wsign-compare -fno-omit-frame-pointer -mno-omit-leaf-frame-pointer -g -Og -Wall    -std=c11 -Wextra -Wno-unused-parameter -Wno-missing-field-initializers -Wstrict-prototypes -Werror=implicit-function-declaration -fvisibility=hidden  -I./Include/internal  -I. -I./Include    -fPIC -c ./Modules/_multiprocessing/semaphore.c -o Modules/_multiprocessing/semaphore.o
clang -shared      Modules/_multiprocessing/multiprocessing.o Modules/_multiprocessing/semaphore.o   -o Modules/_multiprocessing.cpython-312d-x86_64-linux-gnu.so
clang -fno-strict-overflow  -fno-strict-overflow -Wsign-compare -fno-omit-frame-pointer -mno-omit-leaf-frame-pointer -g -Og -Wall    -std=c11 -Wextra -Wno-unused-parameter -Wno-missing-field-initializers -Wstrict-prototypes -Werror=implicit-function-declaration -fvisibility=hidden  -I./Include/internal  -I. -I./Include    -fPIC -c ./Modules/_ctypes/_ctypes.c -o Modules/_ctypes/_ctypes.o
clang -fno-strict-overflow  -fno-strict-overflow -Wsign-compare -fno-omit-frame-pointer -mno-omit-leaf-frame-pointer -g -Og -Wall    -std=c11 -Wextra -Wno-unused-parameter -Wno-missing-field-initializers -Wstrict-prototypes -Werror=implicit-function-declaration -fvisibility=hidden  -I./Include/internal  -I. -I./Include    -fPIC -c ./Modules/_ctypes/callbacks.c -o Modules/_ctypes/callbacks.o
clang -fno-strict-overflow  -fno-strict-overflow -Wsign-compare -fno-omit-frame-pointer -mno-omit-leaf-frame-pointer -g -Og -Wall    -std=c11 -Wextra -Wno-unused-parameter -Wno-missing-field-initializers -Wstrict-prototypes -Werror=implicit-function-declaration -fvisibility=hidden  -I./Include/internal  -I. -I./Include    -fPIC -c ./Modules/_ctypes/callproc.c -o Modules/_ctypes/callproc.o
clang -fno-strict-overflow  -fno-strict-overflow -Wsign-compare -fno-omit-frame-pointer -mno-omit-leaf-frame-pointer -g -Og -Wall    -std=c11 -Wextra -Wno-unused-parameter -Wno-missing-field-initializers -Wstrict-prototypes -Werror=implicit-function-declaration -fvisibility=hidden  -I./Include/internal  -I. -I./Include    -fPIC -c ./Modules/_ctypes/stgdict.c -o Modules/_ctypes/stgdict.o
clang -fno-strict-overflow  -fno-strict-overflow -Wsign-compare -fno-omit-frame-pointer -mno-omit-leaf-frame-pointer -g -Og -Wall    -std=c11 -Wextra -Wno-unused-parameter -Wno-missing-field-initializers -Wstrict-prototypes -Werror=implicit-function-declaration -fvisibility=hidden  -I./Include/internal  -I. -I./Include    -fPIC -c ./Modules/_ctypes/cfield.c -o Modules/_ctypes/cfield.o
clang -shared      Modules/_ctypes/_ctypes.o Modules/_ctypes/callbacks.o Modules/_ctypes/callproc.o Modules/_ctypes/stgdict.o Modules/_ctypes/cfield.o -L/usr/lib64/../lib64 -lffi -ldl  -o Modules/_ctypes.cpython-312d-x86_64-linux-gnu.so
clang  -fno-strict-overflow -Wsign-compare -fno-omit-frame-pointer -mno-omit-leaf-frame-pointer -g -Og -Wall    -std=c11 -Wextra -Wno-unused-parameter -Wno-missing-field-initializers -Wstrict-prototypes -Werror=implicit-function-declaration -fvisibility=hidden  -I./Include/internal  -I. -I./Include    -fPIC -c ./Modules/_ssl.c -o Modules/_ssl.o
clang -shared      Modules/_ssl.o -lssl -lcrypto  -o Modules/_ssl.cpython-312d-x86_64-linux-gnu.so
clang  -fno-strict-overflow -Wsign-compare -fno-omit-frame-pointer -mno-omit-leaf-frame-pointer -g -Og -Wall    -std=c11 -Wextra -Wno-unused-parameter -Wno-missing-field-initializers -Wstrict-prototypes -Werror=implicit-function-declaration -fvisibility=hidden  -I./Include/internal  -I. -I./Include    -fPIC -c ./Modules/_hashopenssl.c -o Modules/_hashopenssl.o
clang -shared      Modules/_hashopenssl.o -lcrypto  -o Modules/_hashlib.cpython-312d-x86_64-linux-gnu.so
clang -DWITH_GZFILEOP -Wno-strict-prototypes -DWITH_APPINIT=1 -fno-strict-overflow -Wsign-compare -fno-omit-frame-pointer -mno-omit-leaf-frame-pointer -g -Og -Wall    -std=c11 -Wextra -Wno-unused-parameter -Wno-missing-field-initializers -Wstrict-prototypes -Werror=implicit-function-declaration -fvisibility=hidden  -I./Include/internal  -I. -I./Include    -fPIC -c ./Modules/_tkinter.c -o Modules/_tkinter.o
clang -DWITH_GZFILEOP -Wno-strict-prototypes -DWITH_APPINIT=1 -fno-strict-overflow -Wsign-compare -fno-omit-frame-pointer -mno-omit-leaf-frame-pointer -g -Og -Wall    -std=c11 -Wextra -Wno-unused-parameter -Wno-missing-field-initializers -Wstrict-prototypes -Werror=implicit-function-declaration -fvisibility=hidden  -I./Include/internal  -I. -I./Include    -fPIC -c ./Modules/tkappinit.c -o Modules/tkappinit.o
clang -shared      Modules/_tkinter.o Modules/tkappinit.o -ltk8.6 -ltkstub8.6 -ltcl8.6 -ltclstub8.6  -o Modules/_tkinter.cpython-312d-x86_64-linux-gnu.so
clang  -fno-strict-overflow -Wsign-compare -fno-omit-frame-pointer -mno-omit-leaf-frame-pointer -g -Og -Wall    -std=c11 -Wextra -Wno-unused-parameter -Wno-missing-field-initializers -Wstrict-prototypes -Werror=implicit-function-declaration -fvisibility=hidden  -I./Include/internal  -I. -I./Include    -fPIC -c ./Modules/xxsubtype.c -o Modules/xxsubtype.o
clang -shared      Modules/xxsubtype.o   -o Modules/xxsubtype.cpython-312d-x86_64-linux-gnu.so
clang  -fno-strict-overflow -Wsign-compare -fno-omit-frame-pointer -mno-omit-leaf-frame-pointer -g -Og -Wall    -std=c11 -Wextra -Wno-unused-parameter -Wno-missing-field-initializers -Wstrict-prototypes -Werror=implicit-function-declaration -fvisibility=hidden  -I./Include/internal  -I. -I./Include    -fPIC -c ./Modules/_xxtestfuzz/_xxtestfuzz.c -o Modules/_xxtestfuzz/_xxtestfuzz.o
clang  -fno-strict-overflow -Wsign-compare -fno-omit-frame-pointer -mno-omit-leaf-frame-pointer -g -Og -Wall    -std=c11 -Wextra -Wno-unused-parameter -Wno-missing-field-initializers -Wstrict-prototypes -Werror=implicit-function-declaration -fvisibility=hidden  -I./Include/internal  -I. -I./Include    -fPIC -c ./Modules/_xxtestfuzz/fuzzer.c -o Modules/_xxtestfuzz/fuzzer.o
clang -shared      Modules/_xxtestfuzz/_xxtestfuzz.o Modules/_xxtestfuzz/fuzzer.o   -o Modules/_xxtestfuzz.cpython-312d-x86_64-linux-gnu.so
clang  -fno-strict-overflow -Wsign-compare -fno-omit-frame-pointer -mno-omit-leaf-frame-pointer -g -Og -Wall    -std=c11 -Wextra -Wno-unused-parameter -Wno-missing-field-initializers -Wstrict-prototypes -Werror=implicit-function-declaration -fvisibility=hidden  -I./Include/internal  -I. -I./Include    -fPIC -c ./Modules/_testbuffer.c -o Modules/_testbuffer.o
clang -shared      Modules/_testbuffer.o   -o Modules/_testbuffer.cpython-312d-x86_64-linux-gnu.so
clang  -fno-strict-overflow -Wsign-compare -fno-omit-frame-pointer -mno-omit-leaf-frame-pointer -g -Og -Wall    -std=c11 -Wextra -Wno-unused-parameter -Wno-missing-field-initializers -Wstrict-prototypes -Werror=implicit-function-declaration -fvisibility=hidden  -I./Include/internal  -I. -I./Include    -fPIC -c ./Modules/_testinternalcapi.c -o Modules/_testinternalcapi.o
clang -shared      Modules/_testinternalcapi.o   -o Modules/_testinternalcapi.cpython-312d-x86_64-linux-gnu.so
clang  -fno-strict-overflow -Wsign-compare -fno-omit-frame-pointer -mno-omit-leaf-frame-pointer -g -Og -Wall    -std=c11 -Wextra -Wno-unused-parameter -Wno-missing-field-initializers -Wstrict-prototypes -Werror=implicit-function-declaration -fvisibility=hidden  -I./Include/internal  -I. -I./Include    -fPIC -c ./Modules/_testcapimodule.c -o Modules/_testcapimodule.o
clang  -fno-strict-overflow -Wsign-compare -fno-omit-frame-pointer -mno-omit-leaf-frame-pointer -g -Og -Wall    -std=c11 -Wextra -Wno-unused-parameter -Wno-missing-field-initializers -Wstrict-prototypes -Werror=implicit-function-declaration -fvisibility=hidden  -I./Include/internal  -I. -I./Include    -fPIC -c ./Modules/_testcapi/vectorcall.c -o Modules/_testcapi/vectorcall.o
clang  -fno-strict-overflow -Wsign-compare -fno-omit-frame-pointer -mno-omit-leaf-frame-pointer -g -Og -Wall    -std=c11 -Wextra -Wno-unused-parameter -Wno-missing-field-initializers -Wstrict-prototypes -Werror=implicit-function-declaration -fvisibility=hidden  -I./Include/internal  -I. -I./Include    -fPIC -c ./Modules/_testcapi/vectorcall_limited.c -o Modules/_testcapi/vectorcall_limited.o
clang  -fno-strict-overflow -Wsign-compare -fno-omit-frame-pointer -mno-omit-leaf-frame-pointer -g -Og -Wall    -std=c11 -Wextra -Wno-unused-parameter -Wno-missing-field-initializers -Wstrict-prototypes -Werror=implicit-function-declaration -fvisibility=hidden  -I./Include/internal  -I. -I./Include    -fPIC -c ./Modules/_testcapi/heaptype.c -o Modules/_testcapi/heaptype.o
clang  -fno-strict-overflow -Wsign-compare -fno-omit-frame-pointer -mno-omit-leaf-frame-pointer -g -Og -Wall    -std=c11 -Wextra -Wno-unused-parameter -Wno-missing-field-initializers -Wstrict-prototypes -Werror=implicit-function-declaration -fvisibility=hidden  -I./Include/internal  -I. -I./Include    -fPIC -c ./Modules/_testcapi/abstract.c -o Modules/_testcapi/abstract.o
clang  -fno-strict-overflow -Wsign-compare -fno-omit-frame-pointer -mno-omit-leaf-frame-pointer -g -Og -Wall    -std=c11 -Wextra -Wno-unused-parameter -Wno-missing-field-initializers -Wstrict-prototypes -Werror=implicit-function-declaration -fvisibility=hidden  -I./Include/internal  -I. -I./Include    -fPIC -c ./Modules/_testcapi/bytearray.c -o Modules/_testcapi/bytearray.o
clang  -fno-strict-overflow -Wsign-compare -fno-omit-frame-pointer -mno-omit-leaf-frame-pointer -g -Og -Wall    -std=c11 -Wextra -Wno-unused-parameter -Wno-missing-field-initializers -Wstrict-prototypes -Werror=implicit-function-declaration -fvisibility=hidden  -I./Include/internal  -I. -I./Include    -fPIC -c ./Modules/_testcapi/bytes.c -o Modules/_testcapi/bytes.o
clang  -fno-strict-overflow -Wsign-compare -fno-omit-frame-pointer -mno-omit-leaf-frame-pointer -g -Og -Wall    -std=c11 -Wextra -Wno-unused-parameter -Wno-missing-field-initializers -Wstrict-prototypes -Werror=implicit-function-declaration -fvisibility=hidden  -I./Include/internal  -I. -I./Include    -fPIC -c ./Modules/_testcapi/unicode.c -o Modules/_testcapi/unicode.o
clang  -fno-strict-overflow -Wsign-compare -fno-omit-frame-pointer -mno-omit-leaf-frame-pointer -g -Og -Wall    -std=c11 -Wextra -Wno-unused-parameter -Wno-missing-field-initializers -Wstrict-prototypes -Werror=implicit-function-declaration -fvisibility=hidden  -I./Include/internal  -I. -I./Include    -fPIC -c ./Modules/_testcapi/dict.c -o Modules/_testcapi/dict.o
clang  -fno-strict-overflow -Wsign-compare -fno-omit-frame-pointer -mno-omit-leaf-frame-pointer -g -Og -Wall    -std=c11 -Wextra -Wno-unused-parameter -Wno-missing-field-initializers -Wstrict-prototypes -Werror=implicit-function-declaration -fvisibility=hidden  -I./Include/internal  -I. -I./Include    -fPIC -c ./Modules/_testcapi/set.c -o Modules/_testcapi/set.o
clang  -fno-strict-overflow -Wsign-compare -fno-omit-frame-pointer -mno-omit-leaf-frame-pointer -g -Og -Wall    -std=c11 -Wextra -Wno-unused-parameter -Wno-missing-field-initializers -Wstrict-prototypes -Werror=implicit-function-declaration -fvisibility=hidden  -I./Include/internal  -I. -I./Include    -fPIC -c ./Modules/_testcapi/list.c -o Modules/_testcapi/list.o
clang  -fno-strict-overflow -Wsign-compare -fno-omit-frame-pointer -mno-omit-leaf-frame-pointer -g -Og -Wall    -std=c11 -Wextra -Wno-unused-parameter -Wno-missing-field-initializers -Wstrict-prototypes -Werror=implicit-function-declaration -fvisibility=hidden  -I./Include/internal  -I. -I./Include    -fPIC -c ./Modules/_testcapi/tuple.c -o Modules/_testcapi/tuple.o
clang  -fno-strict-overflow -Wsign-compare -fno-omit-frame-pointer -mno-omit-leaf-frame-pointer -g -Og -Wall    -std=c11 -Wextra -Wno-unused-parameter -Wno-missing-field-initializers -Wstrict-prototypes -Werror=implicit-function-declaration -fvisibility=hidden  -I./Include/internal  -I. -I./Include    -fPIC -c ./Modules/_testcapi/getargs.c -o Modules/_testcapi/getargs.o
clang  -fno-strict-overflow -Wsign-compare -fno-omit-frame-pointer -mno-omit-leaf-frame-pointer -g -Og -Wall    -std=c11 -Wextra -Wno-unused-parameter -Wno-missing-field-initializers -Wstrict-prototypes -Werror=implicit-function-declaration -fvisibility=hidden  -I./Include/internal  -I. -I./Include    -fPIC -c ./Modules/_testcapi/pytime.c -o Modules/_testcapi/pytime.o
clang  -fno-strict-overflow -Wsign-compare -fno-omit-frame-pointer -mno-omit-leaf-frame-pointer -g -Og -Wall    -std=c11 -Wextra -Wno-unused-parameter -Wno-missing-field-initializers -Wstrict-prototypes -Werror=implicit-function-declaration -fvisibility=hidden  -I./Include/internal  -I. -I./Include    -fPIC -c ./Modules/_testcapi/datetime.c -o Modules/_testcapi/datetime.o
clang  -fno-strict-overflow -Wsign-compare -fno-omit-frame-pointer -mno-omit-leaf-frame-pointer -g -Og -Wall    -std=c11 -Wextra -Wno-unused-parameter -Wno-missing-field-initializers -Wstrict-prototypes -Werror=implicit-function-declaration -fvisibility=hidden  -I./Include/internal  -I. -I./Include    -fPIC -c ./Modules/_testcapi/docstring.c -o Modules/_testcapi/docstring.o
clang  -fno-strict-overflow -Wsign-compare -fno-omit-frame-pointer -mno-omit-leaf-frame-pointer -g -Og -Wall    -std=c11 -Wextra -Wno-unused-parameter -Wno-missing-field-initializers -Wstrict-prototypes -Werror=implicit-function-declaration -fvisibility=hidden  -I./Include/internal  -I. -I./Include    -fPIC -c ./Modules/_testcapi/mem.c -o Modules/_testcapi/mem.o
clang  -fno-strict-overflow -Wsign-compare -fno-omit-frame-pointer -mno-omit-leaf-frame-pointer -g -Og -Wall    -std=c11 -Wextra -Wno-unused-parameter -Wno-missing-field-initializers -Wstrict-prototypes -Werror=implicit-function-declaration -fvisibility=hidden  -I./Include/internal  -I. -I./Include    -fPIC -c ./Modules/_testcapi/watchers.c -o Modules/_testcapi/watchers.o
clang  -fno-strict-overflow -Wsign-compare -fno-omit-frame-pointer -mno-omit-leaf-frame-pointer -g -Og -Wall    -std=c11 -Wextra -Wno-unused-parameter -Wno-missing-field-initializers -Wstrict-prototypes -Werror=implicit-function-declaration -fvisibility=hidden  -I./Include/internal  -I. -I./Include    -fPIC -c ./Modules/_testcapi/long.c -o Modules/_testcapi/long.o
clang  -fno-strict-overflow -Wsign-compare -fno-omit-frame-pointer -mno-omit-leaf-frame-pointer -g -Og -Wall    -std=c11 -Wextra -Wno-unused-parameter -Wno-missing-field-initializers -Wstrict-prototypes -Werror=implicit-function-declaration -fvisibility=hidden  -I./Include/internal  -I. -I./Include    -fPIC -c ./Modules/_testcapi/float.c -o Modules/_testcapi/float.o
clang  -fno-strict-overflow -Wsign-compare -fno-omit-frame-pointer -mno-omit-leaf-frame-pointer -g -Og -Wall    -std=c11 -Wextra -Wno-unused-parameter -Wno-missing-field-initializers -Wstrict-prototypes -Werror=implicit-function-declaration -fvisibility=hidden  -I./Include/internal  -I. -I./Include    -fPIC -c ./Modules/_testcapi/complex.c -o Modules/_testcapi/complex.o
clang  -fno-strict-overflow -Wsign-compare -fno-omit-frame-pointer -mno-omit-leaf-frame-pointer -g -Og -Wall    -std=c11 -Wextra -Wno-unused-parameter -Wno-missing-field-initializers -Wstrict-prototypes -Werror=implicit-function-declaration -fvisibility=hidden  -I./Include/internal  -I. -I./Include    -fPIC -c ./Modules/_testcapi/numbers.c -o Modules/_testcapi/numbers.o
clang  -fno-strict-overflow -Wsign-compare -fno-omit-frame-pointer -mno-omit-leaf-frame-pointer -g -Og -Wall    -std=c11 -Wextra -Wno-unused-parameter -Wno-missing-field-initializers -Wstrict-prototypes -Werror=implicit-function-declaration -fvisibility=hidden  -I./Include/internal  -I. -I./Include    -fPIC -c ./Modules/_testcapi/structmember.c -o Modules/_testcapi/structmember.o
clang  -fno-strict-overflow -Wsign-compare -fno-omit-frame-pointer -mno-omit-leaf-frame-pointer -g -Og -Wall    -std=c11 -Wextra -Wno-unused-parameter -Wno-missing-field-initializers -Wstrict-prototypes -Werror=implicit-function-declaration -fvisibility=hidden  -I./Include/internal  -I. -I./Include    -fPIC -c ./Modules/_testcapi/exceptions.c -o Modules/_testcapi/exceptions.o
clang  -fno-strict-overflow -Wsign-compare -fno-omit-frame-pointer -mno-omit-leaf-frame-pointer -g -Og -Wall    -std=c11 -Wextra -Wno-unused-parameter -Wno-missing-field-initializers -Wstrict-prototypes -Werror=implicit-function-declaration -fvisibility=hidden  -I./Include/internal  -I. -I./Include    -fPIC -c ./Modules/_testcapi/code.c -o Modules/_testcapi/code.o
clang  -fno-strict-overflow -Wsign-compare -fno-omit-frame-pointer -mno-omit-leaf-frame-pointer -g -Og -Wall    -std=c11 -Wextra -Wno-unused-parameter -Wno-missing-field-initializers -Wstrict-prototypes -Werror=implicit-function-declaration -fvisibility=hidden  -I./Include/internal  -I. -I./Include    -fPIC -c ./Modules/_testcapi/buffer.c -o Modules/_testcapi/buffer.o
clang  -fno-strict-overflow -Wsign-compare -fno-omit-frame-pointer -mno-omit-leaf-frame-pointer -g -Og -Wall    -std=c11 -Wextra -Wno-unused-parameter -Wno-missing-field-initializers -Wstrict-prototypes -Werror=implicit-function-declaration -fvisibility=hidden  -I./Include/internal  -I. -I./Include    -fPIC -c ./Modules/_testcapi/pyos.c -o Modules/_testcapi/pyos.o
clang  -fno-strict-overflow -Wsign-compare -fno-omit-frame-pointer -mno-omit-leaf-frame-pointer -g -Og -Wall    -std=c11 -Wextra -Wno-unused-parameter -Wno-missing-field-initializers -Wstrict-prototypes -Werror=implicit-function-declaration -fvisibility=hidden  -I./Include/internal  -I. -I./Include    -fPIC -c ./Modules/_testcapi/run.c -o Modules/_testcapi/run.o
clang  -fno-strict-overflow -Wsign-compare -fno-omit-frame-pointer -mno-omit-leaf-frame-pointer -g -Og -Wall    -std=c11 -Wextra -Wno-unused-parameter -Wno-missing-field-initializers -Wstrict-prototypes -Werror=implicit-function-declaration -fvisibility=hidden  -I./Include/internal  -I. -I./Include    -fPIC -c ./Modules/_testcapi/file.c -o Modules/_testcapi/file.o
clang  -fno-strict-overflow -Wsign-compare -fno-omit-frame-pointer -mno-omit-leaf-frame-pointer -g -Og -Wall    -std=c11 -Wextra -Wno-unused-parameter -Wno-missing-field-initializers -Wstrict-prototypes -Werror=implicit-function-declaration -fvisibility=hidden  -I./Include/internal  -I. -I./Include    -fPIC -c ./Modules/_testcapi/codec.c -o Modules/_testcapi/codec.o
clang  -fno-strict-overflow -Wsign-compare -fno-omit-frame-pointer -mno-omit-leaf-frame-pointer -g -Og -Wall    -std=c11 -Wextra -Wno-unused-parameter -Wno-missing-field-initializers -Wstrict-prototypes -Werror=implicit-function-declaration -fvisibility=hidden  -I./Include/internal  -I. -I./Include    -fPIC -c ./Modules/_testcapi/immortal.c -o Modules/_testcapi/immortal.o
clang  -fno-strict-overflow -Wsign-compare -fno-omit-frame-pointer -mno-omit-leaf-frame-pointer -g -Og -Wall    -std=c11 -Wextra -Wno-unused-parameter -Wno-missing-field-initializers -Wstrict-prototypes -Werror=implicit-function-declaration -fvisibility=hidden  -I./Include/internal  -I. -I./Include    -fPIC -c ./Modules/_testcapi/heaptype_relative.c -o Modules/_testcapi/heaptype_relative.o
clang  -fno-strict-overflow -Wsign-compare -fno-omit-frame-pointer -mno-omit-leaf-frame-pointer -g -Og -Wall    -std=c11 -Wextra -Wno-unused-parameter -Wno-missing-field-initializers -Wstrict-prototypes -Werror=implicit-function-declaration -fvisibility=hidden  -I./Include/internal  -I. -I./Include    -fPIC -c ./Modules/_testcapi/gc.c -o Modules/_testcapi/gc.o
clang  -fno-strict-overflow -Wsign-compare -fno-omit-frame-pointer -mno-omit-leaf-frame-pointer -g -Og -Wall    -std=c11 -Wextra -Wno-unused-parameter -Wno-missing-field-initializers -Wstrict-prototypes -Werror=implicit-function-declaration -fvisibility=hidden  -I./Include/internal  -I. -I./Include    -fPIC -c ./Modules/_testcapi/sys.c -o Modules/_testcapi/sys.o
clang -shared      Modules/_testcapimodule.o Modules/_testcapi/vectorcall.o Modules/_testcapi/vectorcall_limited.o Modules/_testcapi/heaptype.o Modules/_testcapi/abstract.o Modules/_testcapi/bytearray.o Modules/_testcapi/bytes.o Modules/_testcapi/unicode.o Modules/_testcapi/dict.o Modules/_testcapi/set.o Modules/_testcapi/list.o Modules/_testcapi/tuple.o Modules/_testcapi/getargs.o Modules/_testcapi/pytime.o Modules/_testcapi/datetime.o Modules/_testcapi/docstring.o Modules/_testcapi/mem.o Modules/_testcapi/watchers.o Modules/_testcapi/long.o Modules/_testcapi/float.o Modules/_testcapi/complex.o Modules/_testcapi/numbers.o Modules/_testcapi/structmember.o Modules/_testcapi/exceptions.o Modules/_testcapi/code.o Modules/_testcapi/buffer.o Modules/_testcapi/pyos.o Modules/_testcapi/run.o Modules/_testcapi/file.o Modules/_testcapi/codec.o Modules/_testcapi/immortal.o Modules/_testcapi/heaptype_relative.o Modules/_testcapi/gc.o Modules/_testcapi/sys.o   -o Modules/_testcapi.cpython-312d-x86_64-linux-gnu.so
clang  -fno-strict-overflow -Wsign-compare -fno-omit-frame-pointer -mno-omit-leaf-frame-pointer -g -Og -Wall    -std=c11 -Wextra -Wno-unused-parameter -Wno-missing-field-initializers -Wstrict-prototypes -Werror=implicit-function-declaration -fvisibility=hidden  -I./Include/internal  -I. -I./Include    -fPIC -c ./Modules/_testclinic.c -o Modules/_testclinic.o
clang -shared      Modules/_testclinic.o   -o Modules/_testclinic.cpython-312d-x86_64-linux-gnu.so
clang  -fno-strict-overflow -Wsign-compare -fno-omit-frame-pointer -mno-omit-leaf-frame-pointer -g -Og -Wall    -std=c11 -Wextra -Wno-unused-parameter -Wno-missing-field-initializers -Wstrict-prototypes -Werror=implicit-function-declaration -fvisibility=hidden  -I./Include/internal  -I. -I./Include    -fPIC -c ./Modules/_testimportmultiple.c -o Modules/_testimportmultiple.o
clang -shared      Modules/_testimportmultiple.o   -o Modules/_testimportmultiple.cpython-312d-x86_64-linux-gnu.so
clang  -fno-strict-overflow -Wsign-compare -fno-omit-frame-pointer -mno-omit-leaf-frame-pointer -g -Og -Wall    -std=c11 -Wextra -Wno-unused-parameter -Wno-missing-field-initializers -Wstrict-prototypes -Werror=implicit-function-declaration -fvisibility=hidden  -I./Include/internal  -I. -I./Include    -fPIC -c ./Modules/_testmultiphase.c -o Modules/_testmultiphase.o
clang -shared      Modules/_testmultiphase.o   -o Modules/_testmultiphase.cpython-312d-x86_64-linux-gnu.so
clang  -fno-strict-overflow -Wsign-compare -fno-omit-frame-pointer -mno-omit-leaf-frame-pointer -g -Og -Wall    -std=c11 -Wextra -Wno-unused-parameter -Wno-missing-field-initializers -Wstrict-prototypes -Werror=implicit-function-declaration -fvisibility=hidden  -I./Include/internal  -I. -I./Include    -fPIC -c ./Modules/_testsinglephase.c -o Modules/_testsinglephase.o
clang -shared      Modules/_testsinglephase.o   -o Modules/_testsinglephase.cpython-312d-x86_64-linux-gnu.so
clang  -fno-strict-overflow -Wsign-compare -fno-omit-frame-pointer -mno-omit-leaf-frame-pointer -g -Og -Wall    -std=c11 -Wextra -Wno-unused-parameter -Wno-missing-field-initializers -Wstrict-prototypes -Werror=implicit-function-declaration -fvisibility=hidden  -I./Include/internal  -I. -I./Include    -fPIC -c ./Modules/_ctypes/_ctypes_test.c -o Modules/_ctypes/_ctypes_test.o
clang -shared      Modules/_ctypes/_ctypes_test.o -lm  -o Modules/_ctypes_test.cpython-312d-x86_64-linux-gnu.so
clang  -fno-strict-overflow -Wsign-compare -fno-omit-frame-pointer -mno-omit-leaf-frame-pointer -g -Og -Wall    -std=c11 -Wextra -Wno-unused-parameter -Wno-missing-field-initializers -Wstrict-prototypes -Werror=implicit-function-declaration -fvisibility=hidden  -I./Include/internal  -I. -I./Include    -fPIC -c ./Modules/xxlimited.c -o Modules/xxlimited.o
clang -shared      Modules/xxlimited.o   -o Modules/xxlimited.cpython-312d-x86_64-linux-gnu.so
clang  -fno-strict-overflow -Wsign-compare -fno-omit-frame-pointer -mno-omit-leaf-frame-pointer -g -Og -Wall    -std=c11 -Wextra -Wno-unused-parameter -Wno-missing-field-initializers -Wstrict-prototypes -Werror=implicit-function-declaration -fvisibility=hidden  -I./Include/internal  -I. -I./Include    -fPIC -c ./Modules/xxlimited_35.c -o Modules/xxlimited_35.o
clang -shared      Modules/xxlimited_35.o   -o Modules/xxlimited_35.cpython-312d-x86_64-linux-gnu.so
/usr/bin/install -c -m 644 ./Tools/gdb/libpython.py python-gdb.py
clang -c -fno-strict-overflow -Wsign-compare -fno-omit-frame-pointer -mno-omit-leaf-frame-pointer -g -Og -Wall    -std=c11 -Wextra -Wno-unused-parameter -Wno-missing-field-initializers -Wstrict-prototypes -Werror=implicit-function-declaration -fvisibility=hidden  -I./Include/internal  -I. -I./Include    -DPy_BUILD_CORE -o Programs/_testembed.o ./Programs/_testembed.c
clang     -Xlinker -export-dynamic -o Programs/_testembed Programs/_testembed.o Modules/getbuildinfo.o Parser/token.o  Parser/pegen.o Parser/pegen_errors.o Parser/action_helpers.o Parser/parser.o Parser/string_parser.o Parser/peg_api.o Parser/myreadline.o Parser/tokenizer.o Objects/abstract.o Objects/boolobject.o Objects/bytes_methods.o Objects/bytearrayobject.o Objects/bytesobject.o Objects/call.o Objects/capsule.o Objects/cellobject.o Objects/classobject.o Objects/codeobject.o Objects/complexobject.o Objects/descrobject.o Objects/enumobject.o Objects/exceptions.o Objects/genericaliasobject.o Objects/genobject.o Objects/fileobject.o Objects/floatobject.o Objects/frameobject.o Objects/funcobject.o Objects/interpreteridobject.o Objects/iterobject.o Objects/listobject.o Objects/longobject.o Objects/dictobject.o Objects/odictobject.o Objects/memoryobject.o Objects/methodobject.o Objects/moduleobject.o Objects/namespaceobject.o Objects/object.o Objects/obmalloc.o Objects/picklebufobject.o Objects/rangeobject.o Objects/setobject.o Objects/sliceobject.o Objects/structseq.o Objects/tupleobject.o Objects/typeobject.o Objects/typevarobject.o Objects/unicodeobject.o Objects/unicodectype.o Objects/unionobject.o Objects/weakrefobject.o Python/asm_trampoline.o Python/_warnings.o Python/Python-ast.o Python/Python-tokenize.o Python/asdl.o Python/assemble.o Python/ast.o Python/ast_opt.o Python/ast_unparse.o Python/bltinmodule.o Python/ceval.o Python/codecs.o Python/compile.o Python/context.o Python/dynamic_annotations.o Python/errors.o Python/flowgraph.o Python/frame.o Python/frozenmain.o Python/future.o Python/getargs.o Python/getcompiler.o Python/getcopyright.o Python/getplatform.o Python/getversion.o Python/ceval_gil.o Python/hamt.o Python/hashtable.o Python/import.o Python/importdl.o Python/initconfig.o Python/instrumentation.o Python/intrinsics.o Python/legacy_tracing.o Python/marshal.o Python/modsupport.o Python/mysnprintf.o Python/mystrtoul.o Python/pathconfig.o Python/preconfig.o Python/pyarena.o Python/pyctype.o Python/pyfpe.o Python/pyhash.o Python/pylifecycle.o Python/pymath.o Python/pystate.o Python/pythonrun.o Python/pytime.o Python/bootstrap_hash.o Python/specialize.o Python/structmember.o Python/symtable.o Python/sysmodule.o Python/thread.o Python/traceback.o Python/tracemalloc.o Python/getopt.o Python/pystrcmp.o Python/pystrtod.o Python/pystrhex.o Python/dtoa.o Python/formatter_unicode.o Python/fileutils.o Python/suggestions.o Python/perf_trampoline.o Python/dynload_shlib.o     Modules/config.o Modules/main.o Modules/gcmodule.o Modules/atexitmodule.o  Modules/faulthandler.o  Modules/posixmodule.o  Modules/signalmodule.o  Modules/_tracemalloc.o  Modules/_codecsmodule.o  Modules/_collectionsmodule.o  Modules/errnomodule.o  Modules/_io/_iomodule.o Modules/_io/iobase.o Modules/_io/fileio.o Modules/_io/bytesio.o Modules/_io/bufferedio.o Modules/_io/textio.o Modules/_io/stringio.o  Modules/itertoolsmodule.o  Modules/_sre/sre.o  Modules/_threadmodule.o  Modules/timemodule.o  Modules/_typingmodule.o  Modules/_weakref.o  Modules/_abc.o  Modules/_functoolsmodule.o  Modules/_localemodule.o  Modules/_operator.o  Modules/_stat.o  Modules/symtablemodule.o  Modules/pwdmodule.o Python/deepfreeze/deepfreeze.o Modules/getpath.o Python/frozen.o -ldl                         -lm 
sed -e "s,/usr/bin/env python3,/usr/local/bin/python3.12d," < ./Tools/scripts/2to3 > build/scripts-3.12/2to3-3.12
sed -e "s,/usr/bin/env python3,/usr/local/bin/python3.12d," < ./Tools/scripts/idle3 > build/scripts-3.12/idle3.12
sed -e "s,/usr/bin/env python3,/usr/local/bin/python3.12d," < ./Tools/scripts/pydoc3 > build/scripts-3.12/pydoc3.12
sed -e "s,@EXENAME@,/usr/local/bin/python3.12d," < ./Misc/python-config.in >python-config.py
LC_ALL=C sed -e 's,\$(\([A-Za-z0-9_]*\)),\$\{\1\},g' < Misc/python-config.sh >python-config
The following modules are *disabled* in configure script:
_sqlite3                                                       

The necessary bits to build these optional modules were not found:
_curses               _curses_panel         _dbm               
_gdbm                 _uuid                 nis                
readline                                                       
To find the necessary bits, look in configure.ac and config.log.

Checked 111 modules (31 built-in, 71 shared, 1 n/a on linux-x86_64, 1 disabled, 7 missing, 0 failed on import)
+ ./python -m test -uall
== CPython 3.12.4 (main, Aug 10 2024, 12:23:59) [Clang 18.1.6 (Fedora 18.1.6-3.fc40)]
== Linux-5.15.0-117-generic-x86_64-with-glibc2.39 little-endian
== Python build: debug
== cwd: /src/Python-3.12.4/build/test_python_worker_12024
== CPU count: 16
== encodings: locale=UTF-8 FS=utf-8
== resources: all

Using random seed: 232718843
0:00:00 load avg: 3.06 Run 489 tests sequentially
0:00:00 load avg: 3.06 [  1/489] test.test_asyncio.test_base_events
0:00:02 load avg: 3.06 [  2/489] test.test_asyncio.test_buffered_proto
0:00:02 load avg: 3.06 [  3/489] test.test_asyncio.test_context
0:00:02 load avg: 3.06 [  4/489] test.test_asyncio.test_eager_task_factory
0:00:03 load avg: 3.06 [  5/489] test.test_asyncio.test_events
0:00:15 load avg: 2.89 [  6/489] test.test_asyncio.test_futures
0:00:19 load avg: 2.82 [  7/489] test.test_asyncio.test_futures2
0:00:19 load avg: 2.82 [  8/489] test.test_asyncio.test_locks
0:00:20 load avg: 2.82 [  9/489] test.test_asyncio.test_pep492
0:00:20 load avg: 2.82 [ 10/489] test.test_asyncio.test_proactor_events
0:00:21 load avg: 2.82 [ 11/489] test.test_asyncio.test_protocols
0:00:21 load avg: 2.82 [ 12/489] test.test_asyncio.test_queues
0:00:21 load avg: 2.76 [ 13/489] test.test_asyncio.test_runners
0:00:22 load avg: 2.76 [ 14/489] test.test_asyncio.test_selector_events
0:00:22 load avg: 2.76 [ 15/489] test.test_asyncio.test_sendfile
0:00:25 load avg: 2.76 [ 16/489] test.test_asyncio.test_server
0:00:25 load avg: 2.76 [ 17/489] test.test_asyncio.test_sock_lowlevel
0:00:28 load avg: 2.70 [ 18/489] test.test_asyncio.test_ssl
0:00:39 load avg: 2.59 [ 19/489] test.test_asyncio.test_sslproto
0:00:43 load avg: 2.54 [ 20/489] test.test_asyncio.test_streams
0:00:44 load avg: 2.54 [ 21/489] test.test_asyncio.test_subprocess
0:00:56 load avg: 2.61 [ 22/489] test.test_asyncio.test_taskgroups
0:01:02 load avg: 2.51 [ 23/489] test.test_asyncio.test_tasks
0:01:25 load avg: 2.58 [ 24/489] test.test_asyncio.test_threads
0:01:25 load avg: 2.58 [ 25/489] test.test_asyncio.test_timeouts
0:01:26 load avg: 2.58 [ 26/489] test.test_asyncio.test_transports
0:01:26 load avg: 2.58 [ 27/489] test.test_asyncio.test_unix_events
0:01:27 load avg: 2.62 [ 28/489] test.test_asyncio.test_waitfor
0:01:28 load avg: 2.62 [ 29/489] test.test_asyncio.test_windows_events
test.test_asyncio.test_windows_events skipped -- Windows only
0:01:28 load avg: 2.62 [ 30/489] test.test_asyncio.test_windows_utils -- test.test_asyncio.test_windows_events skipped
test.test_asyncio.test_windows_utils skipped -- Windows only
0:01:28 load avg: 2.62 [ 31/489] test.test_concurrent_futures.test_as_completed -- test.test_asyncio.test_windows_utils skipped
0:01:42 load avg: 2.48 [ 32/489] test.test_concurrent_futures.test_deadlock
0:01:57 load avg: 2.74 [ 33/489] test.test_concurrent_futures.test_future
0:02:00 load avg: 2.74 [ 34/489] test.test_concurrent_futures.test_init
0:02:01 load avg: 2.92 [ 35/489] test.test_concurrent_futures.test_process_pool
0:02:25 load avg: 2.73 [ 36/489] test.test_concurrent_futures.test_shutdown
0:02:39 load avg: 2.71 [ 37/489] test.test_concurrent_futures.test_thread_pool
/src/Python-3.12.4/Lib/multiprocessing/popen_fork.py:66: DeprecationWarning: This process (pid=12024) is multi-threaded, use of fork() may lead to deadlocks in the child.
  self.pid = os.fork()
0:02:50 load avg: 2.60 [ 38/489] test.test_concurrent_futures.test_wait
0:03:38 load avg: 2.28 [ 39/489] test.test_future_stmt.test_future -- test.test_concurrent_futures.test_wait passed in 47.8 sec
0:03:38 load avg: 2.28 [ 40/489] test.test_future_stmt.test_future_flags
0:03:38 load avg: 2.28 [ 41/489] test.test_future_stmt.test_future_multiple_features
0:03:38 load avg: 2.28 [ 42/489] test.test_future_stmt.test_future_multiple_imports
0:03:38 load avg: 2.28 [ 43/489] test.test_future_stmt.test_future_single_import
0:03:38 load avg: 2.28 [ 44/489] test.test_gdb.test_backtrace
0:03:41 load avg: 2.26 [ 45/489] test.test_gdb.test_cfunction
0:03:54 load avg: 2.30 [ 46/489] test.test_gdb.test_cfunction_full
0:04:07 load avg: 2.60 [ 47/489] test.test_gdb.test_misc
0:04:12 load avg: 2.64 [ 48/489] test.test_gdb.test_pretty_print
0:04:28 load avg: 2.80 [ 49/489] test.test_inspect.test_inspect
0:04:29 load avg: 2.80 [ 50/489] test.test_multiprocessing_fork.test_manager
/src/Python-3.12.4/Lib/multiprocessing/popen_fork.py:66: DeprecationWarning: This process (pid=12024) is multi-threaded, use of fork() may lead to deadlocks in the child.
  self.pid = os.fork()
/src/Python-3.12.4/Lib/multiprocessing/popen_fork.py:66: DeprecationWarning: This process (pid=18527) is multi-threaded, use of fork() may lead to deadlocks in the child.
  self.pid = os.fork()
0:04:42 load avg: 2.69 [ 51/489] test.test_multiprocessing_fork.test_misc
/src/Python-3.12.4/Lib/multiprocessing/popen_fork.py:66: DeprecationWarning: This process (pid=18814) is multi-threaded, use of fork() may lead to deadlocks in the child.
  self.pid = os.fork()
/src/Python-3.12.4/Lib/multiprocessing/popen_fork.py:66: DeprecationWarning: This process (pid=18948) is multi-threaded, use of fork() may lead to deadlocks in the child.
  self.pid = os.fork()
0:05:00 load avg: 2.68 [ 52/489] test.test_multiprocessing_fork.test_processes
/src/Python-3.12.4/Lib/multiprocessing/popen_fork.py:66: DeprecationWarning: This process (pid=12024) is multi-threaded, use of fork() may lead to deadlocks in the child.
  self.pid = os.fork()
/src/Python-3.12.4/Lib/multiprocessing/popen_fork.py:66: DeprecationWarning: This process (pid=12024) is multi-threaded, use of fork() may lead to deadlocks in the child.
  self.pid = os.fork()
0:05:29 load avg: 2.51 [ 53/489] test.test_multiprocessing_fork.test_threads
0:05:44 load avg: 2.47 [ 54/489] test.test_multiprocessing_forkserver.test_manager
0:06:04 load avg: 2.82 [ 55/489] test.test_multiprocessing_forkserver.test_misc
0:06:27 load avg: 2.60 [ 56/489] test.test_multiprocessing_forkserver.test_processes
0:07:20 load avg: 3.43 [ 57/489] test.test_multiprocessing_forkserver.test_threads -- test.test_multiprocessing_forkserver.test_processes passed in 53.0 sec
0:07:35 load avg: 2.96 [ 58/489] test.test_multiprocessing_spawn.test_manager
0:07:57 load avg: 3.32 [ 59/489] test.test_multiprocessing_spawn.test_misc
0:08:27 load avg: 2.80 [ 60/489] test.test_multiprocessing_spawn.test_processes -- test.test_multiprocessing_spawn.test_misc passed in 30.4 sec
0:09:23 load avg: 3.09 [ 61/489] test.test_multiprocessing_spawn.test_threads -- test.test_multiprocessing_spawn.test_processes passed in 55.7 sec
0:09:38 load avg: 2.86 [ 62/489] test.test_pydoc.test_pydoc
0:09:43 load avg: 2.95 [ 63/489] test___all__
0:09:47 load avg: 3.03 [ 64/489] test__locale
0:09:48 load avg: 3.03 [ 65/489] test__opcode
0:09:48 load avg: 3.03 [ 66/489] test__osx_support
0:09:48 load avg: 3.03 [ 67/489] test__xxinterpchannels
0:09:49 load avg: 3.03 [ 68/489] test__xxsubinterpreters
0:09:51 load avg: 3.03 [ 69/489] test_abc
0:09:51 load avg: 3.03 [ 70/489] test_abstract_numbers
0:09:52 load avg: 3.11 [ 71/489] test_aifc
0:09:52 load avg: 3.11 [ 72/489] test_argparse
0:09:54 load avg: 3.11 [ 73/489] test_array
0:09:57 load avg: 3.18 [ 74/489] test_asdl_parser
0:09:58 load avg: 3.18 [ 75/489] test_ast
0:10:03 load avg: 3.33 [ 76/489] test_asyncgen
0:10:04 load avg: 3.33 [ 77/489] test_atexit
0:10:04 load avg: 3.33 [ 78/489] test_audioop
0:10:04 load avg: 3.33 [ 79/489] test_audit
0:10:07 load avg: 3.22 [ 80/489] test_augassign
0:10:07 load avg: 3.22 [ 81/489] test_base64
0:10:08 load avg: 3.22 [ 82/489] test_baseexception
0:10:08 load avg: 3.22 [ 83/489] test_bdb
0:10:08 load avg: 3.22 [ 84/489] test_bigaddrspace
0:10:09 load avg: 3.22 [ 85/489] test_bigmem
0:10:09 load avg: 3.22 [ 86/489] test_binascii
0:10:09 load avg: 3.22 [ 87/489] test_binop
0:10:09 load avg: 3.22 [ 88/489] test_bisect
0:10:10 load avg: 3.22 [ 89/489] test_bool
0:10:10 load avg: 3.22 [ 90/489] test_buffer
0:10:18 load avg: 3.03 [ 91/489] test_bufio
0:10:19 load avg: 3.03 [ 92/489] test_builtin
0:10:26 load avg: 3.03 [ 93/489] test_bytes
0:10:31 load avg: 3.03 [ 94/489] test_bz2
0:10:32 load avg: 3.03 [ 95/489] test_c_locale_coercion
0:10:35 load avg: 3.03 [ 96/489] test_calendar
0:10:38 load avg: 3.02 [ 97/489] test_call
0:10:39 load avg: 3.02 [ 98/489] test_capi
0:12:26 load avg: 3.18 [ 99/489] test_cgi -- test_capi passed in 1 min 46 sec
0:12:26 load avg: 3.18 [100/489] test_cgitb
0:12:26 load avg: 3.18 [101/489] test_charmapcodec
0:12:27 load avg: 3.18 [102/489] test_class
0:12:27 load avg: 3.16 [103/489] test_clinic
0:12:30 load avg: 3.16 [104/489] test_cmath
0:12:30 load avg: 3.16 [105/489] test_cmd
0:12:31 load avg: 3.16 [106/489] test_cmd_line
0:12:35 load avg: 3.15 [107/489] test_cmd_line_script
0:12:39 load avg: 3.14 [108/489] test_code
0:12:40 load avg: 3.14 [109/489] test_code_module
0:12:40 load avg: 3.14 [110/489] test_codeccallbacks
0:12:40 load avg: 3.14 [111/489] test_codecencodings_cn
0:12:41 load avg: 3.14 [112/489] test_codecencodings_hk
0:12:41 load avg: 3.14 [113/489] test_codecencodings_iso2022
0:12:42 load avg: 3.21 [114/489] test_codecencodings_jp
0:12:43 load avg: 3.21 [115/489] test_codecencodings_kr
0:12:43 load avg: 3.21 [116/489] test_codecencodings_tw
0:12:43 load avg: 3.21 [117/489] test_codecmaps_cn
0:12:47 load avg: 3.21 [118/489] test_codecmaps_hk
0:12:47 load avg: 3.19 [119/489] test_codecmaps_jp
0:12:51 load avg: 3.19 [120/489] test_codecmaps_kr
0:12:54 load avg: 3.66 [121/489] test_codecmaps_tw
0:12:56 load avg: 3.66 [122/489] test_codecs
0:12:58 load avg: 3.52 [123/489] test_codeop
0:12:58 load avg: 3.52 [124/489] test_collections
0:12:59 load avg: 3.52 [125/489] test_colorsys
0:12:59 load avg: 3.52 [126/489] test_compare
0:13:00 load avg: 3.52 [127/489] test_compile
0:13:06 load avg: 3.48 [128/489] test_compileall
0:13:33 load avg: 2.90 [129/489] test_compiler_assemble
0:13:33 load avg: 2.90 [130/489] test_compiler_codegen
0:13:34 load avg: 2.90 [131/489] test_complex
0:13:34 load avg: 2.90 [132/489] test_configparser
0:13:35 load avg: 2.90 [133/489] test_contains
0:13:36 load avg: 2.90 [134/489] test_context
0:13:38 load avg: 2.91 [135/489] test_contextlib
0:13:38 load avg: 2.91 [136/489] test_contextlib_async
0:13:39 load avg: 2.91 [137/489] test_copy
0:13:39 load avg: 2.91 [138/489] test_copyreg
0:13:40 load avg: 2.91 [139/489] test_coroutines
0:13:41 load avg: 2.91 [140/489] test_cppext
/src/Python-3.12.4/build/test_python_worker_12024/tempcwd/env/lib/python3.12/site-packages/pip/_internal/metadata/importlib/_envs.py:111: DeprecationWarning: pkg_resources is deprecated as an API. See https://setuptools.pypa.io/en/latest/pkg_resources.html
  from pip._vendor.pkg_resources import find_distributions
Processing /src/Python-3.12.4/Lib/test/wheeldata/setuptools-67.6.1-py3-none-any.whl
/src/Python-3.12.4/build/test_python_worker_12024/tempcwd/env/lib/python3.12/site-packages/pip/_internal/metadata/importlib/_dists.py:73: DeprecationWarning: Unimplemented abstract methods {'locate_file'}
  return cls(files, info_location)
Processing /src/Python-3.12.4/Lib/test/wheeldata/wheel-0.40.0-py3-none-any.whl
Installing collected packages: wheel, setuptools
/src/Python-3.12.4/build/test_python_worker_12024/tempcwd/env/lib/python3.12/site-packages/pip/_internal/metadata/importlib/_dists.py:73: DeprecationWarning: Unimplemented abstract methods {'locate_file'}
  return cls(files, info_location)
Successfully installed setuptools-67.6.1 wheel-0.40.0

[notice] A new release of pip is available: 24.0 -> 24.2
[notice] To update, run: /src/Python-3.12.4/build/test_python_worker_12024/tempcwd/env/bin/python -m pip install --upgrade pip
/src/Python-3.12.4/build/test_python_worker_12024/tempcwd/env/lib/python3.12/site-packages/pip/_internal/metadata/importlib/_envs.py:111: DeprecationWarning: pkg_resources is deprecated as an API. See https://setuptools.pypa.io/en/latest/pkg_resources.html
  from pip._vendor.pkg_resources import find_distributions
Processing /src/Python-3.12.4/Lib/test/wheeldata/setuptools-67.6.1-py3-none-any.whl
/src/Python-3.12.4/build/test_python_worker_12024/tempcwd/env/lib/python3.12/site-packages/pip/_internal/metadata/importlib/_dists.py:73: DeprecationWarning: Unimplemented abstract methods {'locate_file'}
  return cls(files, info_location)
Processing /src/Python-3.12.4/Lib/test/wheeldata/wheel-0.40.0-py3-none-any.whl
Installing collected packages: wheel, setuptools
/src/Python-3.12.4/build/test_python_worker_12024/tempcwd/env/lib/python3.12/site-packages/pip/_internal/metadata/importlib/_dists.py:73: DeprecationWarning: Unimplemented abstract methods {'locate_file'}
  return cls(files, info_location)
Successfully installed setuptools-67.6.1 wheel-0.40.0

[notice] A new release of pip is available: 24.0 -> 24.2
[notice] To update, run: /src/Python-3.12.4/build/test_python_worker_12024/tempcwd/env/bin/python -m pip install --upgrade pip
0:14:05 load avg: 2.78 [141/489] test_cprofile
0:14:06 load avg: 2.78 [142/489] test_crashers
0:14:07 load avg: 2.78 [143/489] test_crypt
0:14:08 load avg: 2.72 [144/489] test_csv
0:14:11 load avg: 2.72 [145/489] test_ctypes
test test_ctypes failed -- Traceback (most recent call last):
  File "/src/Python-3.12.4/Lib/test/test_ctypes/test_find.py", line 123, in test_find_library_with_ld
    self.assertNotEqual(find_library('c'), None)
AssertionError: None == None

0:14:13 load avg: 2.66 [146/489/1] test_curses -- test_ctypes failed (1 failure)
test_curses skipped -- No module named '_curses'
0:14:14 load avg: 2.66 [147/489/1] test_dataclasses -- test_curses skipped
0:14:14 load avg: 2.66 [148/489/1] test_datetime
0:14:19 load avg: 2.61 [149/489/1] test_dbm
0:14:19 load avg: 2.61 [150/489/1] test_dbm_dumb
0:14:20 load avg: 2.61 [151/489/1] test_dbm_gnu
test_dbm_gnu skipped -- No module named '_gdbm'
0:14:20 load avg: 2.61 [152/489/1] test_dbm_ndbm -- test_dbm_gnu skipped
test_dbm_ndbm skipped -- No module named '_dbm'
0:14:20 load avg: 2.61 [153/489/1] test_decimal -- test_dbm_ndbm skipped
0:14:32 load avg: 2.55 [154/489/1] test_decorators
0:14:32 load avg: 2.55 [155/489/1] test_defaultdict
0:14:32 load avg: 2.55 [156/489/1] test_deque
0:14:36 load avg: 2.55 [157/489/1] test_descr
0:14:44 load avg: 2.47 [158/489/1] test_descrtut
0:14:44 load avg: 2.47 [159/489/1] test_devpoll
test_devpoll skipped -- test works only on Solaris OS family
0:14:45 load avg: 2.47 [160/489/1] test_dict -- test_devpoll skipped
0:14:47 load avg: 2.43 [161/489/1] test_dict_version
0:14:48 load avg: 2.43 [162/489/1] test_dictcomps
0:14:48 load avg: 2.43 [163/489/1] test_dictviews
0:14:48 load avg: 2.43 [164/489/1] test_difflib
0:14:50 load avg: 2.43 [165/489/1] test_dis
0:14:51 load avg: 2.43 [166/489/1] test_doctest
<frozen importlib._bootstrap>:918: ImportWarning: TestImporter.exec_module() not found; falling back to load_module()
0:14:54 load avg: 2.47 [167/489/1] test_docxmlrpc
0:14:58 load avg: 2.36 [168/489/1] test_dtrace
0:14:59 load avg: 2.36 [169/489/1] test_dynamic
0:14:59 load avg: 2.36 [170/489/1] test_dynamicclassattribute
0:14:59 load avg: 2.36 [171/489/1] test_eintr
0:15:07 load avg: 2.29 [172/489/1] test_email
0:15:14 load avg: 2.11 [173/489/1] test_embed
0:15:21 load avg: 2.02 [174/489/1] test_ensurepip
0:15:22 load avg: 2.02 [175/489/1] test_enum
0:15:24 load avg: 1.94 [176/489/1] test_enumerate
0:15:25 load avg: 1.94 [177/489/1] test_eof
0:15:25 load avg: 1.94 [178/489/1] test_epoll
0:15:25 load avg: 1.94 [179/489/1] test_errno
0:15:26 load avg: 1.94 [180/489/1] test_except_star
0:15:26 load avg: 1.94 [181/489/1] test_exception_group
0:15:26 load avg: 1.94 [182/489/1] test_exception_hierarchy
0:15:26 load avg: 1.94 [183/489/1] test_exception_variations
0:15:27 load avg: 1.94 [184/489/1] test_exceptions
0:15:36 load avg: 1.94 [185/489/1] test_extcall
0:15:37 load avg: 1.94 [186/489/1] test_faulthandler
0:15:56 load avg: 1.53 [187/489/1] test_fcntl
0:15:56 load avg: 1.53 [188/489/1] test_file
0:15:57 load avg: 1.53 [189/489/1] test_file_eintr
0:15:59 load avg: 1.57 [190/489/1] test_filecmp
0:15:59 load avg: 1.57 [191/489/1] test_fileinput
0:15:59 load avg: 1.57 [192/489/1] test_fileio
0:16:00 load avg: 1.57 [193/489/1] test_fileutils
0:16:00 load avg: 1.57 [194/489/1] test_finalization
0:16:02 load avg: 1.60 [195/489/1] test_float
0:16:03 load avg: 1.60 [196/489/1] test_flufl
0:16:03 load avg: 1.60 [197/489/1] test_fnmatch
0:16:04 load avg: 1.60 [198/489/1] test_fork1
0:16:09 load avg: 1.56 [199/489/1] test_format
0:16:09 load avg: 1.56 [200/489/1] test_fractions
0:16:10 load avg: 1.56 [201/489/1] test_frame
0:16:10 load avg: 1.56 [202/489/1] test_frozen
0:16:10 load avg: 1.56 [203/489/1] test_fstring
0:16:13 load avg: 1.51 [204/489/1] test_ftplib
0:16:20 load avg: 1.39 [205/489/1] test_funcattrs
0:16:20 load avg: 1.39 [206/489/1] test_functools
0:16:21 load avg: 1.39 [207/489/1] test_gc
0:16:27 load avg: 1.36 [208/489/1] test_generator_stop
0:16:27 load avg: 1.36 [209/489/1] test_generators
0:16:28 load avg: 1.33 [210/489/1] test_genericalias
0:16:28 load avg: 1.33 [211/489/1] test_genericclass
0:16:28 load avg: 1.33 [212/489/1] test_genericpath
0:16:29 load avg: 1.33 [213/489/1] test_genexps
0:16:29 load avg: 1.33 [214/489/1] test_getopt
0:16:29 load avg: 1.33 [215/489/1] test_getpass
0:16:29 load avg: 1.33 [216/489/1] test_getpath
0:16:30 load avg: 1.33 [217/489/1] test_gettext
0:16:30 load avg: 1.33 [218/489/1] test_glob
0:16:31 load avg: 1.33 [219/489/1] test_global
0:16:31 load avg: 1.33 [220/489/1] test_grammar
0:16:31 load avg: 1.33 [221/489/1] test_graphlib
0:16:32 load avg: 1.33 [222/489/1] test_grp
0:16:32 load avg: 1.30 [223/489/1] test_gzip
0:16:33 load avg: 1.30 [224/489/1] test_hash
0:16:34 load avg: 1.30 [225/489/1] test_hashlib
0:17:08 load avg: 1.22 [226/489/1] test_heapq -- test_hashlib passed in 34.5 sec
0:17:10 load avg: 1.22 [227/489/1] test_hmac
0:17:10 load avg: 1.22 [228/489/1] test_html
0:17:10 load avg: 1.22 [229/489/1] test_htmlparser
0:17:10 load avg: 1.22 [230/489/1] test_http_cookiejar
0:17:11 load avg: 1.22 [231/489/1] test_http_cookies
0:17:12 load avg: 1.22 [232/489/1] test_httplib
0:17:14 load avg: 1.44 [233/489/1] test_httpservers
0:17:15 load avg: 1.44 [234/489/1] test_idle
0:17:16 load avg: 1.44 [235/489/1] test_imaplib
0:17:27 load avg: 1.22 [236/489/1] test_imghdr
0:17:27 load avg: 1.20 [237/489/1] test_import
0:17:30 load avg: 1.20 [238/489/1] test_importlib
0:17:37 load avg: 1.19 [239/489/1] test_index
0:17:37 load avg: 1.17 [240/489/1] test_int
0:17:39 load avg: 1.17 [241/489/1] test_int_literal
0:17:40 load avg: 1.17 [242/489/1] test_interpreters
0:17:44 load avg: 1.16 [243/489/1] test_io
0:18:30 load avg: 1.05 [244/489/1] test_ioctl -- test_io passed in 45.3 sec
test_ioctl skipped -- Unable to open /dev/tty
0:18:30 load avg: 1.05 [245/489/1] test_ipaddress -- test_ioctl skipped
0:18:31 load avg: 1.05 [246/489/1] test_isinstance
0:18:31 load avg: 1.05 [247/489/1] test_iter
0:18:31 load avg: 1.05 [248/489/1] test_iterlen
0:18:32 load avg: 1.05 [249/489/1] test_itertools
0:18:40 load avg: 1.04 [250/489/1] test_json
0:19:47 load avg: 1.42 [251/489/1] test_keyword -- test_json passed in 1 min 7 sec
0:19:47 load avg: 1.42 [252/489/1] test_keywordonlyarg
0:19:47 load avg: 1.79 [253/489/1] test_kqueue
test_kqueue skipped -- test works only on BSD
0:19:48 load avg: 1.79 [254/489/1] test_largefile -- test_kqueue skipped
0:19:58 load avg: 1.89 [255/489/1] test_launcher
test_launcher skipped -- test only applies to Windows
0:19:58 load avg: 1.89 [256/489/1] test_lib2to3 -- test_launcher skipped
0:20:40 load avg: 2.25 [257/489/1] test_linecache -- test_lib2to3 passed in 41.6 sec
0:20:40 load avg: 2.25 [258/489/1] test_list
0:20:41 load avg: 2.25 [259/489/1] test_listcomps
0:20:42 load avg: 2.25 [260/489/1] test_lltrace
0:20:42 load avg: 2.23 [261/489/1] test_locale
0:20:43 load avg: 2.23 [262/489/1] test_logging
0:21:11 load avg: 1.99 [263/489/1] test_long
0:21:14 load avg: 1.99 [264/489/1] test_longexp
0:21:15 load avg: 1.99 [265/489/1] test_lzma
0:21:22 load avg: 1.99 [266/489/1] test_mailbox
0:21:24 load avg: 2.07 [267/489/1] test_mailcap
0:21:25 load avg: 2.07 [268/489/1] test_marshal
0:21:26 load avg: 2.07 [269/489/1] test_math
0:22:49 load avg: 2.14 [270/489/1] test_math_property -- test_math passed in 1 min 23 sec
0:22:49 load avg: 2.14 [271/489/1] test_memoryio
0:22:50 load avg: 2.14 [272/489/1] test_memoryview
0:22:52 load avg: 2.14 [273/489/1] test_metaclass
0:22:53 load avg: 2.13 [274/489/1] test_mimetypes
0:22:53 load avg: 2.13 [275/489/1] test_minidom
0:22:53 load avg: 2.13 [276/489/1] test_mmap
0:22:54 load avg: 2.13 [277/489/1] test_module
0:22:55 load avg: 2.13 [278/489/1] test_modulefinder
0:22:56 load avg: 2.13 [279/489/1] test_monitoring
0:22:56 load avg: 2.13 [280/489/1] test_msilib
test_msilib skipped -- No module named '_msi'
0:22:57 load avg: 2.13 [281/489/1] test_multibytecodec -- test_msilib skipped
0:22:59 load avg: 2.12 [282/489/1] test_multiprocessing_main_handling
0:23:11 load avg: 1.95 [283/489/1] test_named_expressions
0:23:12 load avg: 1.95 [284/489/1] test_netrc
0:23:12 load avg: 1.95 [285/489/1] test_nis
test_nis skipped -- No module named 'nis'
0:23:12 load avg: 1.95 [286/489/1] test_nntplib -- test_nis skipped
Resource 'nntp.aioe.org' is not available
0:23:16 load avg: 1.87 [287/489/1] test_ntpath
0:23:17 load avg: 1.87 [288/489/1] test_numeric_tower
0:23:17 load avg: 1.80 [289/489/1] test_opcache
0:23:18 load avg: 1.80 [290/489/1] test_opcodes
0:23:18 load avg: 1.80 [291/489/1] test_openpty
0:23:19 load avg: 1.80 [292/489/1] test_operator
0:23:19 load avg: 1.80 [293/489/1] test_optparse
0:23:19 load avg: 1.80 [294/489/1] test_ordered_dict
0:23:24 load avg: 1.74 [295/489/1] test_os
0:23:27 load avg: 1.76 [296/489/1] test_ossaudiodev
0:23:28 load avg: 1.76 [297/489/1] test_osx_env
0:23:28 load avg: 1.76 [298/489/1] test_pathlib
0:23:31 load avg: 1.76 [299/489/1] test_patma
0:23:31 load avg: 1.76 [300/489/1] test_pdb
0:23:36 load avg: 1.70 [301/489/1] test_peepholer
0:23:38 load avg: 1.72 [302/489/1] test_peg_generator
/src/Python-3.12.4/build/test_python_worker_12024/tempcwd/venv/lib/python3.12/site-packages/pip/_internal/metadata/importlib/_envs.py:111: DeprecationWarning: pkg_resources is deprecated as an API. See https://setuptools.pypa.io/en/latest/pkg_resources.html
  from pip._vendor.pkg_resources import find_distributions
Processing /src/Python-3.12.4/Lib/test/wheeldata/setuptools-67.6.1-py3-none-any.whl
/src/Python-3.12.4/build/test_python_worker_12024/tempcwd/venv/lib/python3.12/site-packages/pip/_internal/metadata/importlib/_dists.py:73: DeprecationWarning: Unimplemented abstract methods {'locate_file'}
  return cls(files, info_location)
Processing /src/Python-3.12.4/Lib/test/wheeldata/wheel-0.40.0-py3-none-any.whl
Installing collected packages: wheel, setuptools
/src/Python-3.12.4/build/test_python_worker_12024/tempcwd/venv/lib/python3.12/site-packages/pip/_internal/metadata/importlib/_dists.py:73: DeprecationWarning: Unimplemented abstract methods {'locate_file'}
  return cls(files, info_location)
Successfully installed setuptools-67.6.1 wheel-0.40.0

[notice] A new release of pip is available: 24.0 -> 24.2
[notice] To update, run: /src/Python-3.12.4/build/test_python_worker_12024/tempcwd/venv/bin/python -m pip install --upgrade pip
0:23:58 load avg: 1.80 [303/489/1] test_pep646_syntax
0:23:59 load avg: 1.80 [304/489/1] test_perf_profiler
0:23:59 load avg: 1.80 [305/489/1] test_perfmaps
0:24:00 load avg: 1.80 [306/489/1] test_pickle
0:24:20 load avg: 1.86 [307/489/1] test_picklebuffer
0:24:20 load avg: 1.86 [308/489/1] test_pickletools
0:24:24 load avg: 1.79 [309/489/1] test_pipes
0:24:24 load avg: 1.79 [310/489/1] test_pkg
0:24:25 load avg: 1.79 [311/489/1] test_pkgutil
0:24:25 load avg: 1.79 [312/489/1] test_platform
0:24:26 load avg: 1.79 [313/489/1] test_plistlib
0:24:27 load avg: 1.79 [314/489/1] test_poll
0:24:38 load avg: 1.39 [315/489/1] test_popen
0:24:39 load avg: 1.39 [316/489/1] test_poplib
0:24:45 load avg: 1.28 [317/489/1] test_positional_only_arg
0:24:46 load avg: 1.28 [318/489/1] test_posix
0:24:48 load avg: 1.26 [319/489/1] test_posixpath
0:24:48 load avg: 1.26 [320/489/1] test_pow
0:24:50 load avg: 1.26 [321/489/1] test_pprint
0:24:51 load avg: 1.26 [322/489/1] test_print
0:24:51 load avg: 1.26 [323/489/1] test_profile
0:24:52 load avg: 1.26 [324/489/1] test_property
0:24:52 load avg: 1.24 [325/489/1] test_pstats
0:24:53 load avg: 1.24 [326/489/1] test_pty
0:24:54 load avg: 1.24 [327/489/1] test_pulldom
0:24:54 load avg: 1.24 [328/489/1] test_pwd
0:24:54 load avg: 1.24 [329/489/1] test_py_compile
0:24:55 load avg: 1.24 [330/489/1] test_pyclbr
0:24:58 load avg: 1.38 [331/489/1] test_pyexpat
0:24:58 load avg: 1.38 [332/489/1] test_queue
0:25:12 load avg: 1.24 [333/489/1] test_quopri
0:25:13 load avg: 1.22 [334/489/1] test_raise
0:25:13 load avg: 1.22 [335/489/1] test_random
0:25:15 load avg: 1.22 [336/489/1] test_range
0:25:16 load avg: 1.22 [337/489/1] test_re
0:25:18 load avg: 1.28 [338/489/1] test_readline
test_readline skipped -- No module named 'readline'
0:25:18 load avg: 1.28 [339/489/1] test_regrtest -- test_readline skipped
0:25:47 load avg: 1.46 [340/489/1] test_repl
0:25:48 load avg: 1.46 [341/489/1] test_reprlib
0:25:49 load avg: 1.46 [342/489/1] test_resource
0:25:49 load avg: 1.46 [343/489/1] test_richcmp
0:25:50 load avg: 1.46 [344/489/1] test_rlcompleter
0:25:50 load avg: 1.46 [345/489/1] test_robotparser
0:25:51 load avg: 1.46 [346/489/1] test_runpy
0:25:53 load avg: 1.50 [347/489/1] test_sax
0:25:55 load avg: 1.50 [348/489/1] test_sched
0:25:56 load avg: 1.50 [349/489/1] test_scope
0:25:57 load avg: 1.50 [350/489/1] test_script_helper
0:25:57 load avg: 1.54 [351/489/1] test_secrets
0:25:58 load avg: 1.54 [352/489/1] test_select
0:26:00 load avg: 1.54 [353/489/1] test_selectors
0:26:23 load avg: 1.48 [354/489/1] test_set
0:26:30 load avg: 1.53 [355/489/1] test_setcomps
0:26:31 load avg: 1.53 [356/489/1] test_shelve
0:26:31 load avg: 1.53 [357/489/1] test_shlex
0:26:32 load avg: 1.53 [358/489/1] test_shutil
0:26:34 load avg: 1.64 [359/489/1] test_signal
0:27:03 load avg: 1.33 [360/489/1] test_site
0:27:05 load avg: 1.33 [361/489/1] test_slice
0:27:05 load avg: 1.33 [362/489/1] test_smtplib
0:27:07 load avg: 1.33 [363/489/1] test_smtpnet
0:27:08 load avg: 1.30 [364/489/1] test_sndhdr
0:27:09 load avg: 1.30 [365/489/1] test_socket
0:28:41 load avg: 1.60 [366/489/1] test_socketserver -- test_socket passed in 1 min 32 sec
/src/Python-3.12.4/Lib/socketserver.py:612: DeprecationWarning: This process (pid=12024) is multi-threaded, use of fork() may lead to deadlocks in the child.
  pid = os.fork()
0:28:42 load avg: 1.60 [367/489/1] test_sort
0:28:42 load avg: 1.64 [368/489/1] test_source_encoding
0:28:57 load avg: 1.77 [369/489/1] test_spwd
0:28:57 load avg: 1.77 [370/489/1] test_sqlite3
test_sqlite3 skipped -- No module named '_sqlite3'
0:28:57 load avg: 1.77 [371/489/1] test_ssl -- test_sqlite3 skipped
0:29:12 load avg: 1.55 [372/489/1] test_stable_abi_ctypes
0:29:13 load avg: 1.55 [373/489/1] test_startfile
test_startfile skipped -- object <module 'os' from '/src/Python-3.12.4/Lib/os.py'> has no attribute 'startfile'
0:29:13 load avg: 1.55 [374/489/1] test_stat -- test_startfile skipped
0:29:14 load avg: 1.55 [375/489/1] test_statistics
0:29:25 load avg: 1.62 [376/489/1] test_strftime
0:29:26 load avg: 1.62 [377/489/1] test_string
0:29:26 load avg: 1.62 [378/489/1] test_string_literals
0:29:27 load avg: 1.62 [379/489/1] test_stringprep
0:29:28 load avg: 1.57 [380/489/1] test_strptime
0:29:28 load avg: 1.57 [381/489/1] test_strtod
0:29:30 load avg: 1.57 [382/489/1] test_struct
0:29:31 load avg: 1.57 [383/489/1] test_structseq
0:29:31 load avg: 1.57 [384/489/1] test_subclassinit
0:29:32 load avg: 1.57 [385/489/1] test_subprocess
0:30:41 load avg: 1.59 [386/489/1] test_sunau -- test_subprocess passed in 1 min 8 sec
0:30:41 load avg: 1.59 [387/489/1] test_sundry
0:30:41 load avg: 1.59 [388/489/1] test_super
0:30:42 load avg: 1.59 [389/489/1] test_support
0:30:47 load avg: 1.70 [390/489/1] test_symtable
0:30:48 load avg: 1.72 [391/489/1] test_syntax
0:30:48 load avg: 1.72 [392/489/1] test_sys
------------------------
0:30:50 load avg: 1.72 [393/489/1] test_sys_setprofile
0:30:51 load avg: 1.72 [394/489/1] test_sys_settrace
0:30:55 load avg: 1.99 [395/489/1] test_sysconfig
0:30:56 load avg: 1.99 [396/489/1] test_syslog
0:30:56 load avg: 1.99 [397/489/1] test_tabnanny
0:30:57 load avg: 1.99 [398/489/1] test_tarfile
0:31:27 load avg: 1.87 [399/489/1] test_tcl
0:31:27 load avg: 1.87 [400/489/1] test_telnetlib
0:31:28 load avg: 1.88 [401/489/1] test_tempfile
0:31:30 load avg: 1.88 [402/489/1] test_termios
0:31:31 load avg: 1.88 [403/489/1] test_textwrap
0:31:32 load avg: 1.88 [404/489/1] test_thread
0:31:36 load avg: 1.89 [405/489/1] test_threadedtempfile
0:31:37 load avg: 1.89 [406/489/1] test_threading
0:32:04 load avg: 1.80 [407/489/1] test_threading_local
0:32:08 load avg: 1.90 [408/489/1] test_threadsignals
0:32:14 load avg: 1.74 [409/489/1] test_time
0:32:16 load avg: 1.74 [410/489/1] test_timeit
0:32:17 load avg: 1.74 [411/489/1] test_timeout
0:32:26 load avg: 1.48 [412/489/1] test_tix
test_tix skipped -- Tk unavailable due to TclError: no display name and no $DISPLAY environment variab [...]
0:32:27 load avg: 1.48 [413/489/1] test_tkinter -- test_tix skipped (resource denied)
test_tkinter skipped -- Tk unavailable due to TclError: no display name and no $DISPLAY environment variab [...]
0:32:27 load avg: 1.48 [414/489/1] test_tokenize -- test_tkinter skipped (resource denied)
0:33:21 load avg: 1.61 [415/489/1] test_tomllib -- test_tokenize passed in 54.4 sec
0:33:22 load avg: 1.61 [416/489/1] test_tools

cwd: /src/Python-3.12.4/build/test_python_worker_12024
creating the script to be frozen at /tmp/tmpi4i5qx1g/app.py
copying the source tree from /src/Python-3.12.4 to /tmp/tmpi4i5qx1g/cpython...
+ cd /tmp/tmpi4i5qx1g/cpython
+ /usr/bin/make distclean
configuring python in /tmp/tmpi4i5qx1g/python-build...
+ cd /tmp/tmpi4i5qx1g/python-build
+ /tmp/tmpi4i5qx1g/cpython/configure --with-assertions --with-pydebug CC=clang --cache-file /tmp/tmpi4i5qx1g/python-config.cache --prefix /tmp/tmpi4i5qx1g/python-installation
building python parallel='-j10' in /tmp/tmpi4i5qx1g/python-build...
+ cd /tmp/tmpi4i5qx1g/python-build
+ /usr/bin/make -j10
installing python into /tmp/tmpi4i5qx1g/python-installation...
+ cd /tmp/tmpi4i5qx1g/python-build
+ /usr/bin/make install
freezing /tmp/tmpi4i5qx1g/app.py...
+ cd /tmp/tmpi4i5qx1g
+ /tmp/tmpi4i5qx1g/python-installation/bin/python3 -E /src/Python-3.12.4/Tools/freeze/freeze.py -o /tmp/tmpi4i5qx1g /tmp/tmpi4i5qx1g/app.py
+ cd /tmp/tmpi4i5qx1g
+ /usr/bin/make
+ /tmp/tmpi4i5qx1g/app
0:35:23 load avg: 3.47 [417/489/1] test_trace -- test_tools passed in 2 min
0:35:31 load avg: 3.35 [418/489/1] test_traceback
0:35:39 load avg: 3.87 [419/489/1] test_tracemalloc
0:35:43 load avg: 3.87 [420/489/1] test_ttk
test_ttk skipped -- Tk unavailable due to TclError: no display name and no $DISPLAY environment variab [...]
0:35:43 load avg: 4.44 [421/489/1] test_ttk_textonly -- test_ttk skipped (resource denied)
0:35:45 load avg: 4.44 [422/489/1] test_tty
0:35:46 load avg: 4.44 [423/489/1] test_tuple
0:36:02 load avg: 4.58 [424/489/1] test_turtle
0:36:02 load avg: 4.58 [425/489/1] test_type_aliases
0:36:03 load avg: 4.37 [426/489/1] test_type_annotations
0:36:03 load avg: 4.37 [427/489/1] test_type_cache
0:36:05 load avg: 4.37 [428/489/1] test_type_comments
0:36:05 load avg: 4.37 [429/489/1] test_type_params
0:36:06 load avg: 4.37 [430/489/1] test_typechecks
0:36:06 load avg: 4.37 [431/489/1] test_types
0:36:07 load avg: 4.37 [432/489/1] test_typing
0:36:08 load avg: 4.18 [433/489/1] test_ucn
0:36:09 load avg: 4.18 [434/489/1] test_unary
0:36:09 load avg: 4.18 [435/489/1] test_unicode
0:36:15 load avg: 4.01 [436/489/1] test_unicode_file
0:36:16 load avg: 4.01 [437/489/1] test_unicode_file_functions
0:36:16 load avg: 4.01 [438/489/1] test_unicode_identifiers
0:36:17 load avg: 4.01 [439/489/1] test_unicodedata
0:36:43 load avg: 3.16 [440/489/1] test_unittest
0:36:54 load avg: 3.06 [441/489/1] test_univnewlines
0:36:55 load avg: 3.06 [442/489/1] test_unpack
0:36:56 load avg: 3.06 [443/489/1] test_unpack_ex
0:36:56 load avg: 3.06 [444/489/1] test_unparse
0:37:37 load avg: 2.54 [445/489/1] test_urllib -- test_unparse passed in 40.8 sec
0:37:38 load avg: 2.50 [446/489/1] test_urllib2
0:37:39 load avg: 2.50 [447/489/1] test_urllib2_localnet
0:37:41 load avg: 2.50 [448/489/1] test_urllib2net
0:37:59 load avg: 1.93 [449/489/1] test_urllib_response
0:38:00 load avg: 1.93 [450/489/1] test_urllibnet
0:38:03 load avg: 1.86 [451/489/1] test_urlparse
0:38:04 load avg: 1.86 [452/489/1] test_userdict
0:38:05 load avg: 1.86 [453/489/1] test_userlist
0:38:06 load avg: 1.86 [454/489/1] test_userstring
0:38:09 load avg: 1.87 [455/489/1] test_utf8_mode
0:38:10 load avg: 1.87 [456/489/1] test_utf8source
0:38:11 load avg: 1.87 [457/489/1] test_uu
0:38:11 load avg: 1.87 [458/489/1] test_uuid
0:38:12 load avg: 1.87 [459/489/1] test_venv
Could not find platform dependent libraries <exec_prefix>
0:38:34 load avg: 1.91 [460/489/1] test_wait3
0:38:40 load avg: 1.83 [461/489/1] test_wait4
0:38:45 load avg: 1.77 [462/489/1] test_warnings
0:38:47 load avg: 1.77 [463/489/1] test_wave
0:38:48 load avg: 1.77 [464/489/1] test_weakref
0:39:18 load avg: 1.53 [465/489/1] test_weakset -- test_weakref passed in 30.2 sec
0:39:20 load avg: 1.53 [466/489/1] test_webbrowser
0:39:20 load avg: 1.53 [467/489/1] test_winapi
test_winapi skipped -- No module named '_winapi'
0:39:21 load avg: 1.53 [468/489/1] test_winconsoleio -- test_winapi skipped
test_winconsoleio skipped -- test only relevant on win32
0:39:21 load avg: 1.53 [469/489/1] test_winreg -- test_winconsoleio skipped
test_winreg skipped -- No module named 'winreg'
0:39:21 load avg: 1.53 [470/489/1] test_winsound -- test_winreg skipped
test_winsound skipped -- No module named 'winsound'
0:39:22 load avg: 1.53 [471/489/1] test_with -- test_winsound skipped
0:39:22 load avg: 1.53 [472/489/1] test_wmi
test_wmi skipped -- No module named '_wmi'
0:39:23 load avg: 1.53 [473/489/1] test_wsgiref -- test_wmi skipped
0:39:23 load avg: 1.49 [474/489/1] test_xdrlib
0:39:24 load avg: 1.49 [475/489/1] test_xml_dom_minicompat
0:39:24 load avg: 1.49 [476/489/1] test_xml_etree
0:39:27 load avg: 1.49 [477/489/1] test_xml_etree_c
0:39:31 load avg: 1.53 [478/489/1] test_xmlrpc
0:39:59 load avg: 1.21 [479/489/1] test_xmlrpc_net
0:40:00 load avg: 1.21 [480/489/1] test_xxlimited
0:40:00 load avg: 1.21 [481/489/1] test_xxtestfuzz
/src/Python-3.12.4/Lib/re/__init__.py:302: DeprecationWarning: The re.TEMPLATE/re.T flag is deprecated as it is an undocumented flag without an obvious purpose. Don't use it.
  warnings.warn("The re.TEMPLATE/re.T flag is deprecated "
0:40:01 load avg: 1.21 [482/489/1] test_yield_from
0:40:02 load avg: 1.21 [483/489/1] test_zipapp
0:40:02 load avg: 1.21 [484/489/1] test_zipfile
0:40:27 load avg: 1.48 [485/489/1] test_zipfile64
test_zipfile64 skipped -- test requires loads of disk-space bytes and a long time to run
0:40:27 load avg: 1.48 [486/489/1] test_zipimport -- test_zipfile64 skipped (resource denied)
0:40:28 load avg: 1.48 [487/489/1] test_zipimport_support
0:40:29 load avg: 1.52 [488/489/1] test_zlib
0:40:31 load avg: 1.52 [489/489/1] test_zoneinfo

== Tests result: FAILURE ==

19 tests skipped:
    test.test_asyncio.test_windows_events
    test.test_asyncio.test_windows_utils test_curses test_dbm_gnu
    test_dbm_ndbm test_devpoll test_ioctl test_kqueue test_launcher
    test_msilib test_nis test_readline test_sqlite3 test_startfile
    test_winapi test_winconsoleio test_winreg test_winsound test_wmi

4 tests skipped (resource denied):
    test_tix test_tkinter test_ttk test_zipfile64

1 test failed:
    test_ctypes

465 tests OK.

Total duration: 40 min 32 sec
Total tests: run=41,571 failures=1 skipped=1,437
Total test files: run=485/489 failed=1 skipped=19 resource_denied=4
Result: FAILURE
